 ******* Program HYDRUS
 ******* 
 Welcome to HYDRUS-1D                                                    
 Date:  24.12.2021    Time:  14: 7:36
 Units: L = cm   , T = hours, M = mmol 
 
 CosAlf,MaxIt,TolTh,  TolH
 1.000   10   0.001 1.00000
 
 TopInF,BotInF,AtmBC,SinkF,WLayer,qGWLF,FreeD,SeepF,lWat,lChem,lTemp,lRoot,lWDep
     T     F     T     F     F     F     F     F     T     F     F     F     F

Nodal point information

node      x         hOld    MatN LayN  Beta      Ah       AK      ATh     Temp    Conc(1...NS)         Sorb(1...NS)

   1      0.000  -1000.000    2    2   0.000    1.000    1.000    1.000
   2     -0.020  -1000.000    2    2   0.000    1.000    1.000    1.000
   3     -0.040  -1000.000    2    2   0.000    1.000    1.000    1.000
   4     -0.060  -1000.000    2    2   0.000    1.000    1.000    1.000
   5     -0.080  -1000.000    2    2   0.000    1.000    1.000    1.000
   6     -0.100  -1000.000    2    2   0.000    1.000    1.000    1.000
   7     -0.120  -1000.000    2    2   0.000    1.000    1.000    1.000
   8     -0.140  -1000.000    2    2   0.000    1.000    1.000    1.000
   9     -0.160  -1000.000    2    2   0.000    1.000    1.000    1.000
  10     -0.180  -1000.000    2    2   0.000    1.000    1.000    1.000
  11     -0.200  -1000.000    2    2   0.000    1.000    1.000    1.000
  12     -0.220  -1000.000    2    2   0.000    1.000    1.000    1.000
  13     -0.240  -1000.000    2    2   0.000    1.000    1.000    1.000
  14     -0.260  -1000.000    2    2   0.000    1.000    1.000    1.000
  15     -0.280  -1000.000    2    2   0.000    1.000    1.000    1.000
  16     -0.300  -1000.000    2    2   0.000    1.000    1.000    1.000
  17     -0.320  -1000.000    2    2   0.000    1.000    1.000    1.000
  18     -0.340  -1000.000    2    2   0.000    1.000    1.000    1.000
  19     -0.360  -1000.000    2    2   0.000    1.000    1.000    1.000
  20     -0.380  -1000.000    2    2   0.000    1.000    1.000    1.000
  21     -0.400  -1000.000    2    2   0.000    1.000    1.000    1.000
  22     -0.420  -1000.000    2    2   0.000    1.000    1.000    1.000
  23     -0.440  -1000.000    2    2   0.000    1.000    1.000    1.000
  24     -0.460  -1000.000    2    2   0.000    1.000    1.000    1.000
  25     -0.480  -1000.000    2    2   0.000    1.000    1.000    1.000
  26     -0.500  -1000.000    2    2   0.000    1.000    1.000    1.000
  27     -0.520  -1000.000    2    2   0.000    1.000    1.000    1.000
  28     -0.540  -1000.000    2    2   0.000    1.000    1.000    1.000
  29     -0.560  -1000.000    2    2   0.000    1.000    1.000    1.000
  30     -0.580  -1000.000    2    2   0.000    1.000    1.000    1.000
  31     -0.600  -1000.000    2    2   0.000    1.000    1.000    1.000
  32     -0.620  -1000.000    2    2   0.000    1.000    1.000    1.000
  33     -0.640  -1000.000    2    2   0.000    1.000    1.000    1.000
  34     -0.660  -1000.000    2    2   0.000    1.000    1.000    1.000
  35     -0.680  -1000.000    2    2   0.000    1.000    1.000    1.000
  36     -0.700  -1000.000    2    2   0.000    1.000    1.000    1.000
  37     -0.720  -1000.000    2    2   0.000    1.000    1.000    1.000
  38     -0.740  -1000.000    2    2   0.000    1.000    1.000    1.000
  39     -0.760  -1000.000    2    2   0.000    1.000    1.000    1.000
  40     -0.780  -1000.000    2    2   0.000    1.000    1.000    1.000
  41     -0.800  -1000.000    2    2   0.000    1.000    1.000    1.000
  42     -0.820  -1000.000    2    2   0.000    1.000    1.000    1.000
  43     -0.840  -1000.000    2    2   0.000    1.000    1.000    1.000
  44     -0.860  -1000.000    2    2   0.000    1.000    1.000    1.000
  45     -0.880  -1000.000    2    2   0.000    1.000    1.000    1.000
  46     -0.900  -1000.000    2    2   0.000    1.000    1.000    1.000
  47     -0.920  -1000.000    2    2   0.000    1.000    1.000    1.000
  48     -0.940  -1000.000    2    2   0.000    1.000    1.000    1.000
  49     -0.960  -1000.000    2    2   0.000    1.000    1.000    1.000
  50     -0.980  -1000.000    2    2   0.000    1.000    1.000    1.000
  51     -1.000  -1000.000    2    2   0.000    1.000    1.000    1.000
  52     -1.020  -1000.000    2    2   0.000    1.000    1.000    1.000
  53     -1.040  -1000.000    2    2   0.000    1.000    1.000    1.000
  54     -1.060  -1000.000    2    2   0.000    1.000    1.000    1.000
  55     -1.080  -1000.000    2    2   0.000    1.000    1.000    1.000
  56     -1.100  -1000.000    2    2   0.000    1.000    1.000    1.000
  57     -1.120  -1000.000    2    2   0.000    1.000    1.000    1.000
  58     -1.140  -1000.000    2    2   0.000    1.000    1.000    1.000
  59     -1.160  -1000.000    2    2   0.000    1.000    1.000    1.000
  60     -1.180  -1000.000    2    2   0.000    1.000    1.000    1.000
  61     -1.200  -1000.000    2    2   0.000    1.000    1.000    1.000
  62     -1.220  -1000.000    2    2   0.000    1.000    1.000    1.000
  63     -1.240  -1000.000    2    2   0.000    1.000    1.000    1.000
  64     -1.260  -1000.000    2    2   0.000    1.000    1.000    1.000
  65     -1.280  -1000.000    2    2   0.000    1.000    1.000    1.000
  66     -1.300  -1000.000    2    2   0.000    1.000    1.000    1.000
  67     -1.320  -1000.000    2    2   0.000    1.000    1.000    1.000
  68     -1.340  -1000.000    2    2   0.000    1.000    1.000    1.000
  69     -1.360  -1000.000    2    2   0.000    1.000    1.000    1.000
  70     -1.380  -1000.000    2    2   0.000    1.000    1.000    1.000
  71     -1.400  -1000.000    2    2   0.000    1.000    1.000    1.000
  72     -1.420  -1000.000    2    2   0.000    1.000    1.000    1.000
  73     -1.440  -1000.000    2    2   0.000    1.000    1.000    1.000
  74     -1.460  -1000.000    2    2   0.000    1.000    1.000    1.000
  75     -1.480  -1000.000    2    2   0.000    1.000    1.000    1.000
  76     -1.500  -1000.000    2    2   0.000    1.000    1.000    1.000
  77     -1.520  -1000.000    2    2   0.000    1.000    1.000    1.000
  78     -1.540  -1000.000    2    2   0.000    1.000    1.000    1.000
  79     -1.560  -1000.000    2    2   0.000    1.000    1.000    1.000
  80     -1.580  -1000.000    2    2   0.000    1.000    1.000    1.000
  81     -1.600  -1000.000    2    2   0.000    1.000    1.000    1.000
  82     -1.620  -1000.000    2    2   0.000    1.000    1.000    1.000
  83     -1.640  -1000.000    2    2   0.000    1.000    1.000    1.000
  84     -1.660  -1000.000    2    2   0.000    1.000    1.000    1.000
  85     -1.680  -1000.000    2    2   0.000    1.000    1.000    1.000
  86     -1.700  -1000.000    2    2   0.000    1.000    1.000    1.000
  87     -1.720  -1000.000    2    2   0.000    1.000    1.000    1.000
  88     -1.740  -1000.000    2    2   0.000    1.000    1.000    1.000
  89     -1.760  -1000.000    2    2   0.000    1.000    1.000    1.000
  90     -1.780  -1000.000    2    2   0.000    1.000    1.000    1.000
  91     -1.800  -1000.000    2    2   0.000    1.000    1.000    1.000
  92     -1.820  -1000.000    2    2   0.000    1.000    1.000    1.000
  93     -1.840  -1000.000    2    2   0.000    1.000    1.000    1.000
  94     -1.860  -1000.000    2    2   0.000    1.000    1.000    1.000
  95     -1.880  -1000.000    2    2   0.000    1.000    1.000    1.000
  96     -1.900  -1000.000    2    2   0.000    1.000    1.000    1.000
  97     -1.920  -1000.000    2    2   0.000    1.000    1.000    1.000
  98     -1.940  -1000.000    2    2   0.000    1.000    1.000    1.000
  99     -1.960  -1000.000    2    2   0.000    1.000    1.000    1.000
 100     -1.980  -1000.000    2    2   0.000    1.000    1.000    1.000
 101     -2.000  -1000.000    2    2   0.000    1.000    1.000    1.000
 102     -2.020  -1000.000    2    2   0.000    1.000    1.000    1.000
 103     -2.040  -1000.000    2    2   0.000    1.000    1.000    1.000
 104     -2.060  -1000.000    2    2   0.000    1.000    1.000    1.000
 105     -2.080  -1000.000    2    2   0.000    1.000    1.000    1.000
 106     -2.100  -1000.000    2    2   0.000    1.000    1.000    1.000
 107     -2.120  -1000.000    2    2   0.000    1.000    1.000    1.000
 108     -2.140  -1000.000    2    2   0.000    1.000    1.000    1.000
 109     -2.160  -1000.000    2    2   0.000    1.000    1.000    1.000
 110     -2.180  -1000.000    2    2   0.000    1.000    1.000    1.000
 111     -2.200  -1000.000    2    2   0.000    1.000    1.000    1.000
 112     -2.220  -1000.000    2    2   0.000    1.000    1.000    1.000
 113     -2.240  -1000.000    2    2   0.000    1.000    1.000    1.000
 114     -2.260  -1000.000    2    2   0.000    1.000    1.000    1.000
 115     -2.280  -1000.000    2    2   0.000    1.000    1.000    1.000
 116     -2.300  -1000.000    2    2   0.000    1.000    1.000    1.000
 117     -2.320  -1000.000    2    2   0.000    1.000    1.000    1.000
 118     -2.340  -1000.000    2    2   0.000    1.000    1.000    1.000
 119     -2.360  -1000.000    2    2   0.000    1.000    1.000    1.000
 120     -2.380  -1000.000    2    2   0.000    1.000    1.000    1.000
 121     -2.400  -1000.000    2    2   0.000    1.000    1.000    1.000
 122     -2.420  -1000.000    2    2   0.000    1.000    1.000    1.000
 123     -2.440  -1000.000    2    2   0.000    1.000    1.000    1.000
 124     -2.460  -1000.000    2    2   0.000    1.000    1.000    1.000
 125     -2.480  -1000.000    2    2   0.000    1.000    1.000    1.000
 126     -2.500  -1000.000    2    2   0.000    1.000    1.000    1.000
 127     -2.520  -1000.000    2    2   0.000    1.000    1.000    1.000
 128     -2.540  -1000.000    2    2   0.000    1.000    1.000    1.000
 129     -2.560  -1000.000    2    2   0.000    1.000    1.000    1.000
 130     -2.580  -1000.000    2    2   0.000    1.000    1.000    1.000
 131     -2.600  -1000.000    2    2   0.000    1.000    1.000    1.000
 132     -2.620  -1000.000    2    2   0.000    1.000    1.000    1.000
 133     -2.640  -1000.000    2    2   0.000    1.000    1.000    1.000
 134     -2.660  -1000.000    2    2   0.000    1.000    1.000    1.000
 135     -2.680  -1000.000    2    2   0.000    1.000    1.000    1.000
 136     -2.700  -1000.000    2    2   0.000    1.000    1.000    1.000
 137     -2.720  -1000.000    2    2   0.000    1.000    1.000    1.000
 138     -2.740  -1000.000    2    2   0.000    1.000    1.000    1.000
 139     -2.760  -1000.000    2    2   0.000    1.000    1.000    1.000
 140     -2.780  -1000.000    2    2   0.000    1.000    1.000    1.000
 141     -2.800  -1000.000    2    2   0.000    1.000    1.000    1.000
 142     -2.820  -1000.000    2    2   0.000    1.000    1.000    1.000
 143     -2.840  -1000.000    2    2   0.000    1.000    1.000    1.000
 144     -2.860  -1000.000    2    2   0.000    1.000    1.000    1.000
 145     -2.880  -1000.000    2    2   0.000    1.000    1.000    1.000
 146     -2.900  -1000.000    2    2   0.000    1.000    1.000    1.000
 147     -2.920  -1000.000    2    2   0.000    1.000    1.000    1.000
 148     -2.940  -1000.000    2    2   0.000    1.000    1.000    1.000
 149     -2.960  -1000.000    2    2   0.000    1.000    1.000    1.000
 150     -2.980  -1000.000    2    2   0.000    1.000    1.000    1.000
 151     -3.000  -1000.000    2    2   0.000    1.000    1.000    1.000
 152     -3.020  -1000.000    2    2   0.000    1.000    1.000    1.000
 153     -3.040  -1000.000    2    2   0.000    1.000    1.000    1.000
 154     -3.060  -1000.000    2    2   0.000    1.000    1.000    1.000
 155     -3.080  -1000.000    2    2   0.000    1.000    1.000    1.000
 156     -3.100  -1000.000    2    2   0.000    1.000    1.000    1.000
 157     -3.120  -1000.000    2    2   0.000    1.000    1.000    1.000
 158     -3.140  -1000.000    2    2   0.000    1.000    1.000    1.000
 159     -3.160  -1000.000    2    2   0.000    1.000    1.000    1.000
 160     -3.180  -1000.000    2    2   0.000    1.000    1.000    1.000
 161     -3.200  -1000.000    2    2   0.000    1.000    1.000    1.000
 162     -3.220  -1000.000    2    2   0.000    1.000    1.000    1.000
 163     -3.240  -1000.000    2    2   0.000    1.000    1.000    1.000
 164     -3.260  -1000.000    2    2   0.000    1.000    1.000    1.000
 165     -3.280  -1000.000    2    2   0.000    1.000    1.000    1.000
 166     -3.300  -1000.000    2    2   0.000    1.000    1.000    1.000
 167     -3.320  -1000.000    2    2   0.000    1.000    1.000    1.000
 168     -3.340  -1000.000    2    2   0.000    1.000    1.000    1.000
 169     -3.360  -1000.000    2    2   0.000    1.000    1.000    1.000
 170     -3.380  -1000.000    2    2   0.000    1.000    1.000    1.000
 171     -3.400  -1000.000    2    2   0.000    1.000    1.000    1.000
 172     -3.420  -1000.000    2    2   0.000    1.000    1.000    1.000
 173     -3.440  -1000.000    2    2   0.000    1.000    1.000    1.000
 174     -3.460  -1000.000    2    2   0.000    1.000    1.000    1.000
 175     -3.480  -1000.000    2    2   0.000    1.000    1.000    1.000
 176     -3.500  -1000.000    2    2   0.000    1.000    1.000    1.000
 177     -3.520  -1000.000    2    2   0.000    1.000    1.000    1.000
 178     -3.540  -1000.000    2    2   0.000    1.000    1.000    1.000
 179     -3.560  -1000.000    2    2   0.000    1.000    1.000    1.000
 180     -3.580  -1000.000    2    2   0.000    1.000    1.000    1.000
 181     -3.600  -1000.000    2    2   0.000    1.000    1.000    1.000
 182     -3.620  -1000.000    2    2   0.000    1.000    1.000    1.000
 183     -3.640  -1000.000    2    2   0.000    1.000    1.000    1.000
 184     -3.660  -1000.000    2    2   0.000    1.000    1.000    1.000
 185     -3.680  -1000.000    2    2   0.000    1.000    1.000    1.000
 186     -3.700  -1000.000    2    2   0.000    1.000    1.000    1.000
 187     -3.720  -1000.000    2    2   0.000    1.000    1.000    1.000
 188     -3.740  -1000.000    2    2   0.000    1.000    1.000    1.000
 189     -3.760  -1000.000    2    2   0.000    1.000    1.000    1.000
 190     -3.780  -1000.000    2    2   0.000    1.000    1.000    1.000
 191     -3.800  -1000.000    2    2   0.000    1.000    1.000    1.000
 192     -3.820  -1000.000    2    2   0.000    1.000    1.000    1.000
 193     -3.840  -1000.000    2    2   0.000    1.000    1.000    1.000
 194     -3.860  -1000.000    2    2   0.000    1.000    1.000    1.000
 195     -3.880  -1000.000    2    2   0.000    1.000    1.000    1.000
 196     -3.900  -1000.000    2    2   0.000    1.000    1.000    1.000
 197     -3.920  -1000.000    2    2   0.000    1.000    1.000    1.000
 198     -3.940  -1000.000    2    2   0.000    1.000    1.000    1.000
 199     -3.960  -1000.000    2    2   0.000    1.000    1.000    1.000
 200     -3.980  -1000.000    2    2   0.000    1.000    1.000    1.000
 201     -4.000  -1000.000    2    2   0.000    1.000    1.000    1.000
 202     -4.020  -1000.000    2    2   0.000    1.000    1.000    1.000
 203     -4.040  -1000.000    2    2   0.000    1.000    1.000    1.000
 204     -4.060  -1000.000    2    2   0.000    1.000    1.000    1.000
 205     -4.080  -1000.000    2    2   0.000    1.000    1.000    1.000
 206     -4.100  -1000.000    2    2   0.000    1.000    1.000    1.000
 207     -4.120  -1000.000    2    2   0.000    1.000    1.000    1.000
 208     -4.140  -1000.000    2    2   0.000    1.000    1.000    1.000
 209     -4.160  -1000.000    2    2   0.000    1.000    1.000    1.000
 210     -4.180  -1000.000    2    2   0.000    1.000    1.000    1.000
 211     -4.200  -1000.000    2    2   0.000    1.000    1.000    1.000
 212     -4.220  -1000.000    2    2   0.000    1.000    1.000    1.000
 213     -4.240  -1000.000    2    2   0.000    1.000    1.000    1.000
 214     -4.260  -1000.000    2    2   0.000    1.000    1.000    1.000
 215     -4.280  -1000.000    2    2   0.000    1.000    1.000    1.000
 216     -4.300  -1000.000    2    2   0.000    1.000    1.000    1.000
 217     -4.320  -1000.000    2    2   0.000    1.000    1.000    1.000
 218     -4.340  -1000.000    2    2   0.000    1.000    1.000    1.000
 219     -4.360  -1000.000    2    2   0.000    1.000    1.000    1.000
 220     -4.380  -1000.000    2    2   0.000    1.000    1.000    1.000
 221     -4.400  -1000.000    2    2   0.000    1.000    1.000    1.000
 222     -4.420  -1000.000    2    2   0.000    1.000    1.000    1.000
 223     -4.440  -1000.000    2    2   0.000    1.000    1.000    1.000
 224     -4.460  -1000.000    2    2   0.000    1.000    1.000    1.000
 225     -4.480  -1000.000    2    2   0.000    1.000    1.000    1.000
 226     -4.500  -1000.000    2    2   0.000    1.000    1.000    1.000
 227     -4.520  -1000.000    2    2   0.000    1.000    1.000    1.000
 228     -4.540  -1000.000    2    2   0.000    1.000    1.000    1.000
 229     -4.560  -1000.000    2    2   0.000    1.000    1.000    1.000
 230     -4.580  -1000.000    2    2   0.000    1.000    1.000    1.000
 231     -4.600  -1000.000    2    2   0.000    1.000    1.000    1.000
 232     -4.620  -1000.000    2    2   0.000    1.000    1.000    1.000
 233     -4.640  -1000.000    2    2   0.000    1.000    1.000    1.000
 234     -4.660  -1000.000    2    2   0.000    1.000    1.000    1.000
 235     -4.680  -1000.000    2    2   0.000    1.000    1.000    1.000
 236     -4.700  -1000.000    2    2   0.000    1.000    1.000    1.000
 237     -4.720  -1000.000    2    2   0.000    1.000    1.000    1.000
 238     -4.740  -1000.000    2    2   0.000    1.000    1.000    1.000
 239     -4.760  -1000.000    2    2   0.000    1.000    1.000    1.000
 240     -4.780  -1000.000    2    2   0.000    1.000    1.000    1.000
 241     -4.800  -1000.000    2    2   0.000    1.000    1.000    1.000
 242     -4.820  -1000.000    2    2   0.000    1.000    1.000    1.000
 243     -4.840  -1000.000    2    2   0.000    1.000    1.000    1.000
 244     -4.860  -1000.000    2    2   0.000    1.000    1.000    1.000
 245     -4.880  -1000.000    2    2   0.000    1.000    1.000    1.000
 246     -4.900  -1000.000    2    2   0.000    1.000    1.000    1.000
 247     -4.920  -1000.000    2    2   0.000    1.000    1.000    1.000
 248     -4.940  -1000.000    2    2   0.000    1.000    1.000    1.000
 249     -4.960  -1000.000    2    2   0.000    1.000    1.000    1.000
 250     -4.980  -1000.000    2    2   0.000    1.000    1.000    1.000
 251     -5.000  -1000.000    2    2   0.000    1.000    1.000    1.000
 252     -5.020  -1000.000    2    2   0.000    1.000    1.000    1.000
 253     -5.040  -1000.000    2    2   0.000    1.000    1.000    1.000
 254     -5.060  -1000.000    2    2   0.000    1.000    1.000    1.000
 255     -5.080  -1000.000    2    2   0.000    1.000    1.000    1.000
 256     -5.100  -1000.000    2    2   0.000    1.000    1.000    1.000
 257     -5.120  -1000.000    2    2   0.000    1.000    1.000    1.000
 258     -5.140  -1000.000    2    2   0.000    1.000    1.000    1.000
 259     -5.160  -1000.000    2    2   0.000    1.000    1.000    1.000
 260     -5.180  -1000.000    2    2   0.000    1.000    1.000    1.000
 261     -5.200  -1000.000    2    2   0.000    1.000    1.000    1.000
 262     -5.220  -1000.000    2    2   0.000    1.000    1.000    1.000
 263     -5.240  -1000.000    2    2   0.000    1.000    1.000    1.000
 264     -5.260  -1000.000    2    2   0.000    1.000    1.000    1.000
 265     -5.280  -1000.000    2    2   0.000    1.000    1.000    1.000
 266     -5.300  -1000.000    2    2   0.000    1.000    1.000    1.000
 267     -5.320  -1000.000    2    2   0.000    1.000    1.000    1.000
 268     -5.340  -1000.000    2    2   0.000    1.000    1.000    1.000
 269     -5.360  -1000.000    2    2   0.000    1.000    1.000    1.000
 270     -5.380  -1000.000    2    2   0.000    1.000    1.000    1.000
 271     -5.400  -1000.000    2    2   0.000    1.000    1.000    1.000
 272     -5.420  -1000.000    2    2   0.000    1.000    1.000    1.000
 273     -5.440  -1000.000    2    2   0.000    1.000    1.000    1.000
 274     -5.460  -1000.000    2    2   0.000    1.000    1.000    1.000
 275     -5.480  -1000.000    2    2   0.000    1.000    1.000    1.000
 276     -5.500  -1000.000    2    2   0.000    1.000    1.000    1.000
 277     -5.520  -1000.000    2    2   0.000    1.000    1.000    1.000
 278     -5.540  -1000.000    2    2   0.000    1.000    1.000    1.000
 279     -5.560  -1000.000    2    2   0.000    1.000    1.000    1.000
 280     -5.580  -1000.000    2    2   0.000    1.000    1.000    1.000
 281     -5.600  -1000.000    2    2   0.000    1.000    1.000    1.000
 282     -5.620  -1000.000    2    2   0.000    1.000    1.000    1.000
 283     -5.640  -1000.000    2    2   0.000    1.000    1.000    1.000
 284     -5.660  -1000.000    2    2   0.000    1.000    1.000    1.000
 285     -5.680  -1000.000    2    2   0.000    1.000    1.000    1.000
 286     -5.700  -1000.000    2    2   0.000    1.000    1.000    1.000
 287     -5.720  -1000.000    2    2   0.000    1.000    1.000    1.000
 288     -5.740  -1000.000    2    2   0.000    1.000    1.000    1.000
 289     -5.760  -1000.000    2    2   0.000    1.000    1.000    1.000
 290     -5.780  -1000.000    2    2   0.000    1.000    1.000    1.000
 291     -5.800  -1000.000    2    2   0.000    1.000    1.000    1.000
 292     -5.820  -1000.000    2    2   0.000    1.000    1.000    1.000
 293     -5.840  -1000.000    2    2   0.000    1.000    1.000    1.000
 294     -5.860  -1000.000    2    2   0.000    1.000    1.000    1.000
 295     -5.880  -1000.000    2    2   0.000    1.000    1.000    1.000
 296     -5.900  -1000.000    2    2   0.000    1.000    1.000    1.000
 297     -5.920  -1000.000    2    2   0.000    1.000    1.000    1.000
 298     -5.940  -1000.000    2    2   0.000    1.000    1.000    1.000
 299     -5.960  -1000.000    2    2   0.000    1.000    1.000    1.000
 300     -5.980  -1000.000    2    2   0.000    1.000    1.000    1.000
 301     -6.000  -1000.000    2    2   0.000    1.000    1.000    1.000
 302     -6.020  -1000.000    2    2   0.000    1.000    1.000    1.000
 303     -6.040  -1000.000    2    2   0.000    1.000    1.000    1.000
 304     -6.060  -1000.000    2    2   0.000    1.000    1.000    1.000
 305     -6.080  -1000.000    2    2   0.000    1.000    1.000    1.000
 306     -6.100  -1000.000    2    2   0.000    1.000    1.000    1.000
 307     -6.120  -1000.000    2    2   0.000    1.000    1.000    1.000
 308     -6.140  -1000.000    2    2   0.000    1.000    1.000    1.000
 309     -6.160  -1000.000    2    2   0.000    1.000    1.000    1.000
 310     -6.180  -1000.000    2    2   0.000    1.000    1.000    1.000
 311     -6.200  -1000.000    2    2   0.000    1.000    1.000    1.000
 312     -6.220  -1000.000    2    2   0.000    1.000    1.000    1.000
 313     -6.240  -1000.000    2    2   0.000    1.000    1.000    1.000
 314     -6.260  -1000.000    2    2   0.000    1.000    1.000    1.000
 315     -6.280  -1000.000    2    2   0.000    1.000    1.000    1.000
 316     -6.300  -1000.000    2    2   0.000    1.000    1.000    1.000
 317     -6.320  -1000.000    2    2   0.000    1.000    1.000    1.000
 318     -6.340  -1000.000    2    2   0.000    1.000    1.000    1.000
 319     -6.360  -1000.000    2    2   0.000    1.000    1.000    1.000
 320     -6.380  -1000.000    2    2   0.000    1.000    1.000    1.000
 321     -6.400  -1000.000    2    2   0.000    1.000    1.000    1.000
 322     -6.420  -1000.000    2    2   0.000    1.000    1.000    1.000
 323     -6.440  -1000.000    2    2   0.000    1.000    1.000    1.000
 324     -6.460  -1000.000    2    2   0.000    1.000    1.000    1.000
 325     -6.480  -1000.000    2    2   0.000    1.000    1.000    1.000
 326     -6.500  -1000.000    2    2   0.000    1.000    1.000    1.000
 327     -6.520  -1000.000    2    2   0.000    1.000    1.000    1.000
 328     -6.540  -1000.000    2    2   0.000    1.000    1.000    1.000
 329     -6.560  -1000.000    2    2   0.000    1.000    1.000    1.000
 330     -6.580  -1000.000    2    2   0.000    1.000    1.000    1.000
 331     -6.600  -1000.000    2    2   0.000    1.000    1.000    1.000
 332     -6.620  -1000.000    2    2   0.000    1.000    1.000    1.000
 333     -6.640  -1000.000    2    2   0.000    1.000    1.000    1.000
 334     -6.660  -1000.000    2    2   0.000    1.000    1.000    1.000
 335     -6.680  -1000.000    2    2   0.000    1.000    1.000    1.000
 336     -6.700  -1000.000    2    2   0.000    1.000    1.000    1.000
 337     -6.720  -1000.000    2    2   0.000    1.000    1.000    1.000
 338     -6.740  -1000.000    2    2   0.000    1.000    1.000    1.000
 339     -6.760  -1000.000    2    2   0.000    1.000    1.000    1.000
 340     -6.780  -1000.000    2    2   0.000    1.000    1.000    1.000
 341     -6.800  -1000.000    2    2   0.000    1.000    1.000    1.000
 342     -6.820  -1000.000    2    2   0.000    1.000    1.000    1.000
 343     -6.840  -1000.000    2    2   0.000    1.000    1.000    1.000
 344     -6.860  -1000.000    2    2   0.000    1.000    1.000    1.000
 345     -6.880  -1000.000    2    2   0.000    1.000    1.000    1.000
 346     -6.900  -1000.000    2    2   0.000    1.000    1.000    1.000
 347     -6.920  -1000.000    2    2   0.000    1.000    1.000    1.000
 348     -6.940  -1000.000    2    2   0.000    1.000    1.000    1.000
 349     -6.960  -1000.000    2    2   0.000    1.000    1.000    1.000
 350     -6.980  -1000.000    2    2   0.000    1.000    1.000    1.000
 351     -7.000  -1000.000    2    2   0.000    1.000    1.000    1.000
 352     -7.020  -1000.000    2    2   0.000    1.000    1.000    1.000
 353     -7.040  -1000.000    2    2   0.000    1.000    1.000    1.000
 354     -7.060  -1000.000    2    2   0.000    1.000    1.000    1.000
 355     -7.080  -1000.000    2    2   0.000    1.000    1.000    1.000
 356     -7.100  -1000.000    2    2   0.000    1.000    1.000    1.000
 357     -7.120  -1000.000    2    2   0.000    1.000    1.000    1.000
 358     -7.140  -1000.000    2    2   0.000    1.000    1.000    1.000
 359     -7.160  -1000.000    2    2   0.000    1.000    1.000    1.000
 360     -7.180  -1000.000    2    2   0.000    1.000    1.000    1.000
 361     -7.200  -1000.000    2    2   0.000    1.000    1.000    1.000
 362     -7.220  -1000.000    2    2   0.000    1.000    1.000    1.000
 363     -7.240  -1000.000    2    2   0.000    1.000    1.000    1.000
 364     -7.260  -1000.000    2    2   0.000    1.000    1.000    1.000
 365     -7.280  -1000.000    2    2   0.000    1.000    1.000    1.000
 366     -7.300  -1000.000    2    2   0.000    1.000    1.000    1.000
 367     -7.320  -1000.000    2    2   0.000    1.000    1.000    1.000
 368     -7.340  -1000.000    2    2   0.000    1.000    1.000    1.000
 369     -7.360  -1000.000    2    2   0.000    1.000    1.000    1.000
 370     -7.380  -1000.000    2    2   0.000    1.000    1.000    1.000
 371     -7.400  -1000.000    2    2   0.000    1.000    1.000    1.000
 372     -7.420  -1000.000    2    2   0.000    1.000    1.000    1.000
 373     -7.440  -1000.000    2    2   0.000    1.000    1.000    1.000
 374     -7.460  -1000.000    2    2   0.000    1.000    1.000    1.000
 375     -7.480  -1000.000    2    2   0.000    1.000    1.000    1.000
 376     -7.500  -1000.000    2    2   0.000    1.000    1.000    1.000
 377     -7.520  -1000.000    2    2   0.000    1.000    1.000    1.000
 378     -7.540  -1000.000    2    2   0.000    1.000    1.000    1.000
 379     -7.560  -1000.000    2    2   0.000    1.000    1.000    1.000
 380     -7.580  -1000.000    2    2   0.000    1.000    1.000    1.000
 381     -7.600  -1000.000    2    2   0.000    1.000    1.000    1.000
 382     -7.620  -1000.000    2    2   0.000    1.000    1.000    1.000
 383     -7.640  -1000.000    2    2   0.000    1.000    1.000    1.000
 384     -7.660  -1000.000    2    2   0.000    1.000    1.000    1.000
 385     -7.680  -1000.000    2    2   0.000    1.000    1.000    1.000
 386     -7.700  -1000.000    2    2   0.000    1.000    1.000    1.000
 387     -7.720  -1000.000    2    2   0.000    1.000    1.000    1.000
 388     -7.740  -1000.000    2    2   0.000    1.000    1.000    1.000
 389     -7.760  -1000.000    2    2   0.000    1.000    1.000    1.000
 390     -7.780  -1000.000    2    2   0.000    1.000    1.000    1.000
 391     -7.800  -1000.000    2    2   0.000    1.000    1.000    1.000
 392     -7.820  -1000.000    2    2   0.000    1.000    1.000    1.000
 393     -7.840  -1000.000    2    2   0.000    1.000    1.000    1.000
 394     -7.860  -1000.000    2    2   0.000    1.000    1.000    1.000
 395     -7.880  -1000.000    2    2   0.000    1.000    1.000    1.000
 396     -7.900  -1000.000    2    2   0.000    1.000    1.000    1.000
 397     -7.920  -1000.000    2    2   0.000    1.000    1.000    1.000
 398     -7.940  -1000.000    2    2   0.000    1.000    1.000    1.000
 399     -7.960  -1000.000    2    2   0.000    1.000    1.000    1.000
 400     -7.980  -1000.000    2    2   0.000    1.000    1.000    1.000
 401     -8.000  -1000.000    2    2   0.000    1.000    1.000    1.000
 402     -8.020  -1000.000    2    2   0.000    1.000    1.000    1.000
 403     -8.040  -1000.000    2    2   0.000    1.000    1.000    1.000
 404     -8.060  -1000.000    2    2   0.000    1.000    1.000    1.000
 405     -8.080  -1000.000    2    2   0.000    1.000    1.000    1.000
 406     -8.100  -1000.000    2    2   0.000    1.000    1.000    1.000
 407     -8.120  -1000.000    2    2   0.000    1.000    1.000    1.000
 408     -8.140  -1000.000    2    2   0.000    1.000    1.000    1.000
 409     -8.160  -1000.000    2    2   0.000    1.000    1.000    1.000
 410     -8.180  -1000.000    2    2   0.000    1.000    1.000    1.000
 411     -8.200  -1000.000    2    2   0.000    1.000    1.000    1.000
 412     -8.220  -1000.000    2    2   0.000    1.000    1.000    1.000
 413     -8.240  -1000.000    2    2   0.000    1.000    1.000    1.000
 414     -8.260  -1000.000    2    2   0.000    1.000    1.000    1.000
 415     -8.280  -1000.000    2    2   0.000    1.000    1.000    1.000
 416     -8.300  -1000.000    2    2   0.000    1.000    1.000    1.000
 417     -8.320  -1000.000    2    2   0.000    1.000    1.000    1.000
 418     -8.340  -1000.000    2    2   0.000    1.000    1.000    1.000
 419     -8.360  -1000.000    2    2   0.000    1.000    1.000    1.000
 420     -8.380  -1000.000    2    2   0.000    1.000    1.000    1.000
 421     -8.400  -1000.000    2    2   0.000    1.000    1.000    1.000
 422     -8.420  -1000.000    2    2   0.000    1.000    1.000    1.000
 423     -8.440  -1000.000    2    2   0.000    1.000    1.000    1.000
 424     -8.460  -1000.000    2    2   0.000    1.000    1.000    1.000
 425     -8.480  -1000.000    2    2   0.000    1.000    1.000    1.000
 426     -8.500  -1000.000    2    2   0.000    1.000    1.000    1.000
 427     -8.520  -1000.000    2    2   0.000    1.000    1.000    1.000
 428     -8.540  -1000.000    2    2   0.000    1.000    1.000    1.000
 429     -8.560  -1000.000    2    2   0.000    1.000    1.000    1.000
 430     -8.580  -1000.000    2    2   0.000    1.000    1.000    1.000
 431     -8.600  -1000.000    2    2   0.000    1.000    1.000    1.000
 432     -8.620  -1000.000    2    2   0.000    1.000    1.000    1.000
 433     -8.640  -1000.000    2    2   0.000    1.000    1.000    1.000
 434     -8.660  -1000.000    2    2   0.000    1.000    1.000    1.000
 435     -8.680  -1000.000    2    2   0.000    1.000    1.000    1.000
 436     -8.700  -1000.000    2    2   0.000    1.000    1.000    1.000
 437     -8.720  -1000.000    2    2   0.000    1.000    1.000    1.000
 438     -8.740  -1000.000    2    2   0.000    1.000    1.000    1.000
 439     -8.760  -1000.000    2    2   0.000    1.000    1.000    1.000
 440     -8.780  -1000.000    2    2   0.000    1.000    1.000    1.000
 441     -8.800  -1000.000    2    2   0.000    1.000    1.000    1.000
 442     -8.820  -1000.000    2    2   0.000    1.000    1.000    1.000
 443     -8.840  -1000.000    2    2   0.000    1.000    1.000    1.000
 444     -8.860  -1000.000    2    2   0.000    1.000    1.000    1.000
 445     -8.880  -1000.000    2    2   0.000    1.000    1.000    1.000
 446     -8.900  -1000.000    2    2   0.000    1.000    1.000    1.000
 447     -8.920  -1000.000    2    2   0.000    1.000    1.000    1.000
 448     -8.940  -1000.000    2    2   0.000    1.000    1.000    1.000
 449     -8.960  -1000.000    2    2   0.000    1.000    1.000    1.000
 450     -8.980  -1000.000    2    2   0.000    1.000    1.000    1.000
 451     -9.000  -1000.000    2    2   0.000    1.000    1.000    1.000
 452     -9.020  -1000.000    2    2   0.000    1.000    1.000    1.000
 453     -9.040  -1000.000    2    2   0.000    1.000    1.000    1.000
 454     -9.060  -1000.000    2    2   0.000    1.000    1.000    1.000
 455     -9.080  -1000.000    2    2   0.000    1.000    1.000    1.000
 456     -9.100  -1000.000    2    2   0.000    1.000    1.000    1.000
 457     -9.120  -1000.000    2    2   0.000    1.000    1.000    1.000
 458     -9.140  -1000.000    2    2   0.000    1.000    1.000    1.000
 459     -9.160  -1000.000    2    2   0.000    1.000    1.000    1.000
 460     -9.180  -1000.000    2    2   0.000    1.000    1.000    1.000
 461     -9.200  -1000.000    2    2   0.000    1.000    1.000    1.000
 462     -9.220  -1000.000    2    2   0.000    1.000    1.000    1.000
 463     -9.240  -1000.000    2    2   0.000    1.000    1.000    1.000
 464     -9.260  -1000.000    2    2   0.000    1.000    1.000    1.000
 465     -9.280  -1000.000    2    2   0.000    1.000    1.000    1.000
 466     -9.300  -1000.000    2    2   0.000    1.000    1.000    1.000
 467     -9.320  -1000.000    2    2   0.000    1.000    1.000    1.000
 468     -9.340  -1000.000    2    2   0.000    1.000    1.000    1.000
 469     -9.360  -1000.000    2    2   0.000    1.000    1.000    1.000
 470     -9.380  -1000.000    2    2   0.000    1.000    1.000    1.000
 471     -9.400  -1000.000    2    2   0.000    1.000    1.000    1.000
 472     -9.420  -1000.000    2    2   0.000    1.000    1.000    1.000
 473     -9.440  -1000.000    2    2   0.000    1.000    1.000    1.000
 474     -9.460  -1000.000    2    2   0.000    1.000    1.000    1.000
 475     -9.480  -1000.000    2    2   0.000    1.000    1.000    1.000
 476     -9.500  -1000.000    2    2   0.000    1.000    1.000    1.000
 477     -9.520  -1000.000    2    2   0.000    1.000    1.000    1.000
 478     -9.540  -1000.000    2    2   0.000    1.000    1.000    1.000
 479     -9.560  -1000.000    2    2   0.000    1.000    1.000    1.000
 480     -9.580  -1000.000    2    2   0.000    1.000    1.000    1.000
 481     -9.600  -1000.000    2    2   0.000    1.000    1.000    1.000
 482     -9.620  -1000.000    2    2   0.000    1.000    1.000    1.000
 483     -9.640  -1000.000    2    2   0.000    1.000    1.000    1.000
 484     -9.660  -1000.000    2    2   0.000    1.000    1.000    1.000
 485     -9.680  -1000.000    2    2   0.000    1.000    1.000    1.000
 486     -9.700  -1000.000    2    2   0.000    1.000    1.000    1.000
 487     -9.720  -1000.000    2    2   0.000    1.000    1.000    1.000
 488     -9.740  -1000.000    2    2   0.000    1.000    1.000    1.000
 489     -9.760  -1000.000    2    2   0.000    1.000    1.000    1.000
 490     -9.780  -1000.000    2    2   0.000    1.000    1.000    1.000
 491     -9.800  -1000.000    2    2   0.000    1.000    1.000    1.000
 492     -9.820  -1000.000    2    2   0.000    1.000    1.000    1.000
 493     -9.840  -1000.000    2    2   0.000    1.000    1.000    1.000
 494     -9.860  -1000.000    2    2   0.000    1.000    1.000    1.000
 495     -9.880  -1000.000    2    2   0.000    1.000    1.000    1.000
 496     -9.900  -1000.000    2    2   0.000    1.000    1.000    1.000
 497     -9.920  -1000.000    2    2   0.000    1.000    1.000    1.000
 498     -9.940  -1000.000    2    2   0.000    1.000    1.000    1.000
 499     -9.960  -1000.000    2    2   0.000    1.000    1.000    1.000
 500     -9.980  -1000.000    2    2   0.000    1.000    1.000    1.000
 501    -10.000  -1000.000    2    2   0.000    1.000    1.000    1.000
 502    -10.020  -1000.000    1    1   0.000    1.000    1.000    1.000
 503    -10.040  -1000.000    1    1   0.000    1.000    1.000    1.000
 504    -10.060  -1000.000    1    1   0.000    1.000    1.000    1.000
 505    -10.080  -1000.000    1    1   0.000    1.000    1.000    1.000
 506    -10.100  -1000.000    1    1   0.000    1.000    1.000    1.000
 507    -10.120  -1000.000    1    1   0.000    1.000    1.000    1.000
 508    -10.140  -1000.000    1    1   0.000    1.000    1.000    1.000
 509    -10.160  -1000.000    1    1   0.000    1.000    1.000    1.000
 510    -10.180  -1000.000    1    1   0.000    1.000    1.000    1.000
 511    -10.200  -1000.000    1    1   0.000    1.000    1.000    1.000
 512    -10.220  -1000.000    1    1   0.000    1.000    1.000    1.000
 513    -10.240  -1000.000    1    1   0.000    1.000    1.000    1.000
 514    -10.260  -1000.000    1    1   0.000    1.000    1.000    1.000
 515    -10.280  -1000.000    1    1   0.000    1.000    1.000    1.000
 516    -10.300  -1000.000    1    1   0.000    1.000    1.000    1.000
 517    -10.320  -1000.000    1    1   0.000    1.000    1.000    1.000
 518    -10.340  -1000.000    1    1   0.000    1.000    1.000    1.000
 519    -10.360  -1000.000    1    1   0.000    1.000    1.000    1.000
 520    -10.380  -1000.000    1    1   0.000    1.000    1.000    1.000
 521    -10.400  -1000.000    1    1   0.000    1.000    1.000    1.000
 522    -10.420  -1000.000    1    1   0.000    1.000    1.000    1.000
 523    -10.440  -1000.000    1    1   0.000    1.000    1.000    1.000
 524    -10.460  -1000.000    1    1   0.000    1.000    1.000    1.000
 525    -10.480  -1000.000    1    1   0.000    1.000    1.000    1.000
 526    -10.500  -1000.000    1    1   0.000    1.000    1.000    1.000
 527    -10.520  -1000.000    1    1   0.000    1.000    1.000    1.000
 528    -10.540  -1000.000    1    1   0.000    1.000    1.000    1.000
 529    -10.560  -1000.000    1    1   0.000    1.000    1.000    1.000
 530    -10.580  -1000.000    1    1   0.000    1.000    1.000    1.000
 531    -10.600  -1000.000    1    1   0.000    1.000    1.000    1.000
 532    -10.620  -1000.000    1    1   0.000    1.000    1.000    1.000
 533    -10.640  -1000.000    1    1   0.000    1.000    1.000    1.000
 534    -10.660  -1000.000    1    1   0.000    1.000    1.000    1.000
 535    -10.680  -1000.000    1    1   0.000    1.000    1.000    1.000
 536    -10.700  -1000.000    1    1   0.000    1.000    1.000    1.000
 537    -10.720  -1000.000    1    1   0.000    1.000    1.000    1.000
 538    -10.740  -1000.000    1    1   0.000    1.000    1.000    1.000
 539    -10.760  -1000.000    1    1   0.000    1.000    1.000    1.000
 540    -10.780  -1000.000    1    1   0.000    1.000    1.000    1.000
 541    -10.800  -1000.000    1    1   0.000    1.000    1.000    1.000
 542    -10.820  -1000.000    1    1   0.000    1.000    1.000    1.000
 543    -10.840  -1000.000    1    1   0.000    1.000    1.000    1.000
 544    -10.860  -1000.000    1    1   0.000    1.000    1.000    1.000
 545    -10.880  -1000.000    1    1   0.000    1.000    1.000    1.000
 546    -10.900  -1000.000    1    1   0.000    1.000    1.000    1.000
 547    -10.920  -1000.000    1    1   0.000    1.000    1.000    1.000
 548    -10.940  -1000.000    1    1   0.000    1.000    1.000    1.000
 549    -10.960  -1000.000    1    1   0.000    1.000    1.000    1.000
 550    -10.980  -1000.000    1    1   0.000    1.000    1.000    1.000
 551    -11.000  -1000.000    1    1   0.000    1.000    1.000    1.000
 552    -11.020  -1000.000    1    1   0.000    1.000    1.000    1.000
 553    -11.040  -1000.000    1    1   0.000    1.000    1.000    1.000
 554    -11.060  -1000.000    1    1   0.000    1.000    1.000    1.000
 555    -11.080  -1000.000    1    1   0.000    1.000    1.000    1.000
 556    -11.100  -1000.000    1    1   0.000    1.000    1.000    1.000
 557    -11.120  -1000.000    1    1   0.000    1.000    1.000    1.000
 558    -11.140  -1000.000    1    1   0.000    1.000    1.000    1.000
 559    -11.160  -1000.000    1    1   0.000    1.000    1.000    1.000
 560    -11.180  -1000.000    1    1   0.000    1.000    1.000    1.000
 561    -11.200  -1000.000    1    1   0.000    1.000    1.000    1.000
 562    -11.220  -1000.000    1    1   0.000    1.000    1.000    1.000
 563    -11.240  -1000.000    1    1   0.000    1.000    1.000    1.000
 564    -11.260  -1000.000    1    1   0.000    1.000    1.000    1.000
 565    -11.280  -1000.000    1    1   0.000    1.000    1.000    1.000
 566    -11.300  -1000.000    1    1   0.000    1.000    1.000    1.000
 567    -11.320  -1000.000    1    1   0.000    1.000    1.000    1.000
 568    -11.340  -1000.000    1    1   0.000    1.000    1.000    1.000
 569    -11.360  -1000.000    1    1   0.000    1.000    1.000    1.000
 570    -11.380  -1000.000    1    1   0.000    1.000    1.000    1.000
 571    -11.400  -1000.000    1    1   0.000    1.000    1.000    1.000
 572    -11.420  -1000.000    1    1   0.000    1.000    1.000    1.000
 573    -11.440  -1000.000    1    1   0.000    1.000    1.000    1.000
 574    -11.460  -1000.000    1    1   0.000    1.000    1.000    1.000
 575    -11.480  -1000.000    1    1   0.000    1.000    1.000    1.000
 576    -11.500  -1000.000    1    1   0.000    1.000    1.000    1.000
 577    -11.520  -1000.000    1    1   0.000    1.000    1.000    1.000
 578    -11.540  -1000.000    1    1   0.000    1.000    1.000    1.000
 579    -11.560  -1000.000    1    1   0.000    1.000    1.000    1.000
 580    -11.580  -1000.000    1    1   0.000    1.000    1.000    1.000
 581    -11.600  -1000.000    1    1   0.000    1.000    1.000    1.000
 582    -11.620  -1000.000    1    1   0.000    1.000    1.000    1.000
 583    -11.640  -1000.000    1    1   0.000    1.000    1.000    1.000
 584    -11.660  -1000.000    1    1   0.000    1.000    1.000    1.000
 585    -11.680  -1000.000    1    1   0.000    1.000    1.000    1.000
 586    -11.700  -1000.000    1    1   0.000    1.000    1.000    1.000
 587    -11.720  -1000.000    1    1   0.000    1.000    1.000    1.000
 588    -11.740  -1000.000    1    1   0.000    1.000    1.000    1.000
 589    -11.760  -1000.000    1    1   0.000    1.000    1.000    1.000
 590    -11.780  -1000.000    1    1   0.000    1.000    1.000    1.000
 591    -11.800  -1000.000    1    1   0.000    1.000    1.000    1.000
 592    -11.820  -1000.000    1    1   0.000    1.000    1.000    1.000
 593    -11.840  -1000.000    1    1   0.000    1.000    1.000    1.000
 594    -11.860  -1000.000    1    1   0.000    1.000    1.000    1.000
 595    -11.880  -1000.000    1    1   0.000    1.000    1.000    1.000
 596    -11.900  -1000.000    1    1   0.000    1.000    1.000    1.000
 597    -11.920  -1000.000    1    1   0.000    1.000    1.000    1.000
 598    -11.940  -1000.000    1    1   0.000    1.000    1.000    1.000
 599    -11.960  -1000.000    1    1   0.000    1.000    1.000    1.000
 600    -11.980  -1000.000    1    1   0.000    1.000    1.000    1.000
 601    -12.000  -1000.000    1    1   0.000    1.000    1.000    1.000
 602    -12.020  -1000.000    1    1   0.000    1.000    1.000    1.000
 603    -12.040  -1000.000    1    1   0.000    1.000    1.000    1.000
 604    -12.060  -1000.000    1    1   0.000    1.000    1.000    1.000
 605    -12.080  -1000.000    1    1   0.000    1.000    1.000    1.000
 606    -12.100  -1000.000    1    1   0.000    1.000    1.000    1.000
 607    -12.120  -1000.000    1    1   0.000    1.000    1.000    1.000
 608    -12.140  -1000.000    1    1   0.000    1.000    1.000    1.000
 609    -12.160  -1000.000    1    1   0.000    1.000    1.000    1.000
 610    -12.180  -1000.000    1    1   0.000    1.000    1.000    1.000
 611    -12.200  -1000.000    1    1   0.000    1.000    1.000    1.000
 612    -12.220  -1000.000    1    1   0.000    1.000    1.000    1.000
 613    -12.240  -1000.000    1    1   0.000    1.000    1.000    1.000
 614    -12.260  -1000.000    1    1   0.000    1.000    1.000    1.000
 615    -12.280  -1000.000    1    1   0.000    1.000    1.000    1.000
 616    -12.300  -1000.000    1    1   0.000    1.000    1.000    1.000
 617    -12.320  -1000.000    1    1   0.000    1.000    1.000    1.000
 618    -12.340  -1000.000    1    1   0.000    1.000    1.000    1.000
 619    -12.360  -1000.000    1    1   0.000    1.000    1.000    1.000
 620    -12.380  -1000.000    1    1   0.000    1.000    1.000    1.000
 621    -12.400  -1000.000    1    1   0.000    1.000    1.000    1.000
 622    -12.420  -1000.000    1    1   0.000    1.000    1.000    1.000
 623    -12.440  -1000.000    1    1   0.000    1.000    1.000    1.000
 624    -12.460  -1000.000    1    1   0.000    1.000    1.000    1.000
 625    -12.480  -1000.000    1    1   0.000    1.000    1.000    1.000
 626    -12.500  -1000.000    1    1   0.000    1.000    1.000    1.000
 627    -12.520  -1000.000    1    1   0.000    1.000    1.000    1.000
 628    -12.540  -1000.000    1    1   0.000    1.000    1.000    1.000
 629    -12.560  -1000.000    1    1   0.000    1.000    1.000    1.000
 630    -12.580  -1000.000    1    1   0.000    1.000    1.000    1.000
 631    -12.600  -1000.000    1    1   0.000    1.000    1.000    1.000
 632    -12.620  -1000.000    1    1   0.000    1.000    1.000    1.000
 633    -12.640  -1000.000    1    1   0.000    1.000    1.000    1.000
 634    -12.660  -1000.000    1    1   0.000    1.000    1.000    1.000
 635    -12.680  -1000.000    1    1   0.000    1.000    1.000    1.000
 636    -12.700  -1000.000    1    1   0.000    1.000    1.000    1.000
 637    -12.720  -1000.000    1    1   0.000    1.000    1.000    1.000
 638    -12.740  -1000.000    1    1   0.000    1.000    1.000    1.000
 639    -12.760  -1000.000    1    1   0.000    1.000    1.000    1.000
 640    -12.780  -1000.000    1    1   0.000    1.000    1.000    1.000
 641    -12.800  -1000.000    1    1   0.000    1.000    1.000    1.000
 642    -12.820  -1000.000    1    1   0.000    1.000    1.000    1.000
 643    -12.840  -1000.000    1    1   0.000    1.000    1.000    1.000
 644    -12.860  -1000.000    1    1   0.000    1.000    1.000    1.000
 645    -12.880  -1000.000    1    1   0.000    1.000    1.000    1.000
 646    -12.900  -1000.000    1    1   0.000    1.000    1.000    1.000
 647    -12.920  -1000.000    1    1   0.000    1.000    1.000    1.000
 648    -12.940  -1000.000    1    1   0.000    1.000    1.000    1.000
 649    -12.960  -1000.000    1    1   0.000    1.000    1.000    1.000
 650    -12.980  -1000.000    1    1   0.000    1.000    1.000    1.000
 651    -13.000  -1000.000    1    1   0.000    1.000    1.000    1.000
 652    -13.020  -1000.000    1    1   0.000    1.000    1.000    1.000
 653    -13.040  -1000.000    1    1   0.000    1.000    1.000    1.000
 654    -13.060  -1000.000    1    1   0.000    1.000    1.000    1.000
 655    -13.080  -1000.000    1    1   0.000    1.000    1.000    1.000
 656    -13.100  -1000.000    1    1   0.000    1.000    1.000    1.000
 657    -13.120  -1000.000    1    1   0.000    1.000    1.000    1.000
 658    -13.140  -1000.000    1    1   0.000    1.000    1.000    1.000
 659    -13.160  -1000.000    1    1   0.000    1.000    1.000    1.000
 660    -13.180  -1000.000    1    1   0.000    1.000    1.000    1.000
 661    -13.200  -1000.000    1    1   0.000    1.000    1.000    1.000
 662    -13.220  -1000.000    1    1   0.000    1.000    1.000    1.000
 663    -13.240  -1000.000    1    1   0.000    1.000    1.000    1.000
 664    -13.260  -1000.000    1    1   0.000    1.000    1.000    1.000
 665    -13.280  -1000.000    1    1   0.000    1.000    1.000    1.000
 666    -13.300  -1000.000    1    1   0.000    1.000    1.000    1.000
 667    -13.320  -1000.000    1    1   0.000    1.000    1.000    1.000
 668    -13.340  -1000.000    1    1   0.000    1.000    1.000    1.000
 669    -13.360  -1000.000    1    1   0.000    1.000    1.000    1.000
 670    -13.380  -1000.000    1    1   0.000    1.000    1.000    1.000
 671    -13.400  -1000.000    1    1   0.000    1.000    1.000    1.000
 672    -13.420  -1000.000    1    1   0.000    1.000    1.000    1.000
 673    -13.440  -1000.000    1    1   0.000    1.000    1.000    1.000
 674    -13.460  -1000.000    1    1   0.000    1.000    1.000    1.000
 675    -13.480  -1000.000    1    1   0.000    1.000    1.000    1.000
 676    -13.500  -1000.000    1    1   0.000    1.000    1.000    1.000
 677    -13.520  -1000.000    1    1   0.000    1.000    1.000    1.000
 678    -13.540  -1000.000    1    1   0.000    1.000    1.000    1.000
 679    -13.560  -1000.000    1    1   0.000    1.000    1.000    1.000
 680    -13.580  -1000.000    1    1   0.000    1.000    1.000    1.000
 681    -13.600  -1000.000    1    1   0.000    1.000    1.000    1.000
 682    -13.620  -1000.000    1    1   0.000    1.000    1.000    1.000
 683    -13.640  -1000.000    1    1   0.000    1.000    1.000    1.000
 684    -13.660  -1000.000    1    1   0.000    1.000    1.000    1.000
 685    -13.680  -1000.000    1    1   0.000    1.000    1.000    1.000
 686    -13.700  -1000.000    1    1   0.000    1.000    1.000    1.000
 687    -13.720  -1000.000    1    1   0.000    1.000    1.000    1.000
 688    -13.740  -1000.000    1    1   0.000    1.000    1.000    1.000
 689    -13.760  -1000.000    1    1   0.000    1.000    1.000    1.000
 690    -13.780  -1000.000    1    1   0.000    1.000    1.000    1.000
 691    -13.800  -1000.000    1    1   0.000    1.000    1.000    1.000
 692    -13.820  -1000.000    1    1   0.000    1.000    1.000    1.000
 693    -13.840  -1000.000    1    1   0.000    1.000    1.000    1.000
 694    -13.860  -1000.000    1    1   0.000    1.000    1.000    1.000
 695    -13.880  -1000.000    1    1   0.000    1.000    1.000    1.000
 696    -13.900  -1000.000    1    1   0.000    1.000    1.000    1.000
 697    -13.920  -1000.000    1    1   0.000    1.000    1.000    1.000
 698    -13.940  -1000.000    1    1   0.000    1.000    1.000    1.000
 699    -13.960  -1000.000    1    1   0.000    1.000    1.000    1.000
 700    -13.980  -1000.000    1    1   0.000    1.000    1.000    1.000
 701    -14.000  -1000.000    1    1   0.000    1.000    1.000    1.000
 702    -14.020  -1000.000    1    1   0.000    1.000    1.000    1.000
 703    -14.040  -1000.000    1    1   0.000    1.000    1.000    1.000
 704    -14.060  -1000.000    1    1   0.000    1.000    1.000    1.000
 705    -14.080  -1000.000    1    1   0.000    1.000    1.000    1.000
 706    -14.100  -1000.000    1    1   0.000    1.000    1.000    1.000
 707    -14.120  -1000.000    1    1   0.000    1.000    1.000    1.000
 708    -14.140  -1000.000    1    1   0.000    1.000    1.000    1.000
 709    -14.160  -1000.000    1    1   0.000    1.000    1.000    1.000
 710    -14.180  -1000.000    1    1   0.000    1.000    1.000    1.000
 711    -14.200  -1000.000    1    1   0.000    1.000    1.000    1.000
 712    -14.220  -1000.000    1    1   0.000    1.000    1.000    1.000
 713    -14.240  -1000.000    1    1   0.000    1.000    1.000    1.000
 714    -14.260  -1000.000    1    1   0.000    1.000    1.000    1.000
 715    -14.280  -1000.000    1    1   0.000    1.000    1.000    1.000
 716    -14.300  -1000.000    1    1   0.000    1.000    1.000    1.000
 717    -14.320  -1000.000    1    1   0.000    1.000    1.000    1.000
 718    -14.340  -1000.000    1    1   0.000    1.000    1.000    1.000
 719    -14.360  -1000.000    1    1   0.000    1.000    1.000    1.000
 720    -14.380  -1000.000    1    1   0.000    1.000    1.000    1.000
 721    -14.400  -1000.000    1    1   0.000    1.000    1.000    1.000
 722    -14.420  -1000.000    1    1   0.000    1.000    1.000    1.000
 723    -14.440  -1000.000    1    1   0.000    1.000    1.000    1.000
 724    -14.460  -1000.000    1    1   0.000    1.000    1.000    1.000
 725    -14.480  -1000.000    1    1   0.000    1.000    1.000    1.000
 726    -14.500  -1000.000    1    1   0.000    1.000    1.000    1.000
 727    -14.520  -1000.000    1    1   0.000    1.000    1.000    1.000
 728    -14.540  -1000.000    1    1   0.000    1.000    1.000    1.000
 729    -14.560  -1000.000    1    1   0.000    1.000    1.000    1.000
 730    -14.580  -1000.000    1    1   0.000    1.000    1.000    1.000
 731    -14.600  -1000.000    1    1   0.000    1.000    1.000    1.000
 732    -14.620  -1000.000    1    1   0.000    1.000    1.000    1.000
 733    -14.640  -1000.000    1    1   0.000    1.000    1.000    1.000
 734    -14.660  -1000.000    1    1   0.000    1.000    1.000    1.000
 735    -14.680  -1000.000    1    1   0.000    1.000    1.000    1.000
 736    -14.700  -1000.000    1    1   0.000    1.000    1.000    1.000
 737    -14.720  -1000.000    1    1   0.000    1.000    1.000    1.000
 738    -14.740  -1000.000    1    1   0.000    1.000    1.000    1.000
 739    -14.760  -1000.000    1    1   0.000    1.000    1.000    1.000
 740    -14.780  -1000.000    1    1   0.000    1.000    1.000    1.000
 741    -14.800  -1000.000    1    1   0.000    1.000    1.000    1.000
 742    -14.820  -1000.000    1    1   0.000    1.000    1.000    1.000
 743    -14.840  -1000.000    1    1   0.000    1.000    1.000    1.000
 744    -14.860  -1000.000    1    1   0.000    1.000    1.000    1.000
 745    -14.880  -1000.000    1    1   0.000    1.000    1.000    1.000
 746    -14.900  -1000.000    1    1   0.000    1.000    1.000    1.000
 747    -14.920  -1000.000    1    1   0.000    1.000    1.000    1.000
 748    -14.940  -1000.000    1    1   0.000    1.000    1.000    1.000
 749    -14.960  -1000.000    1    1   0.000    1.000    1.000    1.000
 750    -14.980  -1000.000    1    1   0.000    1.000    1.000    1.000
 751    -15.000  -1000.000    1    1   0.000    1.000    1.000    1.000
 752    -15.020  -1000.000    1    1   0.000    1.000    1.000    1.000
 753    -15.040  -1000.000    1    1   0.000    1.000    1.000    1.000
 754    -15.060  -1000.000    1    1   0.000    1.000    1.000    1.000
 755    -15.080  -1000.000    1    1   0.000    1.000    1.000    1.000
 756    -15.100  -1000.000    1    1   0.000    1.000    1.000    1.000
 757    -15.120  -1000.000    1    1   0.000    1.000    1.000    1.000
 758    -15.140  -1000.000    1    1   0.000    1.000    1.000    1.000
 759    -15.160  -1000.000    1    1   0.000    1.000    1.000    1.000
 760    -15.180  -1000.000    1    1   0.000    1.000    1.000    1.000
 761    -15.200  -1000.000    1    1   0.000    1.000    1.000    1.000
 762    -15.220  -1000.000    1    1   0.000    1.000    1.000    1.000
 763    -15.240  -1000.000    1    1   0.000    1.000    1.000    1.000
 764    -15.260  -1000.000    1    1   0.000    1.000    1.000    1.000
 765    -15.280  -1000.000    1    1   0.000    1.000    1.000    1.000
 766    -15.300  -1000.000    1    1   0.000    1.000    1.000    1.000
 767    -15.320  -1000.000    1    1   0.000    1.000    1.000    1.000
 768    -15.340  -1000.000    1    1   0.000    1.000    1.000    1.000
 769    -15.360  -1000.000    1    1   0.000    1.000    1.000    1.000
 770    -15.380  -1000.000    1    1   0.000    1.000    1.000    1.000
 771    -15.400  -1000.000    1    1   0.000    1.000    1.000    1.000
 772    -15.420  -1000.000    1    1   0.000    1.000    1.000    1.000
 773    -15.440  -1000.000    1    1   0.000    1.000    1.000    1.000
 774    -15.460  -1000.000    1    1   0.000    1.000    1.000    1.000
 775    -15.480  -1000.000    1    1   0.000    1.000    1.000    1.000
 776    -15.500  -1000.000    1    1   0.000    1.000    1.000    1.000
 777    -15.520  -1000.000    1    1   0.000    1.000    1.000    1.000
 778    -15.540  -1000.000    1    1   0.000    1.000    1.000    1.000
 779    -15.560  -1000.000    1    1   0.000    1.000    1.000    1.000
 780    -15.580  -1000.000    1    1   0.000    1.000    1.000    1.000
 781    -15.600  -1000.000    1    1   0.000    1.000    1.000    1.000
 782    -15.620  -1000.000    1    1   0.000    1.000    1.000    1.000
 783    -15.640  -1000.000    1    1   0.000    1.000    1.000    1.000
 784    -15.660  -1000.000    1    1   0.000    1.000    1.000    1.000
 785    -15.680  -1000.000    1    1   0.000    1.000    1.000    1.000
 786    -15.700  -1000.000    1    1   0.000    1.000    1.000    1.000
 787    -15.720  -1000.000    1    1   0.000    1.000    1.000    1.000
 788    -15.740  -1000.000    1    1   0.000    1.000    1.000    1.000
 789    -15.760  -1000.000    1    1   0.000    1.000    1.000    1.000
 790    -15.780  -1000.000    1    1   0.000    1.000    1.000    1.000
 791    -15.800  -1000.000    1    1   0.000    1.000    1.000    1.000
 792    -15.820  -1000.000    1    1   0.000    1.000    1.000    1.000
 793    -15.840  -1000.000    1    1   0.000    1.000    1.000    1.000
 794    -15.860  -1000.000    1    1   0.000    1.000    1.000    1.000
 795    -15.880  -1000.000    1    1   0.000    1.000    1.000    1.000
 796    -15.900  -1000.000    1    1   0.000    1.000    1.000    1.000
 797    -15.920  -1000.000    1    1   0.000    1.000    1.000    1.000
 798    -15.940  -1000.000    1    1   0.000    1.000    1.000    1.000
 799    -15.960  -1000.000    1    1   0.000    1.000    1.000    1.000
 800    -15.980  -1000.000    1    1   0.000    1.000    1.000    1.000
 801    -16.000  -1000.000    1    1   0.000    1.000    1.000    1.000
 802    -16.020  -1000.000    1    1   0.000    1.000    1.000    1.000
 803    -16.040  -1000.000    1    1   0.000    1.000    1.000    1.000
 804    -16.060  -1000.000    1    1   0.000    1.000    1.000    1.000
 805    -16.080  -1000.000    1    1   0.000    1.000    1.000    1.000
 806    -16.100  -1000.000    1    1   0.000    1.000    1.000    1.000
 807    -16.120  -1000.000    1    1   0.000    1.000    1.000    1.000
 808    -16.140  -1000.000    1    1   0.000    1.000    1.000    1.000
 809    -16.160  -1000.000    1    1   0.000    1.000    1.000    1.000
 810    -16.180  -1000.000    1    1   0.000    1.000    1.000    1.000
 811    -16.200  -1000.000    1    1   0.000    1.000    1.000    1.000
 812    -16.220  -1000.000    1    1   0.000    1.000    1.000    1.000
 813    -16.240  -1000.000    1    1   0.000    1.000    1.000    1.000
 814    -16.260  -1000.000    1    1   0.000    1.000    1.000    1.000
 815    -16.280  -1000.000    1    1   0.000    1.000    1.000    1.000
 816    -16.300  -1000.000    1    1   0.000    1.000    1.000    1.000
 817    -16.320  -1000.000    1    1   0.000    1.000    1.000    1.000
 818    -16.340  -1000.000    1    1   0.000    1.000    1.000    1.000
 819    -16.360  -1000.000    1    1   0.000    1.000    1.000    1.000
 820    -16.380  -1000.000    1    1   0.000    1.000    1.000    1.000
 821    -16.400  -1000.000    1    1   0.000    1.000    1.000    1.000
 822    -16.420  -1000.000    1    1   0.000    1.000    1.000    1.000
 823    -16.440  -1000.000    1    1   0.000    1.000    1.000    1.000
 824    -16.460  -1000.000    1    1   0.000    1.000    1.000    1.000
 825    -16.480  -1000.000    1    1   0.000    1.000    1.000    1.000
 826    -16.500  -1000.000    1    1   0.000    1.000    1.000    1.000
 827    -16.520  -1000.000    1    1   0.000    1.000    1.000    1.000
 828    -16.540  -1000.000    1    1   0.000    1.000    1.000    1.000
 829    -16.560  -1000.000    1    1   0.000    1.000    1.000    1.000
 830    -16.580  -1000.000    1    1   0.000    1.000    1.000    1.000
 831    -16.600  -1000.000    1    1   0.000    1.000    1.000    1.000
 832    -16.620  -1000.000    1    1   0.000    1.000    1.000    1.000
 833    -16.640  -1000.000    1    1   0.000    1.000    1.000    1.000
 834    -16.660  -1000.000    1    1   0.000    1.000    1.000    1.000
 835    -16.680  -1000.000    1    1   0.000    1.000    1.000    1.000
 836    -16.700  -1000.000    1    1   0.000    1.000    1.000    1.000
 837    -16.720  -1000.000    1    1   0.000    1.000    1.000    1.000
 838    -16.740  -1000.000    1    1   0.000    1.000    1.000    1.000
 839    -16.760  -1000.000    1    1   0.000    1.000    1.000    1.000
 840    -16.780  -1000.000    1    1   0.000    1.000    1.000    1.000
 841    -16.800  -1000.000    1    1   0.000    1.000    1.000    1.000
 842    -16.820  -1000.000    1    1   0.000    1.000    1.000    1.000
 843    -16.840  -1000.000    1    1   0.000    1.000    1.000    1.000
 844    -16.860  -1000.000    1    1   0.000    1.000    1.000    1.000
 845    -16.880  -1000.000    1    1   0.000    1.000    1.000    1.000
 846    -16.900  -1000.000    1    1   0.000    1.000    1.000    1.000
 847    -16.920  -1000.000    1    1   0.000    1.000    1.000    1.000
 848    -16.940  -1000.000    1    1   0.000    1.000    1.000    1.000
 849    -16.960  -1000.000    1    1   0.000    1.000    1.000    1.000
 850    -16.980  -1000.000    1    1   0.000    1.000    1.000    1.000
 851    -17.000  -1000.000    1    1   0.000    1.000    1.000    1.000
 852    -17.020  -1000.000    1    1   0.000    1.000    1.000    1.000
 853    -17.040  -1000.000    1    1   0.000    1.000    1.000    1.000
 854    -17.060  -1000.000    1    1   0.000    1.000    1.000    1.000
 855    -17.080  -1000.000    1    1   0.000    1.000    1.000    1.000
 856    -17.100  -1000.000    1    1   0.000    1.000    1.000    1.000
 857    -17.120  -1000.000    1    1   0.000    1.000    1.000    1.000
 858    -17.140  -1000.000    1    1   0.000    1.000    1.000    1.000
 859    -17.160  -1000.000    1    1   0.000    1.000    1.000    1.000
 860    -17.180  -1000.000    1    1   0.000    1.000    1.000    1.000
 861    -17.200  -1000.000    1    1   0.000    1.000    1.000    1.000
 862    -17.220  -1000.000    1    1   0.000    1.000    1.000    1.000
 863    -17.240  -1000.000    1    1   0.000    1.000    1.000    1.000
 864    -17.260  -1000.000    1    1   0.000    1.000    1.000    1.000
 865    -17.280  -1000.000    1    1   0.000    1.000    1.000    1.000
 866    -17.300  -1000.000    1    1   0.000    1.000    1.000    1.000
 867    -17.320  -1000.000    1    1   0.000    1.000    1.000    1.000
 868    -17.340  -1000.000    1    1   0.000    1.000    1.000    1.000
 869    -17.360  -1000.000    1    1   0.000    1.000    1.000    1.000
 870    -17.380  -1000.000    1    1   0.000    1.000    1.000    1.000
 871    -17.400  -1000.000    1    1   0.000    1.000    1.000    1.000
 872    -17.420  -1000.000    1    1   0.000    1.000    1.000    1.000
 873    -17.440  -1000.000    1    1   0.000    1.000    1.000    1.000
 874    -17.460  -1000.000    1    1   0.000    1.000    1.000    1.000
 875    -17.480  -1000.000    1    1   0.000    1.000    1.000    1.000
 876    -17.500  -1000.000    1    1   0.000    1.000    1.000    1.000
 877    -17.520  -1000.000    1    1   0.000    1.000    1.000    1.000
 878    -17.540  -1000.000    1    1   0.000    1.000    1.000    1.000
 879    -17.560  -1000.000    1    1   0.000    1.000    1.000    1.000
 880    -17.580  -1000.000    1    1   0.000    1.000    1.000    1.000
 881    -17.600  -1000.000    1    1   0.000    1.000    1.000    1.000
 882    -17.620  -1000.000    1    1   0.000    1.000    1.000    1.000
 883    -17.640  -1000.000    1    1   0.000    1.000    1.000    1.000
 884    -17.660  -1000.000    1    1   0.000    1.000    1.000    1.000
 885    -17.680  -1000.000    1    1   0.000    1.000    1.000    1.000
 886    -17.700  -1000.000    1    1   0.000    1.000    1.000    1.000
 887    -17.720  -1000.000    1    1   0.000    1.000    1.000    1.000
 888    -17.740  -1000.000    1    1   0.000    1.000    1.000    1.000
 889    -17.760  -1000.000    1    1   0.000    1.000    1.000    1.000
 890    -17.780  -1000.000    1    1   0.000    1.000    1.000    1.000
 891    -17.800  -1000.000    1    1   0.000    1.000    1.000    1.000
 892    -17.820  -1000.000    1    1   0.000    1.000    1.000    1.000
 893    -17.840  -1000.000    1    1   0.000    1.000    1.000    1.000
 894    -17.860  -1000.000    1    1   0.000    1.000    1.000    1.000
 895    -17.880  -1000.000    1    1   0.000    1.000    1.000    1.000
 896    -17.900  -1000.000    1    1   0.000    1.000    1.000    1.000
 897    -17.920  -1000.000    1    1   0.000    1.000    1.000    1.000
 898    -17.940  -1000.000    1    1   0.000    1.000    1.000    1.000
 899    -17.960  -1000.000    1    1   0.000    1.000    1.000    1.000
 900    -17.980  -1000.000    1    1   0.000    1.000    1.000    1.000
 901    -18.000  -1000.000    1    1   0.000    1.000    1.000    1.000
 902    -18.020  -1000.000    1    1   0.000    1.000    1.000    1.000
 903    -18.040  -1000.000    1    1   0.000    1.000    1.000    1.000
 904    -18.060  -1000.000    1    1   0.000    1.000    1.000    1.000
 905    -18.080  -1000.000    1    1   0.000    1.000    1.000    1.000
 906    -18.100  -1000.000    1    1   0.000    1.000    1.000    1.000
 907    -18.120  -1000.000    1    1   0.000    1.000    1.000    1.000
 908    -18.140  -1000.000    1    1   0.000    1.000    1.000    1.000
 909    -18.160  -1000.000    1    1   0.000    1.000    1.000    1.000
 910    -18.180  -1000.000    1    1   0.000    1.000    1.000    1.000
 911    -18.200  -1000.000    1    1   0.000    1.000    1.000    1.000
 912    -18.220  -1000.000    1    1   0.000    1.000    1.000    1.000
 913    -18.240  -1000.000    1    1   0.000    1.000    1.000    1.000
 914    -18.260  -1000.000    1    1   0.000    1.000    1.000    1.000
 915    -18.280  -1000.000    1    1   0.000    1.000    1.000    1.000
 916    -18.300  -1000.000    1    1   0.000    1.000    1.000    1.000
 917    -18.320  -1000.000    1    1   0.000    1.000    1.000    1.000
 918    -18.340  -1000.000    1    1   0.000    1.000    1.000    1.000
 919    -18.360  -1000.000    1    1   0.000    1.000    1.000    1.000
 920    -18.380  -1000.000    1    1   0.000    1.000    1.000    1.000
 921    -18.400  -1000.000    1    1   0.000    1.000    1.000    1.000
 922    -18.420  -1000.000    1    1   0.000    1.000    1.000    1.000
 923    -18.440  -1000.000    1    1   0.000    1.000    1.000    1.000
 924    -18.460  -1000.000    1    1   0.000    1.000    1.000    1.000
 925    -18.480  -1000.000    1    1   0.000    1.000    1.000    1.000
 926    -18.500  -1000.000    1    1   0.000    1.000    1.000    1.000
 927    -18.520  -1000.000    1    1   0.000    1.000    1.000    1.000
 928    -18.540  -1000.000    1    1   0.000    1.000    1.000    1.000
 929    -18.560  -1000.000    1    1   0.000    1.000    1.000    1.000
 930    -18.580  -1000.000    1    1   0.000    1.000    1.000    1.000
 931    -18.600  -1000.000    1    1   0.000    1.000    1.000    1.000
 932    -18.620  -1000.000    1    1   0.000    1.000    1.000    1.000
 933    -18.640  -1000.000    1    1   0.000    1.000    1.000    1.000
 934    -18.660  -1000.000    1    1   0.000    1.000    1.000    1.000
 935    -18.680  -1000.000    1    1   0.000    1.000    1.000    1.000
 936    -18.700  -1000.000    1    1   0.000    1.000    1.000    1.000
 937    -18.720  -1000.000    1    1   0.000    1.000    1.000    1.000
 938    -18.740  -1000.000    1    1   0.000    1.000    1.000    1.000
 939    -18.760  -1000.000    1    1   0.000    1.000    1.000    1.000
 940    -18.780  -1000.000    1    1   0.000    1.000    1.000    1.000
 941    -18.800  -1000.000    1    1   0.000    1.000    1.000    1.000
 942    -18.820  -1000.000    1    1   0.000    1.000    1.000    1.000
 943    -18.840  -1000.000    1    1   0.000    1.000    1.000    1.000
 944    -18.860  -1000.000    1    1   0.000    1.000    1.000    1.000
 945    -18.880  -1000.000    1    1   0.000    1.000    1.000    1.000
 946    -18.900  -1000.000    1    1   0.000    1.000    1.000    1.000
 947    -18.920  -1000.000    1    1   0.000    1.000    1.000    1.000
 948    -18.940  -1000.000    1    1   0.000    1.000    1.000    1.000
 949    -18.960  -1000.000    1    1   0.000    1.000    1.000    1.000
 950    -18.980  -1000.000    1    1   0.000    1.000    1.000    1.000
 951    -19.000  -1000.000    1    1   0.000    1.000    1.000    1.000
 952    -19.020  -1000.000    1    1   0.000    1.000    1.000    1.000
 953    -19.040  -1000.000    1    1   0.000    1.000    1.000    1.000
 954    -19.060  -1000.000    1    1   0.000    1.000    1.000    1.000
 955    -19.080  -1000.000    1    1   0.000    1.000    1.000    1.000
 956    -19.100  -1000.000    1    1   0.000    1.000    1.000    1.000
 957    -19.120  -1000.000    1    1   0.000    1.000    1.000    1.000
 958    -19.140  -1000.000    1    1   0.000    1.000    1.000    1.000
 959    -19.160  -1000.000    1    1   0.000    1.000    1.000    1.000
 960    -19.180  -1000.000    1    1   0.000    1.000    1.000    1.000
 961    -19.200  -1000.000    1    1   0.000    1.000    1.000    1.000
 962    -19.220  -1000.000    1    1   0.000    1.000    1.000    1.000
 963    -19.240  -1000.000    1    1   0.000    1.000    1.000    1.000
 964    -19.260  -1000.000    1    1   0.000    1.000    1.000    1.000
 965    -19.280  -1000.000    1    1   0.000    1.000    1.000    1.000
 966    -19.300  -1000.000    1    1   0.000    1.000    1.000    1.000
 967    -19.320  -1000.000    1    1   0.000    1.000    1.000    1.000
 968    -19.340  -1000.000    1    1   0.000    1.000    1.000    1.000
 969    -19.360  -1000.000    1    1   0.000    1.000    1.000    1.000
 970    -19.380  -1000.000    1    1   0.000    1.000    1.000    1.000
 971    -19.400  -1000.000    1    1   0.000    1.000    1.000    1.000
 972    -19.420  -1000.000    1    1   0.000    1.000    1.000    1.000
 973    -19.440  -1000.000    1    1   0.000    1.000    1.000    1.000
 974    -19.460  -1000.000    1    1   0.000    1.000    1.000    1.000
 975    -19.480  -1000.000    1    1   0.000    1.000    1.000    1.000
 976    -19.500  -1000.000    1    1   0.000    1.000    1.000    1.000
 977    -19.520  -1000.000    1    1   0.000    1.000    1.000    1.000
 978    -19.540  -1000.000    1    1   0.000    1.000    1.000    1.000
 979    -19.560  -1000.000    1    1   0.000    1.000    1.000    1.000
 980    -19.580  -1000.000    1    1   0.000    1.000    1.000    1.000
 981    -19.600  -1000.000    1    1   0.000    1.000    1.000    1.000
 982    -19.620  -1000.000    1    1   0.000    1.000    1.000    1.000
 983    -19.640  -1000.000    1    1   0.000    1.000    1.000    1.000
 984    -19.660  -1000.000    1    1   0.000    1.000    1.000    1.000
 985    -19.680  -1000.000    1    1   0.000    1.000    1.000    1.000
 986    -19.700  -1000.000    1    1   0.000    1.000    1.000    1.000
 987    -19.720  -1000.000    1    1   0.000    1.000    1.000    1.000
 988    -19.740  -1000.000    1    1   0.000    1.000    1.000    1.000
 989    -19.760  -1000.000    1    1   0.000    1.000    1.000    1.000
 990    -19.780  -1000.000    1    1   0.000    1.000    1.000    1.000
 991    -19.800  -1000.000    1    1   0.000    1.000    1.000    1.000
 992    -19.820  -1000.000    1    1   0.000    1.000    1.000    1.000
 993    -19.840  -1000.000    1    1   0.000    1.000    1.000    1.000
 994    -19.860  -1000.000    1    1   0.000    1.000    1.000    1.000
 995    -19.880  -1000.000    1    1   0.000    1.000    1.000    1.000
 996    -19.900  -1000.000    1    1   0.000    1.000    1.000    1.000
 997    -19.920  -1000.000    1    1   0.000    1.000    1.000    1.000
 998    -19.940  -1000.000    1    1   0.000    1.000    1.000    1.000
 999    -19.960  -1000.000    1    1   0.000    1.000    1.000    1.000
1000    -19.980  -1000.000    1    1   0.000    1.000    1.000    1.000
1001    -20.000  -1000.000    1    1   0.000    1.000    1.000    1.000
end

 Number of species in the chain :   0


MatNum, Param. array:

   Mat     Qr     Qs        Alfa         n          Ks      l

    1    0.065  0.410   0.750E-01   0.189E+01   0.442E+01  0.500
    2    0.078  0.430   0.360E-01   0.156E+01   0.104E+01  0.500

       Table of Hydraulic Properties which are interpolated in simulation
       =================================================================

  theta         h        log h        C             K        log K          S          Kv
 
  0.4100  -0.100E-05 -0.6000E+01  0.1050E-07  0.4421E+01  0.6455E+00    1.0000  0.0000E+00
  0.4100  -0.126E-05 -0.5899E+01  0.1291E-07  0.4421E+01  0.6455E+00    1.0000  0.0000E+00
  0.4100  -0.159E-05 -0.5798E+01  0.1588E-07  0.4421E+01  0.6455E+00    1.0000  0.0000E+00
  0.4100  -0.201E-05 -0.5697E+01  0.1953E-07  0.4421E+01  0.6455E+00    1.0000  0.0000E+00
  0.4100  -0.254E-05 -0.5596E+01  0.2403E-07  0.4421E+01  0.6455E+00    1.0000  0.0000E+00
  0.4100  -0.320E-05 -0.5495E+01  0.2955E-07  0.4421E+01  0.6455E+00    1.0000  0.0000E+00
  0.4100  -0.404E-05 -0.5394E+01  0.3635E-07  0.4421E+01  0.6455E+00    1.0000  0.0000E+00
  0.4100  -0.509E-05 -0.5293E+01  0.4471E-07  0.4421E+01  0.6455E+00    1.0000  0.0000E+00
  0.4100  -0.643E-05 -0.5192E+01  0.5499E-07  0.4421E+01  0.6455E+00    1.0000  0.0000E+00
  0.4100  -0.811E-05 -0.5091E+01  0.6763E-07  0.4421E+01  0.6455E+00    1.0000  0.0000E+00
  0.4100  -0.102E-04 -0.4990E+01  0.8319E-07  0.4421E+01  0.6455E+00    1.0000  0.0000E+00
  0.4100  -0.129E-04 -0.4889E+01  0.1023E-06  0.4421E+01  0.6455E+00    1.0000  0.0000E+00
  0.4100  -0.163E-04 -0.4788E+01  0.1259E-06  0.4421E+01  0.6455E+00    1.0000  0.0000E+00
  0.4100  -0.206E-04 -0.4687E+01  0.1548E-06  0.4421E+01  0.6455E+00    1.0000  0.0000E+00
  0.4100  -0.260E-04 -0.4586E+01  0.1904E-06  0.4421E+01  0.6455E+00    1.0000  0.0000E+00
  0.4100  -0.327E-04 -0.4485E+01  0.2342E-06  0.4421E+01  0.6455E+00    1.0000  0.0000E+00
  0.4100  -0.413E-04 -0.4384E+01  0.2880E-06  0.4421E+01  0.6455E+00    1.0000  0.0000E+00
  0.4100  -0.521E-04 -0.4283E+01  0.3543E-06  0.4421E+01  0.6455E+00    1.0000  0.0000E+00
  0.4100  -0.658E-04 -0.4182E+01  0.4358E-06  0.4421E+01  0.6455E+00    1.0000  0.0000E+00
  0.4100  -0.830E-04 -0.4081E+01  0.5360E-06  0.4421E+01  0.6455E+00    1.0000  0.0000E+00
  0.4100  -0.105E-03 -0.3980E+01  0.6593E-06  0.4421E+01  0.6455E+00    1.0000  0.0000E+00
  0.4100  -0.132E-03 -0.3879E+01  0.8109E-06  0.4421E+01  0.6455E+00    1.0000  0.0000E+00
  0.4100  -0.167E-03 -0.3778E+01  0.9974E-06  0.4420E+01  0.6455E+00    1.0000  0.0000E+00
  0.4100  -0.210E-03 -0.3677E+01  0.1227E-05  0.4420E+01  0.6455E+00    1.0000  0.0000E+00
  0.4100  -0.266E-03 -0.3576E+01  0.1509E-05  0.4420E+01  0.6454E+00    1.0000  0.0000E+00
  0.4100  -0.335E-03 -0.3475E+01  0.1856E-05  0.4420E+01  0.6454E+00    1.0000  0.0000E+00
  0.4100  -0.423E-03 -0.3374E+01  0.2283E-05  0.4420E+01  0.6454E+00    1.0000  0.0000E+00
  0.4100  -0.534E-03 -0.3273E+01  0.2808E-05  0.4420E+01  0.6454E+00    1.0000  0.0000E+00
  0.4100  -0.673E-03 -0.3172E+01  0.3453E-05  0.4420E+01  0.6454E+00    1.0000  0.0000E+00
  0.4100  -0.850E-03 -0.3071E+01  0.4248E-05  0.4419E+01  0.6453E+00    1.0000  0.0000E+00
  0.4100  -0.107E-02 -0.2970E+01  0.5224E-05  0.4419E+01  0.6453E+00    1.0000  0.0000E+00
  0.4100  -0.135E-02 -0.2869E+01  0.6426E-05  0.4418E+01  0.6453E+00    1.0000  0.0000E+00
  0.4100  -0.171E-02 -0.2768E+01  0.7904E-05  0.4418E+01  0.6452E+00    1.0000  0.0000E+00
  0.4100  -0.215E-02 -0.2667E+01  0.9722E-05  0.4417E+01  0.6451E+00    1.0000  0.0000E+00
  0.4100  -0.272E-02 -0.2566E+01  0.1196E-04  0.4416E+01  0.6451E+00    1.0000  0.5389E-32
  0.4100  -0.343E-02 -0.2465E+01  0.1471E-04  0.4415E+01  0.6449E+00    1.0000  0.5389E-32
  0.4100  -0.433E-02 -0.2364E+01  0.1809E-04  0.4414E+01  0.6448E+00    1.0000  0.5389E-32
  0.4100  -0.546E-02 -0.2263E+01  0.2225E-04  0.4412E+01  0.6447E+00    1.0000  0.5431E-31
  0.4100  -0.689E-02 -0.2162E+01  0.2737E-04  0.4410E+01  0.6445E+00    1.0000  0.2098E-30
  0.4100  -0.870E-02 -0.2061E+01  0.3366E-04  0.4408E+01  0.6442E+00    1.0000  0.1152E-29
  0.4100  -0.110E-01 -0.1960E+01  0.4140E-04  0.4405E+01  0.6439E+00    1.0000  0.5518E-29
  0.4100  -0.138E-01 -0.1859E+01  0.5093E-04  0.4401E+01  0.6436E+00    1.0000  0.2784E-28
  0.4100  -0.175E-01 -0.1758E+01  0.6264E-04  0.4397E+01  0.6431E+00    1.0000  0.9863E-28
  0.4100  -0.221E-01 -0.1657E+01  0.7704E-04  0.4391E+01  0.6426E+00    1.0000  0.4521E-27
  0.4100  -0.278E-01 -0.1556E+01  0.9476E-04  0.4385E+01  0.6419E+00    1.0000  0.2019E-26
  0.4100  -0.351E-01 -0.1455E+01  0.1166E-03  0.4376E+01  0.6411E+00    1.0000  0.8761E-26
  0.4100  -0.443E-01 -0.1354E+01  0.1434E-03  0.4366E+01  0.6401E+00    1.0000  0.3759E-25
  0.4100  -0.559E-01 -0.1253E+01  0.1763E-03  0.4353E+01  0.6388E+00    1.0000  0.1615E-24
  0.4100  -0.705E-01 -0.1152E+01  0.2169E-03  0.4338E+01  0.6373E+00    1.0000  0.7026E-24
  0.4100  -0.890E-01 -0.1051E+01  0.2667E-03  0.4319E+01  0.6354E+00    1.0000  0.3038E-23
  0.4100  -0.112E+00 -0.9495E+00  0.3281E-03  0.4296E+01  0.6330E+00    0.9999  0.1308E-22
  0.4100  -0.142E+00 -0.8485E+00  0.4035E-03  0.4267E+01  0.6301E+00    0.9999  0.5663E-22
  0.4100  -0.179E+00 -0.7475E+00  0.4962E-03  0.4232E+01  0.6265E+00    0.9999  0.2455E-21
  0.4099  -0.226E+00 -0.6465E+00  0.6101E-03  0.4189E+01  0.6221E+00    0.9998  0.1063E-20
  0.4099  -0.285E+00 -0.5455E+00  0.7502E-03  0.4137E+01  0.6166E+00    0.9997  0.4594E-20
  0.4098  -0.359E+00 -0.4444E+00  0.9222E-03  0.4072E+01  0.6099E+00    0.9995  0.1987E-19
  0.4097  -0.453E+00 -0.3434E+00  0.1133E-02  0.3994E+01  0.6014E+00    0.9992  0.8590E-19
  0.4096  -0.572E+00 -0.2424E+00  0.1392E-02  0.3899E+01  0.5909E+00    0.9988  0.3709E-18
  0.4093  -0.722E+00 -0.1414E+00  0.1709E-02  0.3783E+01  0.5778E+00    0.9981  0.1600E-17
  0.4090  -0.911E+00 -0.4040E-01  0.2095E-02  0.3643E+01  0.5615E+00    0.9971  0.6889E-17
  0.4084  -0.115E+01  0.6061E-01  0.2563E-02  0.3475E+01  0.5409E+00    0.9954  0.2957E-16
  0.4076  -0.145E+01  0.1616E+00  0.3128E-02  0.3274E+01  0.5151E+00    0.9930  0.1263E-15
  0.4063  -0.183E+01  0.2626E+00  0.3802E-02  0.3036E+01  0.4824E+00    0.9891  0.5360E-15
  0.4042  -0.231E+01  0.3636E+00  0.4591E-02  0.2760E+01  0.4408E+00    0.9833  0.2250E-14
  0.4012  -0.292E+01  0.4646E+00  0.5489E-02  0.2443E+01  0.3879E+00    0.9745  0.9289E-14
  0.3966  -0.368E+01  0.5657E+00  0.6469E-02  0.2090E+01  0.3202E+00    0.9612  0.3743E-13
  0.3899  -0.464E+01  0.6667E+00  0.7463E-02  0.1713E+01  0.2337E+00    0.9417  0.1455E-12
  0.3802  -0.586E+01  0.7677E+00  0.8354E-02  0.1328E+01  0.1232E+00    0.9137  0.5370E-12
  0.3669  -0.739E+01  0.8687E+00  0.8976E-02  0.9626E+00 -0.1657E-01    0.8750  0.1847E-11
  0.3492  -0.933E+01  0.9697E+00  0.9148E-02  0.6440E+00 -0.1911E+00    0.8239  0.5788E-11
  0.3273  -0.118E+02  0.1071E+01  0.8753E-02  0.3940E+00 -0.4045E+00    0.7603  0.1619E-10
  0.3017  -0.148E+02  0.1172E+01  0.7813E-02  0.2196E+00 -0.6583E+00    0.6861  0.3976E-10
  0.2739  -0.187E+02  0.1273E+01  0.6503E-02  0.1119E+00 -0.9511E+00    0.6055  0.8518E-10
  0.2456  -0.236E+02  0.1374E+01  0.5078E-02  0.5268E-01 -0.1278E+01    0.5235  0.1598E-09
  0.2185  -0.298E+02  0.1475E+01  0.3759E-02  0.2323E-01 -0.1634E+01    0.4449  0.2658E-09
  0.1937  -0.376E+02  0.1576E+01  0.2668E-02  0.9743E-02 -0.2011E+01    0.3731  0.3987E-09
  0.1719  -0.475E+02  0.1677E+01  0.1836E-02  0.3939E-02 -0.2405E+01    0.3098  0.5494E-09
  0.1531  -0.599E+02  0.1778E+01  0.1236E-02  0.1552E-02 -0.2809E+01    0.2555  0.7073E-09
  0.1373  -0.756E+02  0.1879E+01  0.8202E-03  0.6011E-03 -0.3221E+01    0.2097  0.8631E-09
  0.1242  -0.955E+02  0.1980E+01  0.5386E-03  0.2301E-03 -0.3638E+01    0.1715  0.1010E-08
  0.1133  -0.120E+03  0.2081E+01  0.3514E-03  0.8736E-04 -0.4059E+01    0.1400  0.1144E-08
  0.1044  -0.152E+03  0.2182E+01  0.2282E-03  0.3301E-04 -0.4481E+01    0.1141  0.1263E-08
  0.0971  -0.192E+03  0.2283E+01  0.1478E-03  0.1243E-04 -0.4906E+01    0.0929  0.1366E-08
  0.0911  -0.242E+03  0.2384E+01  0.9556E-04  0.4671E-05 -0.5331E+01    0.0756  0.1455E-08
  0.0862  -0.305E+03  0.2485E+01  0.6171E-04  0.1753E-05 -0.5756E+01    0.0615  0.1530E-08
  0.0823  -0.385E+03  0.2586E+01  0.3981E-04  0.6572E-06 -0.6182E+01    0.0501  0.1593E-08
  0.0790  -0.486E+03  0.2687E+01  0.2567E-04  0.2463E-06 -0.6609E+01    0.0407  0.1646E-08
  0.0764  -0.614E+03  0.2788E+01  0.1655E-04  0.9224E-07 -0.7035E+01    0.0331  0.1690E-08
  0.0743  -0.774E+03  0.2889E+01  0.1067E-04  0.3454E-07 -0.7462E+01    0.0269  0.1726E-08
  0.0725  -0.977E+03  0.2990E+01  0.6876E-05  0.1293E-07 -0.7888E+01    0.0219  0.1755E-08
  0.0711  -0.123E+04  0.3091E+01  0.4431E-05  0.4842E-08 -0.8315E+01    0.0178  0.1780E-08
  0.0700  -0.156E+04  0.3192E+01  0.2855E-05  0.1812E-08 -0.8742E+01    0.0145  0.1799E-08
  0.0691  -0.196E+04  0.3293E+01  0.1840E-05  0.6785E-09 -0.9168E+01    0.0118  0.1815E-08
  0.0683  -0.248E+04  0.3394E+01  0.1185E-05  0.2540E-09 -0.9595E+01    0.0096  0.1828E-08
  0.0677  -0.313E+04  0.3495E+01  0.7637E-06  0.9507E-10 -0.1002E+02    0.0078  0.1838E-08
  0.0672  -0.394E+04  0.3596E+01  0.4921E-06  0.3559E-10 -0.1045E+02    0.0063  0.1846E-08
  0.0668  -0.498E+04  0.3697E+01  0.3170E-06  0.1332E-10 -0.1088E+02    0.0051  0.1852E-08
  0.0664  -0.628E+04  0.3798E+01  0.2043E-06  0.4986E-11 -0.1130E+02    0.0042  0.1856E-08
  0.0662  -0.792E+04  0.3899E+01  0.1316E-06  0.1866E-11 -0.1173E+02    0.0034  0.1859E-08
  0.0660  -0.100E+05  0.4000E+01  0.8480E-07  0.6986E-12 -0.1216E+02    0.0028  0.1860E-08
end
 
  0.4300  -0.100E-05 -0.6000E+01  0.4815E-06  0.1040E+01  0.1697E-01    1.0000  0.0000E+00
  0.4300  -0.126E-05 -0.5899E+01  0.5484E-06  0.1040E+01  0.1697E-01    1.0000  0.0000E+00
  0.4300  -0.159E-05 -0.5798E+01  0.6247E-06  0.1040E+01  0.1696E-01    1.0000  0.0000E+00
  0.4300  -0.201E-05 -0.5697E+01  0.7116E-06  0.1040E+01  0.1695E-01    1.0000  0.0000E+00
  0.4300  -0.254E-05 -0.5596E+01  0.8106E-06  0.1040E+01  0.1693E-01    1.0000  0.0000E+00
  0.4300  -0.320E-05 -0.5495E+01  0.9234E-06  0.1040E+01  0.1692E-01    1.0000  0.0000E+00
  0.4300  -0.404E-05 -0.5394E+01  0.1052E-05  0.1040E+01  0.1690E-01    1.0000  0.0000E+00
  0.4300  -0.509E-05 -0.5293E+01  0.1198E-05  0.1040E+01  0.1689E-01    1.0000  0.0000E+00
  0.4300  -0.643E-05 -0.5192E+01  0.1365E-05  0.1040E+01  0.1687E-01    1.0000  0.0000E+00
  0.4300  -0.811E-05 -0.5091E+01  0.1555E-05  0.1040E+01  0.1684E-01    1.0000  0.0000E+00
  0.4300  -0.102E-04 -0.4990E+01  0.1771E-05  0.1039E+01  0.1682E-01    1.0000  0.0000E+00
  0.4300  -0.129E-04 -0.4889E+01  0.2017E-05  0.1039E+01  0.1679E-01    1.0000  0.0000E+00
  0.4300  -0.163E-04 -0.4788E+01  0.2298E-05  0.1039E+01  0.1675E-01    1.0000  0.0000E+00
  0.4300  -0.206E-04 -0.4687E+01  0.2618E-05  0.1039E+01  0.1671E-01    1.0000  0.0000E+00
  0.4300  -0.260E-04 -0.4586E+01  0.2982E-05  0.1039E+01  0.1667E-01    1.0000  0.0000E+00
  0.4300  -0.327E-04 -0.4485E+01  0.3397E-05  0.1039E+01  0.1662E-01    1.0000  0.0000E+00
  0.4300  -0.413E-04 -0.4384E+01  0.3869E-05  0.1039E+01  0.1656E-01    1.0000  0.0000E+00
  0.4300  -0.521E-04 -0.4283E+01  0.4407E-05  0.1039E+01  0.1649E-01    1.0000  0.0000E+00
  0.4300  -0.658E-04 -0.4182E+01  0.5020E-05  0.1039E+01  0.1642E-01    1.0000  0.0000E+00
  0.4300  -0.830E-04 -0.4081E+01  0.5719E-05  0.1038E+01  0.1633E-01    1.0000  0.0000E+00
  0.4300  -0.105E-03 -0.3980E+01  0.6514E-05  0.1038E+01  0.1624E-01    1.0000  0.0000E+00
  0.4300  -0.132E-03 -0.3879E+01  0.7421E-05  0.1038E+01  0.1612E-01    1.0000  0.0000E+00
  0.4300  -0.167E-03 -0.3778E+01  0.8453E-05  0.1038E+01  0.1600E-01    1.0000  0.0000E+00
  0.4300  -0.210E-03 -0.3677E+01  0.9629E-05  0.1037E+01  0.1585E-01    1.0000  0.0000E+00
  0.4300  -0.266E-03 -0.3576E+01  0.1097E-04  0.1037E+01  0.1569E-01    1.0000  0.0000E+00
  0.4300  -0.335E-03 -0.3475E+01  0.1249E-04  0.1036E+01  0.1550E-01    1.0000  0.0000E+00
  0.4300  -0.423E-03 -0.3374E+01  0.1423E-04  0.1036E+01  0.1529E-01    1.0000  0.0000E+00
  0.4300  -0.534E-03 -0.3273E+01  0.1621E-04  0.1035E+01  0.1505E-01    1.0000  0.0000E+00
  0.4300  -0.673E-03 -0.3172E+01  0.1847E-04  0.1035E+01  0.1477E-01    1.0000  0.0000E+00
  0.4300  -0.850E-03 -0.3071E+01  0.2104E-04  0.1034E+01  0.1445E-01    1.0000  0.0000E+00
  0.4300  -0.107E-02 -0.2970E+01  0.2396E-04  0.1033E+01  0.1410E-01    1.0000  0.4899E-32
  0.4300  -0.135E-02 -0.2869E+01  0.2730E-04  0.1032E+01  0.1369E-01    1.0000  0.4899E-32
  0.4300  -0.171E-02 -0.2768E+01  0.3109E-04  0.1031E+01  0.1322E-01    1.0000  0.4899E-32
  0.4300  -0.215E-02 -0.2667E+01  0.3542E-04  0.1030E+01  0.1269E-01    1.0000  0.4938E-31
  0.4300  -0.272E-02 -0.2566E+01  0.4035E-04  0.1028E+01  0.1208E-01    1.0000  0.4938E-31
  0.4300  -0.343E-02 -0.2465E+01  0.4596E-04  0.1027E+01  0.1139E-01    1.0000  0.1908E-30
  0.4300  -0.433E-02 -0.2364E+01  0.5235E-04  0.1025E+01  0.1060E-01    1.0000  0.1047E-29
  0.4300  -0.546E-02 -0.2263E+01  0.5963E-04  0.1023E+01  0.9703E-02    1.0000  0.3214E-29
  0.4300  -0.689E-02 -0.2162E+01  0.6793E-04  0.1020E+01  0.8679E-02    1.0000  0.1055E-28
  0.4300  -0.870E-02 -0.2061E+01  0.7738E-04  0.1017E+01  0.7510E-02    1.0000  0.3240E-28
  0.4300  -0.110E-01 -0.1960E+01  0.8814E-04  0.1014E+01  0.6177E-02    1.0000  0.1252E-27
  0.4300  -0.138E-01 -0.1859E+01  0.1004E-03  0.1011E+01  0.4656E-02    1.0000  0.4110E-27
  0.4300  -0.175E-01 -0.1758E+01  0.1144E-03  0.1007E+01  0.2919E-02    1.0000  0.1365E-26
  0.4300  -0.221E-01 -0.1657E+01  0.1303E-03  0.1002E+01  0.9375E-03    1.0000  0.4621E-26
  0.4300  -0.278E-01 -0.1556E+01  0.1484E-03  0.9970E+00 -0.1326E-02    1.0000  0.1542E-25
  0.4300  -0.351E-01 -0.1455E+01  0.1690E-03  0.9910E+00 -0.3911E-02    1.0000  0.5178E-25
  0.4300  -0.443E-01 -0.1354E+01  0.1926E-03  0.9843E+00 -0.6866E-02    1.0000  0.1736E-24
  0.4300  -0.559E-01 -0.1253E+01  0.2193E-03  0.9767E+00 -0.1024E-01    1.0000  0.5783E-24
  0.4300  -0.705E-01 -0.1152E+01  0.2498E-03  0.9680E+00 -0.1411E-01    1.0000  0.1930E-23
  0.4300  -0.890E-01 -0.1051E+01  0.2846E-03  0.9582E+00 -0.1853E-01    1.0000  0.6478E-23
  0.4300  -0.112E+00 -0.9495E+00  0.3241E-03  0.9471E+00 -0.2360E-01    0.9999  0.2168E-22
  0.4300  -0.142E+00 -0.8485E+00  0.3692E-03  0.9345E+00 -0.2941E-01    0.9999  0.7276E-22
  0.4300  -0.179E+00 -0.7475E+00  0.4205E-03  0.9203E+00 -0.3607E-01    0.9999  0.2436E-21
  0.4299  -0.226E+00 -0.6465E+00  0.4789E-03  0.9042E+00 -0.4373E-01    0.9998  0.8168E-21
  0.4299  -0.285E+00 -0.5455E+00  0.5453E-03  0.8861E+00 -0.5253E-01    0.9997  0.2734E-20
  0.4299  -0.359E+00 -0.4444E+00  0.6209E-03  0.8656E+00 -0.6268E-01    0.9996  0.9158E-20
  0.4298  -0.453E+00 -0.3434E+00  0.7068E-03  0.8426E+00 -0.7438E-01    0.9994  0.3067E-19
  0.4297  -0.572E+00 -0.2424E+00  0.8043E-03  0.8168E+00 -0.8790E-01    0.9992  0.1026E-18
  0.4296  -0.722E+00 -0.1414E+00  0.9149E-03  0.7879E+00 -0.1036E+00    0.9988  0.3431E-18
  0.4294  -0.911E+00 -0.4040E-01  0.1040E-02  0.7556E+00 -0.1217E+00    0.9983  0.1146E-17
  0.4291  -0.115E+01  0.6061E-01  0.1181E-02  0.7196E+00 -0.1429E+00    0.9975  0.3823E-17
  0.4287  -0.145E+01  0.1616E+00  0.1340E-02  0.6799E+00 -0.1676E+00    0.9964  0.1273E-16
  0.4282  -0.183E+01  0.2626E+00  0.1518E-02  0.6360E+00 -0.1965E+00    0.9949  0.4224E-16
  0.4274  -0.231E+01  0.3636E+00  0.1714E-02  0.5882E+00 -0.2305E+00    0.9927  0.1396E-15
  0.4263  -0.292E+01  0.4646E+00  0.1930E-02  0.5363E+00 -0.2706E+00    0.9896  0.4586E-15
  0.4248  -0.368E+01  0.5657E+00  0.2161E-02  0.4808E+00 -0.3181E+00    0.9851  0.1494E-14
  0.4226  -0.464E+01  0.6667E+00  0.2403E-02  0.4222E+00 -0.3744E+00    0.9789  0.4808E-14
  0.4195  -0.586E+01  0.7677E+00  0.2646E-02  0.3617E+00 -0.4416E+00    0.9701  0.1522E-13
  0.4152  -0.739E+01  0.8687E+00  0.2875E-02  0.3008E+00 -0.5218E+00    0.9581  0.4711E-13
  0.4095  -0.933E+01  0.9697E+00  0.3068E-02  0.2413E+00 -0.6175E+00    0.9417  0.1414E-12
  0.4018  -0.118E+02  0.1071E+01  0.3198E-02  0.1856E+00 -0.7315E+00    0.9199  0.4075E-12
  0.3919  -0.148E+02  0.1172E+01  0.3237E-02  0.1360E+00 -0.8665E+00    0.8916  0.1115E-11
  0.3794  -0.187E+02  0.1273E+01  0.3162E-02  0.9440E-01 -0.1025E+01    0.8562  0.2864E-11
  0.3643  -0.236E+02  0.1374E+01  0.2967E-02  0.6184E-01 -0.1209E+01    0.8134  0.6826E-11
  0.3469  -0.298E+02  0.1475E+01  0.2664E-02  0.3818E-01 -0.1418E+01    0.7638  0.1497E-10
  0.3276  -0.376E+02  0.1576E+01  0.2288E-02  0.2226E-01 -0.1652E+01    0.7090  0.3003E-10
  0.3071  -0.475E+02  0.1677E+01  0.1884E-02  0.1231E-01 -0.1910E+01    0.6507  0.5516E-10
  0.2862  -0.599E+02  0.1778E+01  0.1494E-02  0.6504E-02 -0.2187E+01    0.5914  0.9306E-10
  0.2656  -0.756E+02  0.1879E+01  0.1148E-02  0.3308E-02 -0.2480E+01    0.5330  0.1453E-09
  0.2459  -0.955E+02  0.1980E+01  0.8598E-03  0.1633E-02 -0.2787E+01    0.4771  0.2118E-09
  0.2275  -0.120E+03  0.2081E+01  0.6311E-03  0.7873E-03 -0.3104E+01    0.4248  0.2910E-09
  0.2106  -0.152E+03  0.2182E+01  0.4564E-03  0.3731E-03 -0.3428E+01    0.3767  0.3802E-09
  0.1953  -0.192E+03  0.2283E+01  0.3264E-03  0.1746E-03 -0.3758E+01    0.3331  0.4762E-09
  0.1815  -0.242E+03  0.2384E+01  0.2315E-03  0.8095E-04 -0.4092E+01    0.2940  0.5760E-09
  0.1692  -0.305E+03  0.2485E+01  0.1633E-03  0.3729E-04 -0.4428E+01    0.2590  0.6767E-09
  0.1582  -0.385E+03  0.2586E+01  0.1147E-03  0.1709E-04 -0.4767E+01    0.2279  0.7759E-09
  0.1486  -0.486E+03  0.2687E+01  0.8034E-04  0.7812E-05 -0.5107E+01    0.2005  0.8717E-09
  0.1400  -0.614E+03  0.2788E+01  0.5616E-04  0.3561E-05 -0.5448E+01    0.1762  0.9630E-09
  0.1325  -0.774E+03  0.2889E+01  0.3920E-04  0.1621E-05 -0.5790E+01    0.1548  0.1049E-08
  0.1259  -0.977E+03  0.2990E+01  0.2733E-04  0.7370E-06 -0.6133E+01    0.1360  0.1128E-08
  0.1200  -0.123E+04  0.3091E+01  0.1905E-04  0.3348E-06 -0.6475E+01    0.1194  0.1202E-08
  0.1149  -0.156E+04  0.3192E+01  0.1326E-04  0.1520E-06 -0.6818E+01    0.1049  0.1269E-08
  0.1104  -0.196E+04  0.3293E+01  0.9236E-05  0.6901E-07 -0.7161E+01    0.0921  0.1330E-08
  0.1065  -0.248E+04  0.3394E+01  0.6429E-05  0.3131E-07 -0.7504E+01    0.0809  0.1385E-08
  0.1030  -0.313E+04  0.3495E+01  0.4474E-05  0.1421E-07 -0.7848E+01    0.0710  0.1435E-08
  0.0999  -0.394E+04  0.3596E+01  0.3113E-05  0.6444E-08 -0.8191E+01    0.0623  0.1479E-08
  0.0973  -0.498E+04  0.3697E+01  0.2166E-05  0.2923E-08 -0.8534E+01    0.0547  0.1518E-08
  0.0949  -0.628E+04  0.3798E+01  0.1507E-05  0.1326E-08 -0.8878E+01    0.0480  0.1553E-08
  0.0928  -0.792E+04  0.3899E+01  0.1049E-05  0.6013E-09 -0.9221E+01    0.0422  0.1583E-08
  0.0910  -0.100E+05  0.4000E+01  0.7297E-06  0.2727E-09 -0.9564E+01    0.0370  0.1609E-08
end
