 ******* Program HYDRUS
 ******* 
 Welcome to HYDRUS-1D                                                    
 Date:   6.12.2021    Time:  11: 5:44
 Units: L = cm   , T = hours, M = mmol 

----------------------------------------------------------
 Time       [T]        0.0000
----------------------------------------------------------
 Sub-region num.                     1
----------------------------------------------------------
 Length   [L]        0.20000E+02  0.20000E+02
 W-volume [L]        0.19211E+01  0.19211E+01
 In-flow  [L/T]      0.00000E+00  0.00000E+00
 h Mean   [L]       -0.30583E+01 -0.30583E+01
 Top Flux [L/T]     -0.10956E+00
 Bot Flux [L/T]     -0.10053E+00
----------------------------------------------------------

----------------------------------------------------------
 Time       [T]        0.1000
----------------------------------------------------------
 Sub-region num.                     1
----------------------------------------------------------
 Length   [L]        0.20000E+02  0.20000E+02
 W-volume [L]        0.20011E+01  0.20011E+01
 In-flow  [L/T]      0.79949E+00  0.79949E+00
 h Mean   [L]       -0.26080E+01 -0.26080E+01
 Top Flux [L/T]     -0.89829E+00
 Bot Flux [L/T]     -0.10051E+00
 WatBalT  [L]       -0.81956E-07
 WatBalR  [%]              0.000
----------------------------------------------------------

----------------------------------------------------------
 Time       [T]        0.2000
----------------------------------------------------------
 Sub-region num.                     1
----------------------------------------------------------
 Length   [L]        0.20000E+02  0.20000E+02
 W-volume [L]        0.20810E+01  0.20810E+01
 In-flow  [L/T]      0.79948E+00  0.79948E+00
 h Mean   [L]       -0.23386E+01 -0.23386E+01
 Top Flux [L/T]     -0.89956E+00
 Bot Flux [L/T]     -0.10051E+00
 WatBalT  [L]       -0.16391E-06
 WatBalR  [%]              0.000
----------------------------------------------------------

----------------------------------------------------------
 Time       [T]        0.3000
----------------------------------------------------------
 Sub-region num.                     1
----------------------------------------------------------
 Length   [L]        0.20000E+02  0.20000E+02
 W-volume [L]        0.21609E+01  0.21609E+01
 In-flow  [L/T]      0.79940E+00  0.79940E+00
 h Mean   [L]       -0.21822E+01 -0.21822E+01
 Top Flux [L/T]     -0.89976E+00
 Bot Flux [L/T]     -0.10059E+00
 WatBalT  [L]        0.90897E-06
 WatBalR  [%]              0.000
----------------------------------------------------------

----------------------------------------------------------
 Time       [T]        0.4000
----------------------------------------------------------
 Sub-region num.                     1
----------------------------------------------------------
 Length   [L]        0.20000E+02  0.20000E+02
 W-volume [L]        0.22409E+01  0.22409E+01
 In-flow  [L/T]      0.79930E+00  0.79930E+00
 h Mean   [L]       -0.20769E+01 -0.20769E+01
 Top Flux [L/T]     -0.89994E+00
 Bot Flux [L/T]     -0.10071E+00
 WatBalT  [L]       -0.59605E-07
 WatBalR  [%]              0.000
----------------------------------------------------------

----------------------------------------------------------
 Time       [T]        0.5000
----------------------------------------------------------
 Sub-region num.                     1
----------------------------------------------------------
 Length   [L]        0.20000E+02  0.20000E+02
 W-volume [L]        0.23208E+01  0.23208E+01
 In-flow  [L/T]      0.79918E+00  0.79918E+00
 h Mean   [L]       -0.20011E+01 -0.20011E+01
 Top Flux [L/T]     -0.89998E+00
 Bot Flux [L/T]     -0.10083E+00
 WatBalT  [L]       -0.68545E-06
 WatBalR  [%]              0.000
----------------------------------------------------------

----------------------------------------------------------
 Time       [T]        0.6000
----------------------------------------------------------
 Sub-region num.                     1
----------------------------------------------------------
 Length   [L]        0.20000E+02  0.20000E+02
 W-volume [L]        0.24007E+01  0.24007E+01
 In-flow  [L/T]      0.79903E+00  0.79903E+00
 h Mean   [L]       -0.19396E+01 -0.19396E+01
 Top Flux [L/T]     -0.89999E+00
 Bot Flux [L/T]     -0.10095E+00
 WatBalT  [L]       -0.14901E-06
 WatBalR  [%]              0.000
----------------------------------------------------------

----------------------------------------------------------
 Time       [T]        0.7000
----------------------------------------------------------
 Sub-region num.                     1
----------------------------------------------------------
 Length   [L]        0.20000E+02  0.20000E+02
 W-volume [L]        0.24806E+01  0.24806E+01
 In-flow  [L/T]      0.79892E+00  0.79892E+00
 h Mean   [L]       -0.18845E+01 -0.18845E+01
 Top Flux [L/T]     -0.90000E+00
 Bot Flux [L/T]     -0.10107E+00
 WatBalT  [L]        0.35763E-06
 WatBalR  [%]              0.000
----------------------------------------------------------

----------------------------------------------------------
 Time       [T]        0.8000
----------------------------------------------------------
 Sub-region num.                     1
----------------------------------------------------------
 Length   [L]        0.20000E+02  0.20000E+02
 W-volume [L]        0.25605E+01  0.25605E+01
 In-flow  [L/T]      0.79881E+00  0.79881E+00
 h Mean   [L]       -0.18334E+01 -0.18334E+01
 Top Flux [L/T]     -0.90000E+00
 Bot Flux [L/T]     -0.10118E+00
 WatBalT  [L]       -0.89407E-06
 WatBalR  [%]              0.000
----------------------------------------------------------

----------------------------------------------------------
 Time       [T]        0.9000
----------------------------------------------------------
 Sub-region num.                     1
----------------------------------------------------------
 Length   [L]        0.20000E+02  0.20000E+02
 W-volume [L]        0.26404E+01  0.26404E+01
 In-flow  [L/T]      0.79866E+00  0.79866E+00
 h Mean   [L]       -0.17853E+01 -0.17853E+01
 Top Flux [L/T]     -0.90000E+00
 Bot Flux [L/T]     -0.10131E+00
 WatBalT  [L]       -0.53644E-06
 WatBalR  [%]              0.000
----------------------------------------------------------

----------------------------------------------------------
 Time       [T]        1.0000
----------------------------------------------------------
 Sub-region num.                     1
----------------------------------------------------------
 Length   [L]        0.20000E+02  0.20000E+02
 W-volume [L]        0.27202E+01  0.27202E+01
 In-flow  [L/T]      0.79848E+00  0.79848E+00
 h Mean   [L]       -0.17396E+01 -0.17396E+01
 Top Flux [L/T]     -0.90000E+00
 Bot Flux [L/T]     -0.10152E+00
 WatBalT  [L]       -0.19670E-05
 WatBalR  [%]              0.000
----------------------------------------------------------

----------------------------------------------------------
 Time       [T]        1.1000
----------------------------------------------------------
 Sub-region num.                     1
----------------------------------------------------------
 Length   [L]        0.20000E+02  0.20000E+02
 W-volume [L]        0.28001E+01  0.28001E+01
 In-flow  [L/T]      0.79806E+00  0.79806E+00
 h Mean   [L]       -0.16966E+01 -0.16966E+01
 Top Flux [L/T]     -0.90000E+00
 Bot Flux [L/T]     -0.10197E+00
 WatBalT  [L]       -0.11325E-05
 WatBalR  [%]              0.000
----------------------------------------------------------

----------------------------------------------------------
 Time       [T]        1.2000
----------------------------------------------------------
 Sub-region num.                     1
----------------------------------------------------------
 Length   [L]        0.20000E+02  0.20000E+02
 W-volume [L]        0.28798E+01  0.28798E+01
 In-flow  [L/T]      0.79710E+00  0.79710E+00
 h Mean   [L]       -0.16554E+01 -0.16554E+01
 Top Flux [L/T]     -0.90000E+00
 Bot Flux [L/T]     -0.10289E+00
 WatBalT  [L]       -0.65565E-06
 WatBalR  [%]              0.000
----------------------------------------------------------

----------------------------------------------------------
 Time       [T]        1.3000
----------------------------------------------------------
 Sub-region num.                     1
----------------------------------------------------------
 Length   [L]        0.20000E+02  0.20000E+02
 W-volume [L]        0.29595E+01  0.29595E+01
 In-flow  [L/T]      0.79543E+00  0.79543E+00
 h Mean   [L]       -0.16158E+01 -0.16158E+01
 Top Flux [L/T]     -0.90000E+00
 Bot Flux [L/T]     -0.10458E+00
 WatBalT  [L]       -0.36955E-05
 WatBalR  [%]              0.000
----------------------------------------------------------

----------------------------------------------------------
 Time       [T]        1.4000
----------------------------------------------------------
 Sub-region num.                     1
----------------------------------------------------------
 Length   [L]        0.20000E+02  0.20000E+02
 W-volume [L]        0.30389E+01  0.30389E+01
 In-flow  [L/T]      0.79262E+00  0.79262E+00
 h Mean   [L]       -0.15777E+01 -0.15777E+01
 Top Flux [L/T]     -0.90000E+00
 Bot Flux [L/T]     -0.10739E+00
 WatBalT  [L]       -0.19073E-05
 WatBalR  [%]              0.000
----------------------------------------------------------

----------------------------------------------------------
 Time       [T]        1.5000
----------------------------------------------------------
 Sub-region num.                     1
----------------------------------------------------------
 Length   [L]        0.20000E+02  0.20000E+02
 W-volume [L]        0.31179E+01  0.31179E+01
 In-flow  [L/T]      0.78814E+00  0.78814E+00
 h Mean   [L]       -0.15419E+01 -0.15419E+01
 Top Flux [L/T]     -0.90000E+00
 Bot Flux [L/T]     -0.11184E+00
 WatBalT  [L]       -0.23842E-05
 WatBalR  [%]              0.000
----------------------------------------------------------

----------------------------------------------------------
 Time       [T]        1.6000
----------------------------------------------------------
 Sub-region num.                     1
----------------------------------------------------------
 Length   [L]        0.20000E+02  0.20000E+02
 W-volume [L]        0.31964E+01  0.31964E+01
 In-flow  [L/T]      0.78174E+00  0.78174E+00
 h Mean   [L]       -0.15085E+01 -0.15085E+01
 Top Flux [L/T]     -0.90000E+00
 Bot Flux [L/T]     -0.11827E+00
 WatBalT  [L]       -0.15497E-05
 WatBalR  [%]              0.000
----------------------------------------------------------

----------------------------------------------------------
 Time       [T]        1.7000
----------------------------------------------------------
 Sub-region num.                     1
----------------------------------------------------------
 Length   [L]        0.20000E+02  0.20000E+02
 W-volume [L]        0.32742E+01  0.32742E+01
 In-flow  [L/T]      0.77334E+00  0.77334E+00
 h Mean   [L]       -0.14765E+01 -0.14765E+01
 Top Flux [L/T]     -0.90000E+00
 Bot Flux [L/T]     -0.12665E+00
 WatBalT  [L]       -0.27418E-05
 WatBalR  [%]              0.000
----------------------------------------------------------

----------------------------------------------------------
 Time       [T]        1.8000
----------------------------------------------------------
 Sub-region num.                     1
----------------------------------------------------------
 Length   [L]        0.20000E+02  0.20000E+02
 W-volume [L]        0.33510E+01  0.33510E+01
 In-flow  [L/T]      0.76286E+00  0.76286E+00
 h Mean   [L]       -0.14462E+01 -0.14462E+01
 Top Flux [L/T]     -0.90000E+00
 Bot Flux [L/T]     -0.13714E+00
 WatBalT  [L]       -0.28610E-05
 WatBalR  [%]              0.000
----------------------------------------------------------

----------------------------------------------------------
 Time       [T]        1.9000
----------------------------------------------------------
 Sub-region num.                     1
----------------------------------------------------------
 Length   [L]        0.20000E+02  0.20000E+02
 W-volume [L]        0.34267E+01  0.34267E+01
 In-flow  [L/T]      0.75007E+00  0.75007E+00
 h Mean   [L]       -0.14185E+01 -0.14185E+01
 Top Flux [L/T]     -0.90000E+00
 Bot Flux [L/T]     -0.14993E+00
 WatBalT  [L]       -0.17881E-05
 WatBalR  [%]              0.000
----------------------------------------------------------

----------------------------------------------------------
 Time       [T]        2.0000
----------------------------------------------------------
 Sub-region num.                     1
----------------------------------------------------------
 Length   [L]        0.20000E+02  0.20000E+02
 W-volume [L]        0.35009E+01  0.35009E+01
 In-flow  [L/T]      0.73506E+00  0.73506E+00
 h Mean   [L]       -0.13922E+01 -0.13922E+01
 Top Flux [L/T]     -0.90000E+00
 Bot Flux [L/T]     -0.16493E+00
 WatBalT  [L]       -0.32187E-05
 WatBalR  [%]              0.000
----------------------------------------------------------

----------------------------------------------------------
 Time       [T]        2.1000
----------------------------------------------------------
 Sub-region num.                     1
----------------------------------------------------------
 Length   [L]        0.20000E+02  0.20000E+02
 W-volume [L]        0.35736E+01  0.35736E+01
 In-flow  [L/T]      0.71819E+00  0.71819E+00
 h Mean   [L]       -0.13674E+01 -0.13674E+01
 Top Flux [L/T]     -0.90000E+00
 Bot Flux [L/T]     -0.18176E+00
 WatBalT  [L]       -0.33379E-05
 WatBalR  [%]              0.000
----------------------------------------------------------

----------------------------------------------------------
 Time       [T]        2.2000
----------------------------------------------------------
 Sub-region num.                     1
----------------------------------------------------------
 Length   [L]        0.20000E+02  0.20000E+02
 W-volume [L]        0.36445E+01  0.36445E+01
 In-flow  [L/T]      0.69930E+00  0.69930E+00
 h Mean   [L]       -0.13444E+01 -0.13444E+01
 Top Flux [L/T]     -0.90000E+00
 Bot Flux [L/T]     -0.20069E+00
 WatBalT  [L]       -0.41723E-05
 WatBalR  [%]              0.000
----------------------------------------------------------

----------------------------------------------------------
 Time       [T]        2.3000
----------------------------------------------------------
 Sub-region num.                     1
----------------------------------------------------------
 Length   [L]        0.20000E+02  0.20000E+02
 W-volume [L]        0.37134E+01  0.37134E+01
 In-flow  [L/T]      0.67838E+00  0.67838E+00
 h Mean   [L]       -0.13227E+01 -0.13227E+01
 Top Flux [L/T]     -0.90000E+00
 Bot Flux [L/T]     -0.22161E+00
 WatBalT  [L]       -0.44107E-05
 WatBalR  [%]              0.000
----------------------------------------------------------

----------------------------------------------------------
 Time       [T]        2.4000
----------------------------------------------------------
 Sub-region num.                     1
----------------------------------------------------------
 Length   [L]        0.20000E+02  0.20000E+02
 W-volume [L]        0.37801E+01  0.37801E+01
 In-flow  [L/T]      0.65569E+00  0.65569E+00
 h Mean   [L]       -0.13026E+01 -0.13026E+01
 Top Flux [L/T]     -0.90000E+00
 Bot Flux [L/T]     -0.24434E+00
 WatBalT  [L]       -0.52452E-05
 WatBalR  [%]              0.000
----------------------------------------------------------

----------------------------------------------------------
 Time       [T]        2.5000
----------------------------------------------------------
 Sub-region num.                     1
----------------------------------------------------------
 Length   [L]        0.20000E+02  0.20000E+02
 W-volume [L]        0.38444E+01  0.38444E+01
 In-flow  [L/T]      0.63117E+00  0.63117E+00
 h Mean   [L]       -0.12841E+01 -0.12841E+01
 Top Flux [L/T]     -0.90000E+00
 Bot Flux [L/T]     -0.26880E+00
 WatBalT  [L]       -0.46492E-05
 WatBalR  [%]              0.000
----------------------------------------------------------

----------------------------------------------------------
 Time       [T]        2.6000
----------------------------------------------------------
 Sub-region num.                     1
----------------------------------------------------------
 Length   [L]        0.20000E+02  0.20000E+02
 W-volume [L]        0.39063E+01  0.39063E+01
 In-flow  [L/T]      0.60585E+00  0.60585E+00
 h Mean   [L]       -0.12669E+01 -0.12669E+01
 Top Flux [L/T]     -0.90000E+00
 Bot Flux [L/T]     -0.29411E+00
 WatBalT  [L]       -0.47684E-05
 WatBalR  [%]              0.000
----------------------------------------------------------

----------------------------------------------------------
 Time       [T]        2.7000
----------------------------------------------------------
 Sub-region num.                     1
----------------------------------------------------------
 Length   [L]        0.20000E+02  0.20000E+02
 W-volume [L]        0.39656E+01  0.39656E+01
 In-flow  [L/T]      0.58005E+00  0.58005E+00
 h Mean   [L]       -0.12509E+01 -0.12509E+01
 Top Flux [L/T]     -0.90000E+00
 Bot Flux [L/T]     -0.31992E+00
 WatBalT  [L]       -0.57220E-05
 WatBalR  [%]              0.000
----------------------------------------------------------

----------------------------------------------------------
 Time       [T]        2.8000
----------------------------------------------------------
 Sub-region num.                     1
----------------------------------------------------------
 Length   [L]        0.20000E+02  0.20000E+02
 W-volume [L]        0.40222E+01  0.40222E+01
 In-flow  [L/T]      0.55349E+00  0.55349E+00
 h Mean   [L]       -0.12364E+01 -0.12364E+01
 Top Flux [L/T]     -0.90000E+00
 Bot Flux [L/T]     -0.34648E+00
 WatBalT  [L]       -0.50068E-05
 WatBalR  [%]              0.000
----------------------------------------------------------

----------------------------------------------------------
 Time       [T]        2.9000
----------------------------------------------------------
 Sub-region num.                     1
----------------------------------------------------------
 Length   [L]        0.20000E+02  0.20000E+02
 W-volume [L]        0.40762E+01  0.40762E+01
 In-flow  [L/T]      0.52681E+00  0.52681E+00
 h Mean   [L]       -0.12228E+01 -0.12228E+01
 Top Flux [L/T]     -0.90000E+00
 Bot Flux [L/T]     -0.37320E+00
 WatBalT  [L]       -0.69141E-05
 WatBalR  [%]              0.000
----------------------------------------------------------

----------------------------------------------------------
 Time       [T]        3.0000
----------------------------------------------------------
 Sub-region num.                     1
----------------------------------------------------------
 Length   [L]        0.20000E+02  0.20000E+02
 W-volume [L]        0.41276E+01  0.41276E+01
 In-flow  [L/T]      0.50037E+00  0.50037E+00
 h Mean   [L]       -0.12103E+01 -0.12103E+01
 Top Flux [L/T]     -0.90000E+00
 Bot Flux [L/T]     -0.39958E+00
 WatBalT  [L]       -0.83447E-05
 WatBalR  [%]              0.000
----------------------------------------------------------

----------------------------------------------------------
 Time       [T]        3.1000
----------------------------------------------------------
 Sub-region num.                     1
----------------------------------------------------------
 Length   [L]        0.20000E+02  0.20000E+02
 W-volume [L]        0.41763E+01  0.41763E+01
 In-flow  [L/T]      0.47402E+00  0.47402E+00
 h Mean   [L]       -0.11988E+01 -0.11988E+01
 Top Flux [L/T]     -0.90000E+00
 Bot Flux [L/T]     -0.42595E+00
 WatBalT  [L]       -0.76294E-05
 WatBalR  [%]              0.000
----------------------------------------------------------

----------------------------------------------------------
 Time       [T]        3.2000
----------------------------------------------------------
 Sub-region num.                     1
----------------------------------------------------------
 Length   [L]        0.20000E+02  0.20000E+02
 W-volume [L]        0.42224E+01  0.42224E+01
 In-flow  [L/T]      0.44850E+00  0.44850E+00
 h Mean   [L]       -0.11882E+01 -0.11882E+01
 Top Flux [L/T]     -0.90000E+00
 Bot Flux [L/T]     -0.45149E+00
 WatBalT  [L]       -0.83447E-05
 WatBalR  [%]              0.000
----------------------------------------------------------

----------------------------------------------------------
 Time       [T]        3.3000
----------------------------------------------------------
 Sub-region num.                     1
----------------------------------------------------------
 Length   [L]        0.20000E+02  0.20000E+02
 W-volume [L]        0.42660E+01  0.42660E+01
 In-flow  [L/T]      0.42335E+00  0.42335E+00
 h Mean   [L]       -0.11784E+01 -0.11784E+01
 Top Flux [L/T]     -0.90000E+00
 Bot Flux [L/T]     -0.47668E+00
 WatBalT  [L]       -0.95367E-05
 WatBalR  [%]              0.000
----------------------------------------------------------

----------------------------------------------------------
 Time       [T]        3.4000
----------------------------------------------------------
 Sub-region num.                     1
----------------------------------------------------------
 Length   [L]        0.20000E+02  0.20000E+02
 W-volume [L]        0.43071E+01  0.43071E+01
 In-flow  [L/T]      0.39875E+00  0.39875E+00
 h Mean   [L]       -0.11694E+01 -0.11694E+01
 Top Flux [L/T]     -0.90000E+00
 Bot Flux [L/T]     -0.50125E+00
 WatBalT  [L]       -0.10014E-04
 WatBalR  [%]              0.000
----------------------------------------------------------

----------------------------------------------------------
 Time       [T]        3.5000
----------------------------------------------------------
 Sub-region num.                     1
----------------------------------------------------------
 Length   [L]        0.20000E+02  0.20000E+02
 W-volume [L]        0.43457E+01  0.43457E+01
 In-flow  [L/T]      0.37508E+00  0.37508E+00
 h Mean   [L]       -0.11611E+01 -0.11611E+01
 Top Flux [L/T]     -0.90000E+00
 Bot Flux [L/T]     -0.52492E+00
 WatBalT  [L]       -0.10252E-04
 WatBalR  [%]              0.000
----------------------------------------------------------

----------------------------------------------------------
 Time       [T]        3.6000
----------------------------------------------------------
 Sub-region num.                     1
----------------------------------------------------------
 Length   [L]        0.20000E+02  0.20000E+02
 W-volume [L]        0.43821E+01  0.43821E+01
 In-flow  [L/T]      0.35181E+00  0.35181E+00
 h Mean   [L]       -0.11534E+01 -0.11534E+01
 Top Flux [L/T]     -0.90000E+00
 Bot Flux [L/T]     -0.54816E+00
 WatBalT  [L]       -0.10014E-04
 WatBalR  [%]              0.000
----------------------------------------------------------

----------------------------------------------------------
 Time       [T]        3.7000
----------------------------------------------------------
 Sub-region num.                     1
----------------------------------------------------------
 Length   [L]        0.20000E+02  0.20000E+02
 W-volume [L]        0.44161E+01  0.44161E+01
 In-flow  [L/T]      0.32962E+00  0.32962E+00
 h Mean   [L]       -0.11464E+01 -0.11464E+01
 Top Flux [L/T]     -0.90000E+00
 Bot Flux [L/T]     -0.57041E+00
 WatBalT  [L]       -0.12398E-04
 WatBalR  [%]              0.000
----------------------------------------------------------

----------------------------------------------------------
 Time       [T]        3.8000
----------------------------------------------------------
 Sub-region num.                     1
----------------------------------------------------------
 Length   [L]        0.20000E+02  0.20000E+02
 W-volume [L]        0.44480E+01  0.44480E+01
 In-flow  [L/T]      0.30828E+00  0.30828E+00
 h Mean   [L]       -0.11400E+01 -0.11400E+01
 Top Flux [L/T]     -0.90000E+00
 Bot Flux [L/T]     -0.59169E+00
 WatBalT  [L]       -0.13113E-04
 WatBalR  [%]              0.000
----------------------------------------------------------

----------------------------------------------------------
 Time       [T]        3.9000
----------------------------------------------------------
 Sub-region num.                     1
----------------------------------------------------------
 Length   [L]        0.20000E+02  0.20000E+02
 W-volume [L]        0.44778E+01  0.44778E+01
 In-flow  [L/T]      0.28799E+00  0.28799E+00
 h Mean   [L]       -0.11342E+01 -0.11342E+01
 Top Flux [L/T]     -0.90000E+00
 Bot Flux [L/T]     -0.61197E+00
 WatBalT  [L]       -0.13113E-04
 WatBalR  [%]              0.000
----------------------------------------------------------

----------------------------------------------------------
 Time       [T]        4.0000
----------------------------------------------------------
 Sub-region num.                     1
----------------------------------------------------------
 Length   [L]        0.20000E+02  0.20000E+02
 W-volume [L]        0.45056E+01  0.45056E+01
 In-flow  [L/T]      0.26909E+00  0.26909E+00
 h Mean   [L]       -0.11288E+01 -0.11288E+01
 Top Flux [L/T]     -0.90000E+00
 Bot Flux [L/T]     -0.63092E+00
 WatBalT  [L]       -0.14782E-04
 WatBalR  [%]              0.000
----------------------------------------------------------

----------------------------------------------------------
 Time       [T]        4.1000
----------------------------------------------------------
 Sub-region num.                     1
----------------------------------------------------------
 Length   [L]        0.20000E+02  0.20000E+02
 W-volume [L]        0.45316E+01  0.45316E+01
 In-flow  [L/T]      0.25115E+00  0.25115E+00
 h Mean   [L]       -0.11238E+01 -0.11238E+01
 Top Flux [L/T]     -0.90000E+00
 Bot Flux [L/T]     -0.64884E+00
 WatBalT  [L]       -0.15736E-04
 WatBalR  [%]              0.000
----------------------------------------------------------

----------------------------------------------------------
 Time       [T]        4.2000
----------------------------------------------------------
 Sub-region num.                     1
----------------------------------------------------------
 Length   [L]        0.20000E+02  0.20000E+02
 W-volume [L]        0.45559E+01  0.45559E+01
 In-flow  [L/T]      0.23403E+00  0.23403E+00
 h Mean   [L]       -0.11191E+01 -0.11191E+01
 Top Flux [L/T]     -0.90000E+00
 Bot Flux [L/T]     -0.66600E+00
 WatBalT  [L]       -0.16212E-04
 WatBalR  [%]              0.000
----------------------------------------------------------

----------------------------------------------------------
 Time       [T]        4.3000
----------------------------------------------------------
 Sub-region num.                     1
----------------------------------------------------------
 Length   [L]        0.20000E+02  0.20000E+02
 W-volume [L]        0.45784E+01  0.45784E+01
 In-flow  [L/T]      0.21738E+00  0.21738E+00
 h Mean   [L]       -0.11148E+01 -0.11148E+01
 Top Flux [L/T]     -0.90000E+00
 Bot Flux [L/T]     -0.68256E+00
 WatBalT  [L]       -0.18120E-04
 WatBalR  [%]              0.000
----------------------------------------------------------

----------------------------------------------------------
 Time       [T]        4.4000
----------------------------------------------------------
 Sub-region num.                     1
----------------------------------------------------------
 Length   [L]        0.20000E+02  0.20000E+02
 W-volume [L]        0.45994E+01  0.45994E+01
 In-flow  [L/T]      0.20173E+00  0.20173E+00
 h Mean   [L]       -0.11108E+01 -0.11108E+01
 Top Flux [L/T]     -0.90000E+00
 Bot Flux [L/T]     -0.69825E+00
 WatBalT  [L]       -0.20027E-04
 WatBalR  [%]              0.000
----------------------------------------------------------

----------------------------------------------------------
 Time       [T]        4.5000
----------------------------------------------------------
 Sub-region num.                     1
----------------------------------------------------------
 Length   [L]        0.20000E+02  0.20000E+02
 W-volume [L]        0.46188E+01  0.46188E+01
 In-flow  [L/T]      0.18678E+00  0.18678E+00
 h Mean   [L]       -0.11072E+01 -0.11072E+01
 Top Flux [L/T]     -0.90000E+00
 Bot Flux [L/T]     -0.71320E+00
 WatBalT  [L]       -0.22650E-04
 WatBalR  [%]              0.000
----------------------------------------------------------

----------------------------------------------------------
 Time       [T]        4.6000
----------------------------------------------------------
 Sub-region num.                     1
----------------------------------------------------------
 Length   [L]        0.20000E+02  0.20000E+02
 W-volume [L]        0.46367E+01  0.46367E+01
 In-flow  [L/T]      0.17304E+00  0.17304E+00
 h Mean   [L]       -0.11040E+01 -0.11040E+01
 Top Flux [L/T]     -0.90000E+00
 Bot Flux [L/T]     -0.72694E+00
 WatBalT  [L]       -0.22650E-04
 WatBalR  [%]              0.000
----------------------------------------------------------

----------------------------------------------------------
 Time       [T]        4.7000
----------------------------------------------------------
 Sub-region num.                     1
----------------------------------------------------------
 Length   [L]        0.20000E+02  0.20000E+02
 W-volume [L]        0.46534E+01  0.46534E+01
 In-flow  [L/T]      0.16048E+00  0.16048E+00
 h Mean   [L]       -0.11009E+01 -0.11009E+01
 Top Flux [L/T]     -0.90000E+00
 Bot Flux [L/T]     -0.73947E+00
 WatBalT  [L]       -0.25272E-04
 WatBalR  [%]              0.000
----------------------------------------------------------

----------------------------------------------------------
 Time       [T]        4.8000
----------------------------------------------------------
 Sub-region num.                     1
----------------------------------------------------------
 Length   [L]        0.20000E+02  0.20000E+02
 W-volume [L]        0.46689E+01  0.46689E+01
 In-flow  [L/T]      0.14872E+00  0.14872E+00
 h Mean   [L]       -0.10982E+01 -0.10982E+01
 Top Flux [L/T]     -0.90000E+00
 Bot Flux [L/T]     -0.75125E+00
 WatBalT  [L]       -0.24080E-04
 WatBalR  [%]              0.000
----------------------------------------------------------

----------------------------------------------------------
 Time       [T]        4.9000
----------------------------------------------------------
 Sub-region num.                     1
----------------------------------------------------------
 Length   [L]        0.20000E+02  0.20000E+02
 W-volume [L]        0.46832E+01  0.46832E+01
 In-flow  [L/T]      0.13817E+00  0.13817E+00
 h Mean   [L]       -0.10956E+01 -0.10956E+01
 Top Flux [L/T]     -0.90000E+00
 Bot Flux [L/T]     -0.76184E+00
 WatBalT  [L]       -0.27180E-04
 WatBalR  [%]              0.000
----------------------------------------------------------

----------------------------------------------------------
 Time       [T]        5.0000
----------------------------------------------------------
 Sub-region num.                     1
----------------------------------------------------------
 Length   [L]        0.20000E+02  0.20000E+02
 W-volume [L]        0.46965E+01  0.46965E+01
 In-flow  [L/T]      0.12795E+00  0.12795E+00
 h Mean   [L]       -0.10933E+01 -0.10933E+01
 Top Flux [L/T]     -0.90000E+00
 Bot Flux [L/T]     -0.77206E+00
 WatBalT  [L]       -0.29564E-04
 WatBalR  [%]              0.000
----------------------------------------------------------

----------------------------------------------------------
 Time       [T]        5.1000
----------------------------------------------------------
 Sub-region num.                     1
----------------------------------------------------------
 Length   [L]        0.20000E+02  0.20000E+02
 W-volume [L]        0.47088E+01  0.47088E+01
 In-flow  [L/T]      0.11826E+00  0.11826E+00
 h Mean   [L]       -0.10911E+01 -0.10911E+01
 Top Flux [L/T]     -0.90000E+00
 Bot Flux [L/T]     -0.78174E+00
 WatBalT  [L]       -0.30279E-04
 WatBalR  [%]              0.000
----------------------------------------------------------

----------------------------------------------------------
 Time       [T]        5.2000
----------------------------------------------------------
 Sub-region num.                     1
----------------------------------------------------------
 Length   [L]        0.20000E+02  0.20000E+02
 W-volume [L]        0.47201E+01  0.47201E+01
 In-flow  [L/T]      0.10916E+00  0.10916E+00
 h Mean   [L]       -0.10892E+01 -0.10892E+01
 Top Flux [L/T]     -0.90000E+00
 Bot Flux [L/T]     -0.79085E+00
 WatBalT  [L]       -0.32663E-04
 WatBalR  [%]              0.000
----------------------------------------------------------

----------------------------------------------------------
 Time       [T]        5.3000
----------------------------------------------------------
 Sub-region num.                     1
----------------------------------------------------------
 Length   [L]        0.20000E+02  0.20000E+02
 W-volume [L]        0.47306E+01  0.47306E+01
 In-flow  [L/T]      0.10087E+00  0.10087E+00
 h Mean   [L]       -0.10874E+01 -0.10874E+01
 Top Flux [L/T]     -0.90000E+00
 Bot Flux [L/T]     -0.79912E+00
 WatBalT  [L]       -0.34094E-04
 WatBalR  [%]              0.001
----------------------------------------------------------

----------------------------------------------------------
 Time       [T]        5.4000
----------------------------------------------------------
 Sub-region num.                     1
----------------------------------------------------------
 Length   [L]        0.20000E+02  0.20000E+02
 W-volume [L]        0.47403E+01  0.47403E+01
 In-flow  [L/T]      0.93043E-01  0.93043E-01
 h Mean   [L]       -0.10857E+01 -0.10857E+01
 Top Flux [L/T]     -0.90000E+00
 Bot Flux [L/T]     -0.80694E+00
 WatBalT  [L]       -0.34332E-04
 WatBalR  [%]              0.000
----------------------------------------------------------

----------------------------------------------------------
 Time       [T]        5.5000
----------------------------------------------------------
 Sub-region num.                     1
----------------------------------------------------------
 Length   [L]        0.20000E+02  0.20000E+02
 W-volume [L]        0.47493E+01  0.47493E+01
 In-flow  [L/T]      0.85987E-01  0.85987E-01
 h Mean   [L]       -0.10842E+01 -0.10842E+01
 Top Flux [L/T]     -0.90000E+00
 Bot Flux [L/T]     -0.81399E+00
 WatBalT  [L]       -0.36240E-04
 WatBalR  [%]              0.001
----------------------------------------------------------

----------------------------------------------------------
 Time       [T]        5.6000
----------------------------------------------------------
 Sub-region num.                     1
----------------------------------------------------------
 Length   [L]        0.20000E+02  0.20000E+02
 W-volume [L]        0.47575E+01  0.47575E+01
 In-flow  [L/T]      0.79637E-01  0.79637E-01
 h Mean   [L]       -0.10828E+01 -0.10828E+01
 Top Flux [L/T]     -0.90000E+00
 Bot Flux [L/T]     -0.82035E+00
 WatBalT  [L]       -0.39577E-04
 WatBalR  [%]              0.001
----------------------------------------------------------

----------------------------------------------------------
 Time       [T]        5.7000
----------------------------------------------------------
 Sub-region num.                     1
----------------------------------------------------------
 Length   [L]        0.20000E+02  0.20000E+02
 W-volume [L]        0.47652E+01  0.47652E+01
 In-flow  [L/T]      0.73670E-01  0.73670E-01
 h Mean   [L]       -0.10815E+01 -0.10815E+01
 Top Flux [L/T]     -0.90000E+00
 Bot Flux [L/T]     -0.82627E+00
 WatBalT  [L]       -0.43154E-04
 WatBalR  [%]              0.001
----------------------------------------------------------

----------------------------------------------------------
 Time       [T]        5.8000
----------------------------------------------------------
 Sub-region num.                     1
----------------------------------------------------------
 Length   [L]        0.20000E+02  0.20000E+02
 W-volume [L]        0.47723E+01  0.47723E+01
 In-flow  [L/T]      0.68038E-01  0.68038E-01
 h Mean   [L]       -0.10803E+01 -0.10803E+01
 Top Flux [L/T]     -0.90000E+00
 Bot Flux [L/T]     -0.83191E+00
 WatBalT  [L]       -0.43631E-04
 WatBalR  [%]              0.001
----------------------------------------------------------

----------------------------------------------------------
 Time       [T]        5.9000
----------------------------------------------------------
 Sub-region num.                     1
----------------------------------------------------------
 Length   [L]        0.20000E+02  0.20000E+02
 W-volume [L]        0.47788E+01  0.47788E+01
 In-flow  [L/T]      0.62896E-01  0.62896E-01
 h Mean   [L]       -0.10793E+01 -0.10793E+01
 Top Flux [L/T]     -0.90000E+00
 Bot Flux [L/T]     -0.83707E+00
 WatBalT  [L]       -0.46730E-04
 WatBalR  [%]              0.001
----------------------------------------------------------

----------------------------------------------------------
 Time       [T]        6.0000
----------------------------------------------------------
 Sub-region num.                     1
----------------------------------------------------------
 Length   [L]        0.20000E+02  0.20000E+02
 W-volume [L]        0.47849E+01  0.47849E+01
 In-flow  [L/T]      0.58209E-01  0.58209E-01
 h Mean   [L]       -0.10783E+01 -0.10783E+01
 Top Flux [L/T]     -0.90000E+00
 Bot Flux [L/T]     -0.84176E+00
 WatBalT  [L]       -0.48637E-04
 WatBalR  [%]              0.001
----------------------------------------------------------

----------------------------------------------------------
 Time       [T]        6.1000
----------------------------------------------------------
 Sub-region num.                     1
----------------------------------------------------------
 Length   [L]        0.20000E+02  0.20000E+02
 W-volume [L]        0.47905E+01  0.47905E+01
 In-flow  [L/T]      0.53903E-01  0.53903E-01
 h Mean   [L]       -0.10774E+01 -0.10774E+01
 Top Flux [L/T]     -0.90000E+00
 Bot Flux [L/T]     -0.84610E+00
 WatBalT  [L]       -0.51022E-04
 WatBalR  [%]              0.001
----------------------------------------------------------

----------------------------------------------------------
 Time       [T]        6.2000
----------------------------------------------------------
 Sub-region num.                     1
----------------------------------------------------------
 Length   [L]        0.20000E+02  0.20000E+02
 W-volume [L]        0.47956E+01  0.47956E+01
 In-flow  [L/T]      0.49654E-01  0.49654E-01
 h Mean   [L]       -0.10765E+01 -0.10765E+01
 Top Flux [L/T]     -0.90000E+00
 Bot Flux [L/T]     -0.85027E+00
 WatBalT  [L]       -0.53883E-04
 WatBalR  [%]              0.001
----------------------------------------------------------

----------------------------------------------------------
 Time       [T]        6.3000
----------------------------------------------------------
 Sub-region num.                     1
----------------------------------------------------------
 Length   [L]        0.20000E+02  0.20000E+02
 W-volume [L]        0.48004E+01  0.48004E+01
 In-flow  [L/T]      0.45965E-01  0.45965E-01
 h Mean   [L]       -0.10758E+01 -0.10758E+01
 Top Flux [L/T]     -0.90000E+00
 Bot Flux [L/T]     -0.85402E+00
 WatBalT  [L]       -0.56982E-04
 WatBalR  [%]              0.001
----------------------------------------------------------

----------------------------------------------------------
 Time       [T]        6.4000
----------------------------------------------------------
 Sub-region num.                     1
----------------------------------------------------------
 Length   [L]        0.20000E+02  0.20000E+02
 W-volume [L]        0.48048E+01  0.48048E+01
 In-flow  [L/T]      0.42493E-01  0.42493E-01
 h Mean   [L]       -0.10750E+01 -0.10750E+01
 Top Flux [L/T]     -0.90000E+00
 Bot Flux [L/T]     -0.85750E+00
 WatBalT  [L]       -0.61035E-04
 WatBalR  [%]              0.001
----------------------------------------------------------

----------------------------------------------------------
 Time       [T]        6.5000
----------------------------------------------------------
 Sub-region num.                     1
----------------------------------------------------------
 Length   [L]        0.20000E+02  0.20000E+02
 W-volume [L]        0.48089E+01  0.48089E+01
 In-flow  [L/T]      0.39191E-01  0.39191E-01
 h Mean   [L]       -0.10743E+01 -0.10743E+01
 Top Flux [L/T]     -0.90000E+00
 Bot Flux [L/T]     -0.86077E+00
 WatBalT  [L]       -0.63658E-04
 WatBalR  [%]              0.001
----------------------------------------------------------

----------------------------------------------------------
 Time       [T]        6.6000
----------------------------------------------------------
 Sub-region num.                     1
----------------------------------------------------------
 Length   [L]        0.20000E+02  0.20000E+02
 W-volume [L]        0.48127E+01  0.48127E+01
 In-flow  [L/T]      0.36075E-01  0.36075E-01
 h Mean   [L]       -0.10737E+01 -0.10737E+01
 Top Flux [L/T]     -0.90000E+00
 Bot Flux [L/T]     -0.86391E+00
 WatBalT  [L]       -0.65088E-04
 WatBalR  [%]              0.001
----------------------------------------------------------

----------------------------------------------------------
 Time       [T]        6.7000
----------------------------------------------------------
 Sub-region num.                     1
----------------------------------------------------------
 Length   [L]        0.20000E+02  0.20000E+02
 W-volume [L]        0.48161E+01  0.48161E+01
 In-flow  [L/T]      0.33196E-01  0.33196E-01
 h Mean   [L]       -0.10731E+01 -0.10731E+01
 Top Flux [L/T]     -0.90000E+00
 Bot Flux [L/T]     -0.86678E+00
 WatBalT  [L]       -0.67949E-04
 WatBalR  [%]              0.001
----------------------------------------------------------

----------------------------------------------------------
 Time       [T]        6.8000
----------------------------------------------------------
 Sub-region num.                     1
----------------------------------------------------------
 Length   [L]        0.20000E+02  0.20000E+02
 W-volume [L]        0.48193E+01  0.48193E+01
 In-flow  [L/T]      0.30455E-01  0.30455E-01
 h Mean   [L]       -0.10726E+01 -0.10726E+01
 Top Flux [L/T]     -0.90000E+00
 Bot Flux [L/T]     -0.86949E+00
 WatBalT  [L]       -0.72002E-04
 WatBalR  [%]              0.001
----------------------------------------------------------

----------------------------------------------------------
 Time       [T]        6.9000
----------------------------------------------------------
 Sub-region num.                     1
----------------------------------------------------------
 Length   [L]        0.20000E+02  0.20000E+02
 W-volume [L]        0.48222E+01  0.48222E+01
 In-flow  [L/T]      0.27979E-01  0.27979E-01
 h Mean   [L]       -0.10721E+01 -0.10721E+01
 Top Flux [L/T]     -0.90000E+00
 Bot Flux [L/T]     -0.87202E+00
 WatBalT  [L]       -0.75102E-04
 WatBalR  [%]              0.001
----------------------------------------------------------

----------------------------------------------------------
 Time       [T]        7.0000
----------------------------------------------------------
 Sub-region num.                     1
----------------------------------------------------------
 Length   [L]        0.20000E+02  0.20000E+02
 W-volume [L]        0.48249E+01  0.48249E+01
 In-flow  [L/T]      0.25558E-01  0.25558E-01
 h Mean   [L]       -0.10716E+01 -0.10716E+01
 Top Flux [L/T]     -0.90000E+00
 Bot Flux [L/T]     -0.87434E+00
 WatBalT  [L]       -0.78440E-04
 WatBalR  [%]              0.001
----------------------------------------------------------

----------------------------------------------------------
 Time       [T]        7.1000
----------------------------------------------------------
 Sub-region num.                     1
----------------------------------------------------------
 Length   [L]        0.20000E+02  0.20000E+02
 W-volume [L]        0.48274E+01  0.48274E+01
 In-flow  [L/T]      0.23387E-01  0.23387E-01
 h Mean   [L]       -0.10712E+01 -0.10712E+01
 Top Flux [L/T]     -0.90000E+00
 Bot Flux [L/T]     -0.87658E+00
 WatBalT  [L]       -0.81539E-04
 WatBalR  [%]              0.001
----------------------------------------------------------

----------------------------------------------------------
 Time       [T]        7.2000
----------------------------------------------------------
 Sub-region num.                     1
----------------------------------------------------------
 Length   [L]        0.20000E+02  0.20000E+02
 W-volume [L]        0.48296E+01  0.48296E+01
 In-flow  [L/T]      0.21282E-01  0.21282E-01
 h Mean   [L]       -0.10708E+01 -0.10708E+01
 Top Flux [L/T]     -0.90000E+00
 Bot Flux [L/T]     -0.87866E+00
 WatBalT  [L]       -0.84162E-04
 WatBalR  [%]              0.001
----------------------------------------------------------

----------------------------------------------------------
 Time       [T]        7.3000
----------------------------------------------------------
 Sub-region num.                     1
----------------------------------------------------------
 Length   [L]        0.20000E+02  0.20000E+02
 W-volume [L]        0.48316E+01  0.48316E+01
 In-flow  [L/T]      0.19407E-01  0.19407E-01
 h Mean   [L]       -0.10704E+01 -0.10704E+01
 Top Flux [L/T]     -0.90000E+00
 Bot Flux [L/T]     -0.88057E+00
 WatBalT  [L]       -0.86308E-04
 WatBalR  [%]              0.001
----------------------------------------------------------

----------------------------------------------------------
 Time       [T]        7.4000
----------------------------------------------------------
 Sub-region num.                     1
----------------------------------------------------------
 Length   [L]        0.20000E+02  0.20000E+02
 W-volume [L]        0.48335E+01  0.48335E+01
 In-flow  [L/T]      0.17622E-01  0.17622E-01
 h Mean   [L]       -0.10701E+01 -0.10701E+01
 Top Flux [L/T]     -0.90000E+00
 Bot Flux [L/T]     -0.88234E+00
 WatBalT  [L]       -0.90599E-04
 WatBalR  [%]              0.001
----------------------------------------------------------

----------------------------------------------------------
 Time       [T]        7.5000
----------------------------------------------------------
 Sub-region num.                     1
----------------------------------------------------------
 Length   [L]        0.20000E+02  0.20000E+02
 W-volume [L]        0.48351E+01  0.48351E+01
 In-flow  [L/T]      0.16065E-01  0.16065E-01
 h Mean   [L]       -0.10698E+01 -0.10698E+01
 Top Flux [L/T]     -0.90000E+00
 Bot Flux [L/T]     -0.88393E+00
 WatBalT  [L]       -0.92983E-04
 WatBalR  [%]              0.001
----------------------------------------------------------

----------------------------------------------------------
 Time       [T]        7.6000
----------------------------------------------------------
 Sub-region num.                     1
----------------------------------------------------------
 Length   [L]        0.20000E+02  0.20000E+02
 W-volume [L]        0.48367E+01  0.48367E+01
 In-flow  [L/T]      0.14606E-01  0.14606E-01
 h Mean   [L]       -0.10696E+01 -0.10696E+01
 Top Flux [L/T]     -0.90000E+00
 Bot Flux [L/T]     -0.88533E+00
 WatBalT  [L]       -0.97275E-04
 WatBalR  [%]              0.001
----------------------------------------------------------

----------------------------------------------------------
 Time       [T]        7.7000
----------------------------------------------------------
 Sub-region num.                     1
----------------------------------------------------------
 Length   [L]        0.20000E+02  0.20000E+02
 W-volume [L]        0.48381E+01  0.48381E+01
 In-flow  [L/T]      0.13328E-01  0.13328E-01
 h Mean   [L]       -0.10693E+01 -0.10693E+01
 Top Flux [L/T]     -0.90000E+00
 Bot Flux [L/T]     -0.88666E+00
 WatBalT  [L]       -0.98944E-04
 WatBalR  [%]              0.001
----------------------------------------------------------

----------------------------------------------------------
 Time       [T]        7.8000
----------------------------------------------------------
 Sub-region num.                     1
----------------------------------------------------------
 Length   [L]        0.20000E+02  0.20000E+02
 W-volume [L]        0.48393E+01  0.48393E+01
 In-flow  [L/T]      0.12060E-01  0.12060E-01
 h Mean   [L]       -0.10691E+01 -0.10691E+01
 Top Flux [L/T]     -0.90000E+00
 Bot Flux [L/T]     -0.88788E+00
 WatBalT  [L]       -0.10300E-03
 WatBalR  [%]              0.001
----------------------------------------------------------

----------------------------------------------------------
 Time       [T]        7.9000
----------------------------------------------------------
 Sub-region num.                     1
----------------------------------------------------------
 Length   [L]        0.20000E+02  0.20000E+02
 W-volume [L]        0.48405E+01  0.48405E+01
 In-flow  [L/T]      0.10978E-01  0.10978E-01
 h Mean   [L]       -0.10689E+01 -0.10689E+01
 Top Flux [L/T]     -0.90000E+00
 Bot Flux [L/T]     -0.88898E+00
 WatBalT  [L]       -0.10538E-03
 WatBalR  [%]              0.001
----------------------------------------------------------

----------------------------------------------------------
 Time       [T]        8.0000
----------------------------------------------------------
 Sub-region num.                     1
----------------------------------------------------------
 Length   [L]        0.20000E+02  0.20000E+02
 W-volume [L]        0.48415E+01  0.48415E+01
 In-flow  [L/T]      0.10015E-01  0.10015E-01
 h Mean   [L]       -0.10687E+01 -0.10687E+01
 Top Flux [L/T]     -0.90000E+00
 Bot Flux [L/T]     -0.88998E+00
 WatBalT  [L]       -0.10943E-03
 WatBalR  [%]              0.001
----------------------------------------------------------

----------------------------------------------------------
 Time       [T]        8.1000
----------------------------------------------------------
 Sub-region num.                     1
----------------------------------------------------------
 Length   [L]        0.20000E+02  0.20000E+02
 W-volume [L]        0.48425E+01  0.48425E+01
 In-flow  [L/T]      0.90953E-02  0.90953E-02
 h Mean   [L]       -0.10686E+01 -0.10686E+01
 Top Flux [L/T]     -0.90000E+00
 Bot Flux [L/T]     -0.89090E+00
 WatBalT  [L]       -0.11158E-03
 WatBalR  [%]              0.001
----------------------------------------------------------

----------------------------------------------------------
 Time       [T]        8.2000
----------------------------------------------------------
 Sub-region num.                     1
----------------------------------------------------------
 Length   [L]        0.20000E+02  0.20000E+02
 W-volume [L]        0.48434E+01  0.48434E+01
 In-flow  [L/T]      0.82254E-02  0.82254E-02
 h Mean   [L]       -0.10684E+01 -0.10684E+01
 Top Flux [L/T]     -0.90000E+00
 Bot Flux [L/T]     -0.89172E+00
 WatBalT  [L]       -0.11563E-03
 WatBalR  [%]              0.001
----------------------------------------------------------

----------------------------------------------------------
 Time       [T]        8.3000
----------------------------------------------------------
 Sub-region num.                     1
----------------------------------------------------------
 Length   [L]        0.20000E+02  0.20000E+02
 W-volume [L]        0.48441E+01  0.48441E+01
 In-flow  [L/T]      0.75456E-02  0.75456E-02
 h Mean   [L]       -0.10683E+01 -0.10683E+01
 Top Flux [L/T]     -0.90000E+00
 Bot Flux [L/T]     -0.89247E+00
 WatBalT  [L]       -0.12136E-03
 WatBalR  [%]              0.001
----------------------------------------------------------

----------------------------------------------------------
 Time       [T]        8.4000
----------------------------------------------------------
 Sub-region num.                     1
----------------------------------------------------------
 Length   [L]        0.20000E+02  0.20000E+02
 W-volume [L]        0.48449E+01  0.48449E+01
 In-flow  [L/T]      0.67810E-02  0.67810E-02
 h Mean   [L]       -0.10682E+01 -0.10682E+01
 Top Flux [L/T]     -0.90000E+00
 Bot Flux [L/T]     -0.89315E+00
 WatBalT  [L]       -0.12445E-03
 WatBalR  [%]              0.001
----------------------------------------------------------

----------------------------------------------------------
 Time       [T]        8.5000
----------------------------------------------------------
 Sub-region num.                     1
----------------------------------------------------------
 Length   [L]        0.20000E+02  0.20000E+02
 W-volume [L]        0.48455E+01  0.48455E+01
 In-flow  [L/T]      0.62045E-02  0.62045E-02
 h Mean   [L]       -0.10681E+01 -0.10681E+01
 Top Flux [L/T]     -0.90000E+00
 Bot Flux [L/T]     -0.89378E+00
 WatBalT  [L]       -0.12875E-03
 WatBalR  [%]              0.001
----------------------------------------------------------

----------------------------------------------------------
 Time       [T]        8.6000
----------------------------------------------------------
 Sub-region num.                     1
----------------------------------------------------------
 Length   [L]        0.20000E+02  0.20000E+02
 W-volume [L]        0.48461E+01  0.48461E+01
 In-flow  [L/T]      0.56457E-02  0.56457E-02
 h Mean   [L]       -0.10680E+01 -0.10680E+01
 Top Flux [L/T]     -0.90000E+00
 Bot Flux [L/T]     -0.89434E+00
 WatBalT  [L]       -0.13161E-03
 WatBalR  [%]              0.001
----------------------------------------------------------

----------------------------------------------------------
 Time       [T]        8.7000
----------------------------------------------------------
 Sub-region num.                     1
----------------------------------------------------------
 Length   [L]        0.20000E+02  0.20000E+02
 W-volume [L]        0.48466E+01  0.48466E+01
 In-flow  [L/T]      0.51102E-02  0.51102E-02
 h Mean   [L]       -0.10679E+01 -0.10679E+01
 Top Flux [L/T]     -0.90000E+00
 Bot Flux [L/T]     -0.89487E+00
 WatBalT  [L]       -0.13614E-03
 WatBalR  [%]              0.001
----------------------------------------------------------

----------------------------------------------------------
 Time       [T]        8.8000
----------------------------------------------------------
 Sub-region num.                     1
----------------------------------------------------------
 Length   [L]        0.20000E+02  0.20000E+02
 W-volume [L]        0.48471E+01  0.48471E+01
 In-flow  [L/T]      0.46017E-02  0.46017E-02
 h Mean   [L]       -0.10678E+01 -0.10678E+01
 Top Flux [L/T]     -0.90000E+00
 Bot Flux [L/T]     -0.89533E+00
 WatBalT  [L]       -0.14043E-03
 WatBalR  [%]              0.001
----------------------------------------------------------

----------------------------------------------------------
 Time       [T]        8.9000
----------------------------------------------------------
 Sub-region num.                     1
----------------------------------------------------------
 Length   [L]        0.20000E+02  0.20000E+02
 W-volume [L]        0.48476E+01  0.48476E+01
 In-flow  [L/T]      0.42040E-02  0.42040E-02
 h Mean   [L]       -0.10677E+01 -0.10677E+01
 Top Flux [L/T]     -0.90000E+00
 Bot Flux [L/T]     -0.89575E+00
 WatBalT  [L]       -0.14043E-03
 WatBalR  [%]              0.001
----------------------------------------------------------

----------------------------------------------------------
 Time       [T]        9.0000
----------------------------------------------------------
 Sub-region num.                     1
----------------------------------------------------------
 Length   [L]        0.20000E+02  0.20000E+02
 W-volume [L]        0.48480E+01  0.48480E+01
 In-flow  [L/T]      0.38408E-02  0.38408E-02
 h Mean   [L]       -0.10677E+01 -0.10677E+01
 Top Flux [L/T]     -0.90000E+00
 Bot Flux [L/T]     -0.89613E+00
 WatBalT  [L]       -0.14400E-03
 WatBalR  [%]              0.001
----------------------------------------------------------

----------------------------------------------------------
 Time       [T]        9.1000
----------------------------------------------------------
 Sub-region num.                     1
----------------------------------------------------------
 Length   [L]        0.20000E+02  0.20000E+02
 W-volume [L]        0.48483E+01  0.48483E+01
 In-flow  [L/T]      0.35129E-02  0.35129E-02
 h Mean   [L]       -0.10676E+01 -0.10676E+01
 Top Flux [L/T]     -0.90000E+00
 Bot Flux [L/T]     -0.89648E+00
 WatBalT  [L]       -0.14710E-03
 WatBalR  [%]              0.001
----------------------------------------------------------

----------------------------------------------------------
 Time       [T]        9.2000
----------------------------------------------------------
 Sub-region num.                     1
----------------------------------------------------------
 Length   [L]        0.20000E+02  0.20000E+02
 W-volume [L]        0.48487E+01  0.48487E+01
 In-flow  [L/T]      0.31479E-02  0.31479E-02
 h Mean   [L]       -0.10675E+01 -0.10675E+01
 Top Flux [L/T]     -0.90000E+00
 Bot Flux [L/T]     -0.89679E+00
 WatBalT  [L]       -0.15116E-03
 WatBalR  [%]              0.001
----------------------------------------------------------

----------------------------------------------------------
 Time       [T]        9.3000
----------------------------------------------------------
 Sub-region num.                     1
----------------------------------------------------------
 Length   [L]        0.20000E+02  0.20000E+02
 W-volume [L]        0.48490E+01  0.48490E+01
 In-flow  [L/T]      0.28899E-02  0.28899E-02
 h Mean   [L]       -0.10675E+01 -0.10675E+01
 Top Flux [L/T]     -0.90000E+00
 Bot Flux [L/T]     -0.89708E+00
 WatBalT  [L]       -0.15354E-03
 WatBalR  [%]              0.001
----------------------------------------------------------

----------------------------------------------------------
 Time       [T]        9.4000
----------------------------------------------------------
 Sub-region num.                     1
----------------------------------------------------------
 Length   [L]        0.20000E+02  0.20000E+02
 W-volume [L]        0.48492E+01  0.48492E+01
 In-flow  [L/T]      0.26291E-02  0.26291E-02
 h Mean   [L]       -0.10674E+01 -0.10674E+01
 Top Flux [L/T]     -0.90000E+00
 Bot Flux [L/T]     -0.89735E+00
 WatBalT  [L]       -0.15640E-03
 WatBalR  [%]              0.001
----------------------------------------------------------

----------------------------------------------------------
 Time       [T]        9.5000
----------------------------------------------------------
 Sub-region num.                     1
----------------------------------------------------------
 Length   [L]        0.20000E+02  0.20000E+02
 W-volume [L]        0.48495E+01  0.48495E+01
 In-flow  [L/T]      0.24009E-02  0.24009E-02
 h Mean   [L]       -0.10674E+01 -0.10674E+01
 Top Flux [L/T]     -0.90000E+00
 Bot Flux [L/T]     -0.89759E+00
 WatBalT  [L]       -0.16093E-03
 WatBalR  [%]              0.001
----------------------------------------------------------

----------------------------------------------------------
 Time       [T]        9.6000
----------------------------------------------------------
 Sub-region num.                     1
----------------------------------------------------------
 Length   [L]        0.20000E+02  0.20000E+02
 W-volume [L]        0.48497E+01  0.48497E+01
 In-flow  [L/T]      0.21709E-02  0.21709E-02
 h Mean   [L]       -0.10674E+01 -0.10674E+01
 Top Flux [L/T]     -0.90000E+00
 Bot Flux [L/T]     -0.89780E+00
 WatBalT  [L]       -0.16403E-03
 WatBalR  [%]              0.001
----------------------------------------------------------

----------------------------------------------------------
 Time       [T]        9.7000
----------------------------------------------------------
 Sub-region num.                     1
----------------------------------------------------------
 Length   [L]        0.20000E+02  0.20000E+02
 W-volume [L]        0.48499E+01  0.48499E+01
 In-flow  [L/T]      0.19744E-02  0.19744E-02
 h Mean   [L]       -0.10673E+01 -0.10673E+01
 Top Flux [L/T]     -0.90000E+00
 Bot Flux [L/T]     -0.89800E+00
 WatBalT  [L]       -0.17095E-03
 WatBalR  [%]              0.001
----------------------------------------------------------

----------------------------------------------------------
 Time       [T]        9.8000
----------------------------------------------------------
 Sub-region num.                     1
----------------------------------------------------------
 Length   [L]        0.20000E+02  0.20000E+02
 W-volume [L]        0.48501E+01  0.48501E+01
 In-flow  [L/T]      0.17956E-02  0.17956E-02
 h Mean   [L]       -0.10673E+01 -0.10673E+01
 Top Flux [L/T]     -0.90000E+00
 Bot Flux [L/T]     -0.89818E+00
 WatBalT  [L]       -0.17238E-03
 WatBalR  [%]              0.001
----------------------------------------------------------

----------------------------------------------------------
 Time       [T]        9.9000
----------------------------------------------------------
 Sub-region num.                     1
----------------------------------------------------------
 Length   [L]        0.20000E+02  0.20000E+02
 W-volume [L]        0.48503E+01  0.48503E+01
 In-flow  [L/T]      0.16699E-02  0.16699E-02
 h Mean   [L]       -0.10673E+01 -0.10673E+01
 Top Flux [L/T]     -0.90000E+00
 Bot Flux [L/T]     -0.89834E+00
 WatBalT  [L]       -0.17405E-03
 WatBalR  [%]              0.001
----------------------------------------------------------

----------------------------------------------------------
 Time       [T]       10.0000
----------------------------------------------------------
 Sub-region num.                     1
----------------------------------------------------------
 Length   [L]        0.20000E+02  0.20000E+02
 W-volume [L]        0.48504E+01  0.48504E+01
 In-flow  [L/T]      0.14752E-02  0.14752E-02
 h Mean   [L]       -0.10672E+01 -0.10672E+01
 Top Flux [L/T]     -0.90000E+00
 Bot Flux [L/T]     -0.89849E+00
 WatBalT  [L]       -0.17953E-03
 WatBalR  [%]              0.001
----------------------------------------------------------
 
 Calculation time [sec]   5.17000000178814     
