 ******* Program HYDRUS
 ******* 
 Welcome to HYDRUS-1D                                                    
 Date:   6.12.2021    Time:  11: 5:44
 Units: L = cm   , T = hours, M = mmol 
 
 CosAlf,MaxIt,TolTh,  TolH
 1.000   10   0.001 1.00000
 
 TopInF,BotInF,AtmBC,SinkF,WLayer,qGWLF,FreeD,SeepF,lWat,lChem,lTemp,lRoot,lWDep
     F     F     F     F     F     F     F     F     T     F     F     F     F

Nodal point information

node      x         hOld    MatN LayN  Beta      Ah       AK      ATh     Temp    Conc(1...NS)         Sorb(1...NS)

   1      0.000     -4.600    2    1   0.000    1.000    1.000    1.000
   2     -0.100     -4.600    2    1   0.000    1.000    1.000    1.000
   3     -0.200     -4.600    2    1   0.000    1.000    1.000    1.000
   4     -0.300     -4.600    2    1   0.000    1.000    1.000    1.000
   5     -0.400     -4.600    2    1   0.000    1.000    1.000    1.000
   6     -0.500     -4.600    2    1   0.000    1.000    1.000    1.000
   7     -0.600     -4.600    2    1   0.000    1.000    1.000    1.000
   8     -0.700     -4.600    2    1   0.000    1.000    1.000    1.000
   9     -0.800     -4.600    2    1   0.000    1.000    1.000    1.000
  10     -0.900     -4.600    2    1   0.000    1.000    1.000    1.000
  11     -1.000     -4.600    2    1   0.000    1.000    1.000    1.000
  12     -1.100     -4.600    2    1   0.000    1.000    1.000    1.000
  13     -1.200     -4.600    2    1   0.000    1.000    1.000    1.000
  14     -1.300     -4.600    2    1   0.000    1.000    1.000    1.000
  15     -1.400     -4.600    2    1   0.000    1.000    1.000    1.000
  16     -1.500     -4.600    2    1   0.000    1.000    1.000    1.000
  17     -1.600     -4.600    2    1   0.000    1.000    1.000    1.000
  18     -1.700     -4.600    2    1   0.000    1.000    1.000    1.000
  19     -1.800     -4.600    2    1   0.000    1.000    1.000    1.000
  20     -1.900     -4.600    2    1   0.000    1.000    1.000    1.000
  21     -2.000     -4.600    2    1   0.000    1.000    1.000    1.000
  22     -2.100     -4.600    2    1   0.000    1.000    1.000    1.000
  23     -2.200     -4.600    2    1   0.000    1.000    1.000    1.000
  24     -2.300     -4.600    2    1   0.000    1.000    1.000    1.000
  25     -2.400     -4.600    2    1   0.000    1.000    1.000    1.000
  26     -2.500     -4.600    2    1   0.000    1.000    1.000    1.000
  27     -2.600     -4.600    2    1   0.000    1.000    1.000    1.000
  28     -2.700     -4.600    2    1   0.000    1.000    1.000    1.000
  29     -2.800     -4.600    2    1   0.000    1.000    1.000    1.000
  30     -2.900     -4.600    2    1   0.000    1.000    1.000    1.000
  31     -3.000     -4.600    2    1   0.000    1.000    1.000    1.000
  32     -3.100     -4.600    2    1   0.000    1.000    1.000    1.000
  33     -3.200     -4.600    2    1   0.000    1.000    1.000    1.000
  34     -3.300     -4.590    2    1   0.000    1.000    1.000    1.000
  35     -3.400     -4.590    2    1   0.000    1.000    1.000    1.000
  36     -3.500     -4.590    2    1   0.000    1.000    1.000    1.000
  37     -3.600     -4.590    2    1   0.000    1.000    1.000    1.000
  38     -3.700     -4.590    2    1   0.000    1.000    1.000    1.000
  39     -3.800     -4.590    2    1   0.000    1.000    1.000    1.000
  40     -3.900     -4.590    2    1   0.000    1.000    1.000    1.000
  41     -4.000     -4.580    2    1   0.000    1.000    1.000    1.000
  42     -4.100     -4.580    2    1   0.000    1.000    1.000    1.000
  43     -4.200     -4.580    2    1   0.000    1.000    1.000    1.000
  44     -4.300     -4.580    2    1   0.000    1.000    1.000    1.000
  45     -4.400     -4.570    2    1   0.000    1.000    1.000    1.000
  46     -4.500     -4.570    2    1   0.000    1.000    1.000    1.000
  47     -4.600     -4.570    2    1   0.000    1.000    1.000    1.000
  48     -4.700     -4.560    2    1   0.000    1.000    1.000    1.000
  49     -4.800     -4.560    2    1   0.000    1.000    1.000    1.000
  50     -4.900     -4.550    2    1   0.000    1.000    1.000    1.000
  51     -5.000     -4.550    2    1   0.000    1.000    1.000    1.000
  52     -5.100     -4.540    2    1   0.000    1.000    1.000    1.000
  53     -5.200     -4.530    2    1   0.000    1.000    1.000    1.000
  54     -5.300     -4.530    2    1   0.000    1.000    1.000    1.000
  55     -5.400     -4.520    2    1   0.000    1.000    1.000    1.000
  56     -5.500     -4.510    2    1   0.000    1.000    1.000    1.000
  57     -5.600     -4.500    2    1   0.000    1.000    1.000    1.000
  58     -5.700     -4.490    2    1   0.000    1.000    1.000    1.000
  59     -5.800     -4.480    2    1   0.000    1.000    1.000    1.000
  60     -5.900     -4.470    2    1   0.000    1.000    1.000    1.000
  61     -6.000     -4.450    2    1   0.000    1.000    1.000    1.000
  62     -6.100     -4.440    2    1   0.000    1.000    1.000    1.000
  63     -6.200     -4.420    2    1   0.000    1.000    1.000    1.000
  64     -6.300     -4.400    2    1   0.000    1.000    1.000    1.000
  65     -6.400     -4.390    2    1   0.000    1.000    1.000    1.000
  66     -6.500     -4.360    2    1   0.000    1.000    1.000    1.000
  67     -6.600     -4.340    2    1   0.000    1.000    1.000    1.000
  68     -6.700     -4.320    2    1   0.000    1.000    1.000    1.000
  69     -6.800     -4.290    2    1   0.000    1.000    1.000    1.000
  70     -6.900     -4.260    2    1   0.000    1.000    1.000    1.000
  71     -7.000     -4.230    2    1   0.000    1.000    1.000    1.000
  72     -7.100     -4.200    2    1   0.000    1.000    1.000    1.000
  73     -7.200     -4.170    2    1   0.000    1.000    1.000    1.000
  74     -7.300     -4.130    2    1   0.000    1.000    1.000    1.000
  75     -7.400     -4.090    2    1   0.000    1.000    1.000    1.000
  76     -7.500     -4.050    2    1   0.000    1.000    1.000    1.000
  77     -7.600     -4.010    2    1   0.000    1.000    1.000    1.000
  78     -7.700     -3.960    2    1   0.000    1.000    1.000    1.000
  79     -7.800     -3.910    2    1   0.000    1.000    1.000    1.000
  80     -7.900     -3.860    2    1   0.000    1.000    1.000    1.000
  81     -8.000     -3.810    2    1   0.000    1.000    1.000    1.000
  82     -8.100     -3.750    2    1   0.000    1.000    1.000    1.000
  83     -8.200     -3.690    2    1   0.000    1.000    1.000    1.000
  84     -8.300     -3.630    2    1   0.000    1.000    1.000    1.000
  85     -8.400     -3.570    2    1   0.000    1.000    1.000    1.000
  86     -8.500     -3.500    2    1   0.000    1.000    1.000    1.000
  87     -8.600     -3.440    2    1   0.000    1.000    1.000    1.000
  88     -8.700     -3.370    2    1   0.000    1.000    1.000    1.000
  89     -8.800     -3.290    2    1   0.000    1.000    1.000    1.000
  90     -8.900     -3.220    2    1   0.000    1.000    1.000    1.000
  91     -9.000     -3.140    2    1   0.000    1.000    1.000    1.000
  92     -9.100     -3.070    2    1   0.000    1.000    1.000    1.000
  93     -9.200     -2.990    2    1   0.000    1.000    1.000    1.000
  94     -9.300     -2.910    2    1   0.000    1.000    1.000    1.000
  95     -9.400     -2.820    2    1   0.000    1.000    1.000    1.000
  96     -9.500     -2.740    2    1   0.000    1.000    1.000    1.000
  97     -9.600     -2.650    2    1   0.000    1.000    1.000    1.000
  98     -9.700     -2.570    2    1   0.000    1.000    1.000    1.000
  99     -9.800     -2.480    2    1   0.000    1.000    1.000    1.000
 100     -9.900     -2.390    2    1   0.000    1.000    1.000    1.000
 101    -10.000     -2.300    2    1   0.000    1.000    1.000    1.000
 102    -10.100     -2.300    1    1   0.000    1.000    1.000    1.000
 103    -10.200     -2.300    1    1   0.000    1.000    1.000    1.000
 104    -10.300     -2.300    1    1   0.000    1.000    1.000    1.000
 105    -10.400     -2.300    1    1   0.000    1.000    1.000    1.000
 106    -10.500     -2.300    1    1   0.000    1.000    1.000    1.000
 107    -10.600     -2.300    1    1   0.000    1.000    1.000    1.000
 108    -10.700     -2.300    1    1   0.000    1.000    1.000    1.000
 109    -10.800     -2.300    1    1   0.000    1.000    1.000    1.000
 110    -10.900     -2.300    1    1   0.000    1.000    1.000    1.000
 111    -11.000     -2.300    1    1   0.000    1.000    1.000    1.000
 112    -11.100     -2.300    1    1   0.000    1.000    1.000    1.000
 113    -11.200     -2.300    1    1   0.000    1.000    1.000    1.000
 114    -11.300     -2.300    1    1   0.000    1.000    1.000    1.000
 115    -11.400     -2.300    1    1   0.000    1.000    1.000    1.000
 116    -11.500     -2.300    1    1   0.000    1.000    1.000    1.000
 117    -11.600     -2.300    1    1   0.000    1.000    1.000    1.000
 118    -11.700     -2.300    1    1   0.000    1.000    1.000    1.000
 119    -11.800     -2.300    1    1   0.000    1.000    1.000    1.000
 120    -11.900     -2.300    1    1   0.000    1.000    1.000    1.000
 121    -12.000     -2.300    1    1   0.000    1.000    1.000    1.000
 122    -12.100     -2.300    1    1   0.000    1.000    1.000    1.000
 123    -12.200     -2.300    1    1   0.000    1.000    1.000    1.000
 124    -12.300     -2.300    1    1   0.000    1.000    1.000    1.000
 125    -12.400     -2.300    1    1   0.000    1.000    1.000    1.000
 126    -12.500     -2.300    1    1   0.000    1.000    1.000    1.000
 127    -12.600     -2.300    1    1   0.000    1.000    1.000    1.000
 128    -12.700     -2.300    1    1   0.000    1.000    1.000    1.000
 129    -12.800     -2.300    1    1   0.000    1.000    1.000    1.000
 130    -12.900     -2.300    1    1   0.000    1.000    1.000    1.000
 131    -13.000     -2.290    1    1   0.000    1.000    1.000    1.000
 132    -13.100     -2.290    1    1   0.000    1.000    1.000    1.000
 133    -13.200     -2.290    1    1   0.000    1.000    1.000    1.000
 134    -13.300     -2.290    1    1   0.000    1.000    1.000    1.000
 135    -13.400     -2.290    1    1   0.000    1.000    1.000    1.000
 136    -13.500     -2.290    1    1   0.000    1.000    1.000    1.000
 137    -13.600     -2.290    1    1   0.000    1.000    1.000    1.000
 138    -13.700     -2.290    1    1   0.000    1.000    1.000    1.000
 139    -13.800     -2.280    1    1   0.000    1.000    1.000    1.000
 140    -13.900     -2.280    1    1   0.000    1.000    1.000    1.000
 141    -14.000     -2.280    1    1   0.000    1.000    1.000    1.000
 142    -14.100     -2.280    1    1   0.000    1.000    1.000    1.000
 143    -14.200     -2.280    1    1   0.000    1.000    1.000    1.000
 144    -14.300     -2.270    1    1   0.000    1.000    1.000    1.000
 145    -14.400     -2.270    1    1   0.000    1.000    1.000    1.000
 146    -14.500     -2.270    1    1   0.000    1.000    1.000    1.000
 147    -14.600     -2.260    1    1   0.000    1.000    1.000    1.000
 148    -14.700     -2.260    1    1   0.000    1.000    1.000    1.000
 149    -14.800     -2.250    1    1   0.000    1.000    1.000    1.000
 150    -14.900     -2.250    1    1   0.000    1.000    1.000    1.000
 151    -15.000     -2.240    1    1   0.000    1.000    1.000    1.000
 152    -15.100     -2.240    1    1   0.000    1.000    1.000    1.000
 153    -15.200     -2.230    1    1   0.000    1.000    1.000    1.000
 154    -15.300     -2.220    1    1   0.000    1.000    1.000    1.000
 155    -15.400     -2.220    1    1   0.000    1.000    1.000    1.000
 156    -15.500     -2.210    1    1   0.000    1.000    1.000    1.000
 157    -15.600     -2.200    1    1   0.000    1.000    1.000    1.000
 158    -15.700     -2.190    1    1   0.000    1.000    1.000    1.000
 159    -15.800     -2.180    1    1   0.000    1.000    1.000    1.000
 160    -15.900     -2.160    1    1   0.000    1.000    1.000    1.000
 161    -16.000     -2.150    1    1   0.000    1.000    1.000    1.000
 162    -16.100     -2.140    1    1   0.000    1.000    1.000    1.000
 163    -16.200     -2.120    1    1   0.000    1.000    1.000    1.000
 164    -16.300     -2.100    1    1   0.000    1.000    1.000    1.000
 165    -16.400     -2.080    1    1   0.000    1.000    1.000    1.000
 166    -16.500     -2.060    1    1   0.000    1.000    1.000    1.000
 167    -16.600     -2.040    1    1   0.000    1.000    1.000    1.000
 168    -16.700     -2.020    1    1   0.000    1.000    1.000    1.000
 169    -16.800     -1.990    1    1   0.000    1.000    1.000    1.000
 170    -16.900     -1.960    1    1   0.000    1.000    1.000    1.000
 171    -17.000     -1.930    1    1   0.000    1.000    1.000    1.000
 172    -17.100     -1.900    1    1   0.000    1.000    1.000    1.000
 173    -17.200     -1.870    1    1   0.000    1.000    1.000    1.000
 174    -17.300     -1.830    1    1   0.000    1.000    1.000    1.000
 175    -17.400     -1.790    1    1   0.000    1.000    1.000    1.000
 176    -17.500     -1.750    1    1   0.000    1.000    1.000    1.000
 177    -17.600     -1.710    1    1   0.000    1.000    1.000    1.000
 178    -17.700     -1.660    1    1   0.000    1.000    1.000    1.000
 179    -17.800     -1.610    1    1   0.000    1.000    1.000    1.000
 180    -17.900     -1.560    1    1   0.000    1.000    1.000    1.000
 181    -18.000     -1.510    1    1   0.000    1.000    1.000    1.000
 182    -18.100     -1.450    1    1   0.000    1.000    1.000    1.000
 183    -18.200     -1.390    1    1   0.000    1.000    1.000    1.000
 184    -18.300     -1.330    1    1   0.000    1.000    1.000    1.000
 185    -18.400     -1.270    1    1   0.000    1.000    1.000    1.000
 186    -18.500     -1.200    1    1   0.000    1.000    1.000    1.000
 187    -18.600     -1.130    1    1   0.000    1.000    1.000    1.000
 188    -18.700     -1.060    1    1   0.000    1.000    1.000    1.000
 189    -18.800     -0.991    1    1   0.000    1.000    1.000    1.000
 190    -18.900     -0.917    1    1   0.000    1.000    1.000    1.000
 191    -19.000     -0.841    1    1   0.000    1.000    1.000    1.000
 192    -19.100     -0.764    1    1   0.000    1.000    1.000    1.000
 193    -19.200     -0.684    1    1   0.000    1.000    1.000    1.000
 194    -19.300     -0.603    1    1   0.000    1.000    1.000    1.000
 195    -19.400     -0.521    1    1   0.000    1.000    1.000    1.000
 196    -19.500     -0.437    1    1   0.000    1.000    1.000    1.000
 197    -19.600     -0.352    1    1   0.000    1.000    1.000    1.000
 198    -19.700     -0.266    1    1   0.000    1.000    1.000    1.000
 199    -19.800     -0.178    1    1   0.000    1.000    1.000    1.000
 200    -19.900     -0.090    1    1   0.000    1.000    1.000    1.000
 201    -20.000      0.000    1    1   0.000    1.000    1.000    1.000
end

 Number of species in the chain :   0


MatNum, Param. array:

   Mat     Qr     Qs        Ks

    1    0.060  0.400   0.100E+01
    2    0.060  0.400   0.100E+02

       Hydraulic Properties which are interpolated from input tables in simulation
       ===========================================================================

  theta         h        log h        C             K        log K          S          Kv
 
  0.4000  -0.100E-05 -0.6000E+01  0.0000E+00  0.1000E+01  0.0000E+00    1.0000
  0.4000  -0.120E-05 -0.5921E+01  0.0000E+00  0.1000E+01  0.0000E+00    1.0000
  0.4000  -0.145E-05 -0.5839E+01  0.0000E+00  0.1000E+01  0.0000E+00    1.0000
  0.4000  -0.175E-05 -0.5757E+01  0.0000E+00  0.1000E+01  0.0000E+00    1.0000
  0.4000  -0.210E-05 -0.5678E+01  0.0000E+00  0.1000E+01  0.0000E+00    1.0000
  0.4000  -0.254E-05 -0.5595E+01  0.0000E+00  0.1000E+01  0.0000E+00    1.0000
  0.4000  -0.305E-05 -0.5516E+01  0.0000E+00  0.1000E+01  0.0000E+00    1.0000
  0.4000  -0.368E-05 -0.5434E+01  0.0000E+00  0.1000E+01  0.0000E+00    1.0000
  0.4000  -0.443E-05 -0.5354E+01  0.0000E+00  0.1000E+01  0.0000E+00    1.0000
  0.4000  -0.534E-05 -0.5272E+01  0.0000E+00  0.1000E+01  0.0000E+00    1.0000
  0.4000  -0.643E-05 -0.5192E+01  0.0000E+00  0.1000E+01  0.0000E+00    1.0000
  0.4000  -0.774E-05 -0.5111E+01  0.0000E+00  0.1000E+01  0.0000E+00    1.0000
  0.4000  -0.933E-05 -0.5030E+01  0.0000E+00  0.1000E+01  0.0000E+00    1.0000
  0.4000  -0.112E-04 -0.4951E+01  0.0000E+00  0.1000E+01  0.0000E+00    1.0000
  0.4000  -0.135E-04 -0.4870E+01  0.0000E+00  0.1000E+01  0.0000E+00    1.0000
  0.4000  -0.163E-04 -0.4788E+01  0.0000E+00  0.1000E+01  0.0000E+00    1.0000
  0.4000  -0.196E-04 -0.4708E+01  0.0000E+00  0.1000E+01  0.0000E+00    1.0000
  0.4000  -0.236E-04 -0.4627E+01  0.0000E+00  0.1000E+01  0.0000E+00    1.0000
  0.4000  -0.285E-04 -0.4545E+01  0.0000E+00  0.1000E+01  0.0000E+00    1.0000
  0.4000  -0.343E-04 -0.4465E+01  0.0000E+00  0.1000E+01  0.0000E+00    1.0000
  0.4000  -0.413E-04 -0.4384E+01  0.0000E+00  0.1000E+01  0.0000E+00    1.0000
  0.4000  -0.498E-04 -0.4303E+01  0.0000E+00  0.1000E+01  0.0000E+00    1.0000
  0.4000  -0.599E-04 -0.4223E+01  0.0000E+00  0.1000E+01  0.0000E+00    1.0000
  0.4000  -0.722E-04 -0.4141E+01  0.0000E+00  0.1000E+01  0.0000E+00    1.0000
  0.4000  -0.870E-04 -0.4060E+01  0.0000E+00  0.1000E+01  0.0000E+00    1.0000
  0.4000  -0.105E-03 -0.3979E+01  0.0000E+00  0.1000E+01  0.0000E+00    1.0000
  0.4000  -0.126E-03 -0.3900E+01  0.0000E+00  0.1000E+01  0.0000E+00    1.0000
  0.4000  -0.152E-03 -0.3818E+01  0.0000E+00  0.1000E+01  0.0000E+00    1.0000
  0.4000  -0.183E-03 -0.3738E+01  0.0000E+00  0.1000E+01  0.0000E+00    1.0000
  0.4000  -0.221E-03 -0.3656E+01  0.0000E+00  0.1000E+01  0.0000E+00    1.0000
  0.4000  -0.266E-03 -0.3575E+01  0.0000E+00  0.1000E+01  0.0000E+00    1.0000
  0.4000  -0.320E-03 -0.3495E+01  0.0000E+00  0.1000E+01  0.0000E+00    1.0000
  0.4000  -0.385E-03 -0.3415E+01  0.0000E+00  0.1000E+01  0.0000E+00    1.0000
  0.4000  -0.464E-03 -0.3333E+01  0.0000E+00  0.1000E+01  0.0000E+00    1.0000
  0.4000  -0.559E-03 -0.3253E+01  0.0000E+00  0.9990E+00 -0.4345E-03    1.0000
  0.4000  -0.673E-03 -0.3172E+01  0.0000E+00  0.9990E+00 -0.4345E-03    1.0000
  0.4000  -0.811E-03 -0.3091E+01  0.0000E+00  0.9990E+00 -0.4345E-03    1.0000
  0.4000  -0.977E-03 -0.3010E+01  0.0000E+00  0.9990E+00 -0.4345E-03    1.0000
  0.4000  -0.118E-02 -0.2928E+01  0.0000E+00  0.9990E+00 -0.4345E-03    1.0000
  0.4000  -0.142E-02 -0.2848E+01  0.1887E+01  0.9990E+00 -0.4345E-03    1.0000
  0.3990  -0.171E-02 -0.2767E+01  0.1563E+01  0.9980E+00 -0.8694E-03    0.9971
  0.3990  -0.206E-02 -0.2686E+01  0.0000E+00  0.9980E+00 -0.8694E-03    0.9971
  0.3990  -0.248E-02 -0.2606E+01  0.0000E+00  0.9980E+00 -0.8694E-03    0.9971
  0.3990  -0.298E-02 -0.2526E+01  0.0000E+00  0.9970E+00 -0.1305E-02    0.9971
  0.3990  -0.359E-02 -0.2445E+01  0.0000E+00  0.9960E+00 -0.1741E-02    0.9971
  0.3990  -0.433E-02 -0.2364E+01  0.6173E+00  0.9960E+00 -0.1741E-02    0.9971
  0.3980  -0.521E-02 -0.2283E+01  0.5128E+00  0.9950E+00 -0.2177E-02    0.9941
  0.3980  -0.628E-02 -0.2202E+01  0.4255E+00  0.9940E+00 -0.2614E-02    0.9941
  0.3970  -0.756E-02 -0.2121E+01  0.3534E+00  0.9920E+00 -0.3488E-02    0.9912
  0.3970  -0.911E-02 -0.2040E+01  0.2907E+00  0.9910E+00 -0.3926E-02    0.9912
  0.3960  -0.110E-01 -0.1959E+01  0.2445E+00  0.9890E+00 -0.4804E-02    0.9882
  0.3960  -0.132E-01 -0.1879E+01  0.2041E+00  0.9870E+00 -0.5683E-02    0.9882
  0.3950  -0.159E-01 -0.1799E+01  0.3333E+00  0.9840E+00 -0.7005E-02    0.9853
  0.3940  -0.192E-01 -0.1717E+01  0.4167E+00  0.9810E+00 -0.8331E-02    0.9824
  0.3920  -0.231E-01 -0.1636E+01  0.3488E+00  0.9770E+00 -0.1011E-01    0.9765
  0.3910  -0.278E-01 -0.1556E+01  0.2885E+00  0.9730E+00 -0.1189E-01    0.9735
  0.3890  -0.335E-01 -0.1475E+01  0.3175E+00  0.9670E+00 -0.1457E-01    0.9676
  0.3870  -0.404E-01 -0.1394E+01  0.3311E+00  0.9600E+00 -0.1773E-01    0.9618
  0.3840  -0.486E-01 -0.1313E+01  0.3297E+00  0.9530E+00 -0.2091E-01    0.9529
  0.3810  -0.586E-01 -0.1232E+01  0.3196E+00  0.9430E+00 -0.2549E-01    0.9441
  0.3770  -0.705E-01 -0.1152E+01  0.3409E+00  0.9320E+00 -0.3058E-01    0.9324
  0.3720  -0.850E-01 -0.1071E+01  0.3175E+00  0.9190E+00 -0.3668E-01    0.9176
  0.3670  -0.102E+00 -0.9914E+00  0.2895E+00  0.9030E+00 -0.4431E-01    0.9029
  0.3610  -0.123E+00 -0.9101E+00  0.3043E+00  0.8840E+00 -0.5355E-01    0.8853
  0.3530  -0.148E+00 -0.8297E+00  0.3036E+00  0.8620E+00 -0.6449E-01    0.8618
  0.3440  -0.179E+00 -0.7471E+00  0.2836E+00  0.8360E+00 -0.7779E-01    0.8353
  0.3340  -0.215E+00 -0.6676E+00  0.2716E+00  0.8060E+00 -0.9366E-01    0.8059
  0.3220  -0.260E+00 -0.5850E+00  0.2551E+00  0.7710E+00 -0.1129E+00    0.7706
  0.3090  -0.313E+00 -0.5045E+00  0.2500E+00  0.7320E+00 -0.1355E+00    0.7324
  0.2930  -0.376E+00 -0.4248E+00  0.2357E+00  0.6860E+00 -0.1637E+00    0.6853
  0.2760  -0.453E+00 -0.3439E+00  0.2118E+00  0.6350E+00 -0.1972E+00    0.6353
  0.2570  -0.546E+00 -0.2628E+00  0.1951E+00  0.5790E+00 -0.2373E+00    0.5794
  0.2360  -0.658E+00 -0.1818E+00  0.1748E+00  0.5180E+00 -0.2857E+00    0.5176
  0.2140  -0.792E+00 -0.1013E+00  0.1515E+00  0.4530E+00 -0.3439E+00    0.4529
  0.1910  -0.955E+00 -0.2000E-01  0.1285E+00  0.3850E+00 -0.4145E+00    0.3853
  0.1680  -0.115E+01  0.6070E-01  0.1082E+00  0.3170E+00 -0.4989E+00    0.3176
  0.1450  -0.138E+01  0.1399E+00  0.8462E-01  0.2500E+00 -0.6021E+00    0.2500
  0.1240  -0.167E+01  0.2227E+00  0.6190E-01  0.1890E+00 -0.7235E+00    0.1882
  0.1060  -0.201E+01  0.3032E+00  0.4507E-01  0.1340E+00 -0.8729E+00    0.1353
  0.0902  -0.242E+01  0.3838E+00  0.3033E-01  0.8890E-01 -0.1051E+01    0.0888
  0.0784  -0.292E+01  0.4654E+00  0.1835E-01  0.5420E-01 -0.1266E+01    0.0541
  0.0702  -0.351E+01  0.5453E+00  0.1023E-01  0.2990E-01 -0.1524E+01    0.0300
  0.0650  -0.423E+01  0.6263E+00  0.5127E-02  0.1460E-01 -0.1836E+01    0.0147
  0.0621  -0.509E+01  0.7067E+00  0.2251E-02  0.6130E-02 -0.2213E+01    0.0062
  0.0607  -0.614E+01  0.7882E+00  0.8261E-03  0.2160E-02 -0.2666E+01    0.0021
  0.0602  -0.739E+01  0.8686E+00  0.2536E-03  0.6170E-03 -0.3210E+01    0.0006
  0.0600  -0.890E+01  0.9494E+00  0.6042E-04  0.1360E-03 -0.3866E+01    0.0000
  0.0600  -0.107E+02  0.1029E+01  0.0000E+00  0.2200E-04 -0.4658E+01    0.0000
  0.0600  -0.129E+02  0.1111E+01  0.0000E+00  0.2460E-05 -0.5609E+01    0.0000
  0.0600  -0.156E+02  0.1193E+01  0.0000E+00  0.1750E-06 -0.6757E+01    0.0000
  0.0600  -0.187E+02  0.1272E+01  0.0000E+00  0.7280E-08 -0.8138E+01    0.0000
  0.0600  -0.226E+02  0.1354E+01  0.0000E+00  0.1580E-09 -0.9801E+01    0.0000
  0.0600  -0.272E+02  0.1435E+01  0.0000E+00  0.1560E-11 -0.1181E+02    0.0000
  0.0600  -0.327E+02  0.1515E+01  0.0000E+00  0.6010E-14 -0.1422E+02    0.0000
  0.0600  -0.394E+02  0.1595E+01  0.0000E+00  0.7420E-17 -0.1713E+02    0.0000
  0.0600  -0.475E+02  0.1677E+01  0.0000E+00  0.2330E-20 -0.2063E+02    0.0000
  0.0600  -0.572E+02  0.1757E+01  0.0000E+00  0.1410E-24 -0.2485E+02    0.0000
  0.0600  -0.689E+02  0.1838E+01  0.0000E+00  0.1160E-29 -0.2994E+02    0.0000
  0.0600  -0.830E+02  0.1919E+01  0.0000E+00  0.8790E-36 -0.3606E+02    0.0000
  0.0600  -0.100E+03  0.2000E+01  0.0000E+00  0.3784E-43 -Infinity      0.0000
end
 
  0.4000  -0.100E-05 -0.6000E+01  0.0000E+00  0.1000E+02  0.1000E+01    1.0000
  0.4000  -0.120E-05 -0.5921E+01  0.0000E+00  0.1000E+02  0.1000E+01    1.0000
  0.4000  -0.145E-05 -0.5839E+01  0.0000E+00  0.1000E+02  0.1000E+01    1.0000
  0.4000  -0.175E-05 -0.5757E+01  0.0000E+00  0.1000E+02  0.1000E+01    1.0000
  0.4000  -0.210E-05 -0.5678E+01  0.0000E+00  0.1000E+02  0.1000E+01    1.0000
  0.4000  -0.254E-05 -0.5595E+01  0.0000E+00  0.1000E+02  0.1000E+01    1.0000
  0.4000  -0.305E-05 -0.5516E+01  0.0000E+00  0.1000E+02  0.1000E+01    1.0000
  0.4000  -0.368E-05 -0.5434E+01  0.0000E+00  0.1000E+02  0.1000E+01    1.0000
  0.4000  -0.443E-05 -0.5354E+01  0.0000E+00  0.1000E+02  0.1000E+01    1.0000
  0.4000  -0.534E-05 -0.5272E+01  0.0000E+00  0.1000E+02  0.1000E+01    1.0000
  0.4000  -0.643E-05 -0.5192E+01  0.0000E+00  0.1000E+02  0.1000E+01    1.0000
  0.4000  -0.774E-05 -0.5111E+01  0.0000E+00  0.1000E+02  0.1000E+01    1.0000
  0.4000  -0.933E-05 -0.5030E+01  0.0000E+00  0.1000E+02  0.1000E+01    1.0000
  0.4000  -0.112E-04 -0.4951E+01  0.0000E+00  0.1000E+02  0.1000E+01    1.0000
  0.4000  -0.135E-04 -0.4870E+01  0.0000E+00  0.1000E+02  0.1000E+01    1.0000
  0.4000  -0.163E-04 -0.4788E+01  0.0000E+00  0.1000E+02  0.1000E+01    1.0000
  0.4000  -0.196E-04 -0.4708E+01  0.0000E+00  0.1000E+02  0.1000E+01    1.0000
  0.4000  -0.236E-04 -0.4627E+01  0.0000E+00  0.1000E+02  0.1000E+01    1.0000
  0.4000  -0.285E-04 -0.4545E+01  0.0000E+00  0.1000E+02  0.1000E+01    1.0000
  0.4000  -0.343E-04 -0.4465E+01  0.0000E+00  0.1000E+02  0.1000E+01    1.0000
  0.4000  -0.413E-04 -0.4384E+01  0.0000E+00  0.1000E+02  0.1000E+01    1.0000
  0.4000  -0.498E-04 -0.4303E+01  0.0000E+00  0.1000E+02  0.1000E+01    1.0000
  0.4000  -0.599E-04 -0.4223E+01  0.0000E+00  0.1000E+02  0.1000E+01    1.0000
  0.4000  -0.722E-04 -0.4141E+01  0.0000E+00  0.1000E+02  0.1000E+01    1.0000
  0.4000  -0.870E-04 -0.4060E+01  0.0000E+00  0.1000E+02  0.1000E+01    1.0000
  0.4000  -0.105E-03 -0.3979E+01  0.0000E+00  0.1000E+02  0.1000E+01    1.0000
  0.4000  -0.126E-03 -0.3900E+01  0.0000E+00  0.1000E+02  0.1000E+01    1.0000
  0.4000  -0.152E-03 -0.3818E+01  0.0000E+00  0.1000E+02  0.1000E+01    1.0000
  0.4000  -0.183E-03 -0.3738E+01  0.0000E+00  0.1000E+02  0.1000E+01    1.0000
  0.4000  -0.221E-03 -0.3656E+01  0.0000E+00  0.1000E+02  0.1000E+01    1.0000
  0.4000  -0.266E-03 -0.3575E+01  0.0000E+00  0.1000E+02  0.1000E+01    1.0000
  0.4000  -0.320E-03 -0.3495E+01  0.0000E+00  0.1000E+02  0.1000E+01    1.0000
  0.4000  -0.385E-03 -0.3415E+01  0.0000E+00  0.1000E+02  0.1000E+01    1.0000
  0.4000  -0.464E-03 -0.3333E+01  0.0000E+00  0.1000E+02  0.1000E+01    1.0000
  0.4000  -0.559E-03 -0.3253E+01  0.0000E+00  0.9990E+01  0.9996E+00    1.0000
  0.4000  -0.673E-03 -0.3172E+01  0.0000E+00  0.9990E+01  0.9996E+00    1.0000
  0.4000  -0.811E-03 -0.3091E+01  0.0000E+00  0.9990E+01  0.9996E+00    1.0000
  0.4000  -0.977E-03 -0.3010E+01  0.0000E+00  0.9990E+01  0.9996E+00    1.0000
  0.4000  -0.118E-02 -0.2928E+01  0.0000E+00  0.9990E+01  0.9996E+00    1.0000
  0.4000  -0.142E-02 -0.2848E+01  0.1887E+01  0.9990E+01  0.9996E+00    1.0000
  0.3990  -0.171E-02 -0.2767E+01  0.1563E+01  0.9980E+01  0.9991E+00    0.9971
  0.3990  -0.206E-02 -0.2686E+01  0.0000E+00  0.9980E+01  0.9991E+00    0.9971
  0.3990  -0.248E-02 -0.2606E+01  0.0000E+00  0.9980E+01  0.9991E+00    0.9971
  0.3990  -0.298E-02 -0.2526E+01  0.0000E+00  0.9970E+01  0.9987E+00    0.9971
  0.3990  -0.359E-02 -0.2445E+01  0.0000E+00  0.9960E+01  0.9983E+00    0.9971
  0.3990  -0.433E-02 -0.2364E+01  0.6173E+00  0.9960E+01  0.9983E+00    0.9971
  0.3980  -0.521E-02 -0.2283E+01  0.5128E+00  0.9950E+01  0.9978E+00    0.9941
  0.3980  -0.628E-02 -0.2202E+01  0.4255E+00  0.9940E+01  0.9974E+00    0.9941
  0.3970  -0.756E-02 -0.2121E+01  0.3534E+00  0.9920E+01  0.9965E+00    0.9912
  0.3970  -0.911E-02 -0.2040E+01  0.2907E+00  0.9910E+01  0.9961E+00    0.9912
  0.3960  -0.110E-01 -0.1959E+01  0.2445E+00  0.9890E+01  0.9952E+00    0.9882
  0.3960  -0.132E-01 -0.1879E+01  0.2041E+00  0.9870E+01  0.9943E+00    0.9882
  0.3950  -0.159E-01 -0.1799E+01  0.3333E+00  0.9840E+01  0.9930E+00    0.9853
  0.3940  -0.192E-01 -0.1717E+01  0.4167E+00  0.9810E+01  0.9917E+00    0.9824
  0.3920  -0.231E-01 -0.1636E+01  0.3488E+00  0.9770E+01  0.9899E+00    0.9765
  0.3910  -0.278E-01 -0.1556E+01  0.2885E+00  0.9730E+01  0.9881E+00    0.9735
  0.3890  -0.335E-01 -0.1475E+01  0.3175E+00  0.9670E+01  0.9854E+00    0.9676
  0.3870  -0.404E-01 -0.1394E+01  0.3311E+00  0.9600E+01  0.9823E+00    0.9618
  0.3840  -0.486E-01 -0.1313E+01  0.3297E+00  0.9530E+01  0.9791E+00    0.9529
  0.3810  -0.586E-01 -0.1232E+01  0.3196E+00  0.9430E+01  0.9745E+00    0.9441
  0.3770  -0.705E-01 -0.1152E+01  0.3409E+00  0.9320E+01  0.9694E+00    0.9324
  0.3720  -0.850E-01 -0.1071E+01  0.3175E+00  0.9190E+01  0.9633E+00    0.9176
  0.3670  -0.102E+00 -0.9914E+00  0.2895E+00  0.9030E+01  0.9557E+00    0.9029
  0.3610  -0.123E+00 -0.9101E+00  0.3043E+00  0.8840E+01  0.9465E+00    0.8853
  0.3530  -0.148E+00 -0.8297E+00  0.3036E+00  0.8620E+01  0.9355E+00    0.8618
  0.3440  -0.179E+00 -0.7471E+00  0.2836E+00  0.8360E+01  0.9222E+00    0.8353
  0.3340  -0.215E+00 -0.6676E+00  0.2716E+00  0.8060E+01  0.9063E+00    0.8059
  0.3220  -0.260E+00 -0.5850E+00  0.2551E+00  0.7710E+01  0.8871E+00    0.7706
  0.3090  -0.313E+00 -0.5045E+00  0.2500E+00  0.7320E+01  0.8645E+00    0.7324
  0.2930  -0.376E+00 -0.4248E+00  0.2357E+00  0.6860E+01  0.8363E+00    0.6853
  0.2760  -0.453E+00 -0.3439E+00  0.2118E+00  0.6350E+01  0.8028E+00    0.6353
  0.2570  -0.546E+00 -0.2628E+00  0.1951E+00  0.5790E+01  0.7627E+00    0.5794
  0.2360  -0.658E+00 -0.1818E+00  0.1748E+00  0.5180E+01  0.7143E+00    0.5176
  0.2140  -0.792E+00 -0.1013E+00  0.1515E+00  0.4530E+01  0.6561E+00    0.4529
  0.1910  -0.955E+00 -0.2000E-01  0.1285E+00  0.3850E+01  0.5855E+00    0.3853
  0.1680  -0.115E+01  0.6070E-01  0.1082E+00  0.3170E+01  0.5011E+00    0.3176
  0.1450  -0.138E+01  0.1399E+00  0.8462E-01  0.2500E+01  0.3979E+00    0.2500
  0.1240  -0.167E+01  0.2227E+00  0.6190E-01  0.1890E+01  0.2765E+00    0.1882
  0.1060  -0.201E+01  0.3032E+00  0.4507E-01  0.1340E+01  0.1271E+00    0.1353
  0.0902  -0.242E+01  0.3838E+00  0.3033E-01  0.8890E+00 -0.5110E-01    0.0888
  0.0784  -0.292E+01  0.4654E+00  0.1835E-01  0.5420E+00 -0.2660E+00    0.0541
  0.0702  -0.351E+01  0.5453E+00  0.1023E-01  0.2990E+00 -0.5243E+00    0.0300
  0.0650  -0.423E+01  0.6263E+00  0.5127E-02  0.1460E+00 -0.8356E+00    0.0147
  0.0621  -0.509E+01  0.7067E+00  0.2251E-02  0.6130E-01 -0.1213E+01    0.0062
  0.0607  -0.614E+01  0.7882E+00  0.8261E-03  0.2160E-01 -0.1666E+01    0.0021
  0.0602  -0.739E+01  0.8686E+00  0.2536E-03  0.6170E-02 -0.2210E+01    0.0006
  0.0600  -0.890E+01  0.9494E+00  0.6042E-04  0.1360E-02 -0.2866E+01    0.0000
  0.0600  -0.107E+02  0.1029E+01  0.0000E+00  0.2200E-03 -0.3658E+01    0.0000
  0.0600  -0.129E+02  0.1111E+01  0.0000E+00  0.2460E-04 -0.4609E+01    0.0000
  0.0600  -0.156E+02  0.1193E+01  0.0000E+00  0.1750E-05 -0.5757E+01    0.0000
  0.0600  -0.187E+02  0.1272E+01  0.0000E+00  0.7280E-07 -0.7138E+01    0.0000
  0.0600  -0.226E+02  0.1354E+01  0.0000E+00  0.1580E-08 -0.8801E+01    0.0000
  0.0600  -0.272E+02  0.1435E+01  0.0000E+00  0.1560E-10 -0.1081E+02    0.0000
  0.0600  -0.327E+02  0.1515E+01  0.0000E+00  0.6010E-13 -0.1322E+02    0.0000
  0.0600  -0.394E+02  0.1595E+01  0.0000E+00  0.7420E-16 -0.1613E+02    0.0000
  0.0600  -0.475E+02  0.1677E+01  0.0000E+00  0.2330E-19 -0.1963E+02    0.0000
  0.0600  -0.572E+02  0.1757E+01  0.0000E+00  0.1410E-23 -0.2385E+02    0.0000
  0.0600  -0.689E+02  0.1838E+01  0.0000E+00  0.1160E-28 -0.2894E+02    0.0000
  0.0600  -0.830E+02  0.1919E+01  0.0000E+00  0.8790E-35 -0.3506E+02    0.0000
  0.0600  -0.100E+03  0.2000E+01  0.0000E+00  0.3713E-42 -Infinity      0.0000
end
